<?xml version="1.0" encoding="utf-8"?><testsuites name="pytest tests"><testsuite name="pytest" errors="0" failures="0" skipped="0" tests="9" time="7.773" timestamp="2026-01-21T14:44:25.035018+00:00" hostname="agent-env-a29c9a8b-c952-4576-9760-b6839a07c403"><testcase classname="tests.test_iteration20_zip_upload_email.TestAuthentication" name="test_client_login" time="0.303" /><testcase classname="tests.test_iteration20_zip_upload_email.TestAuthentication" name="test_admin_login" time="0.256" /><testcase classname="tests.test_iteration20_zip_upload_email.TestPlanFeatures" name="test_plan_features_returns_zip_upload_false_for_plan_1" time="0.291" /><testcase classname="tests.test_iteration20_zip_upload_email.TestZipUploadPlanGating" name="test_zip_upload_returns_403_for_plan_1" time="0.303" /><testcase classname="tests.test_iteration20_zip_upload_email.TestZipUploadPlanGating" name="test_zip_upload_validates_zip_extension" time="0.306" /><testcase classname="tests.test_iteration20_zip_upload_email.TestApplyExtractionEmail" name="test_apply_extraction_attempts_email_notification" time="0.368" /><testcase classname="tests.test_iteration20_zip_upload_email.TestBulkUploadEndpoint" name="test_bulk_upload_available_for_plan_1" time="5.295" /><testcase classname="tests.test_iteration20_zip_upload_email.TestMessageLogs" name="test_email_logs_exist" time="0.328" /><testcase classname="tests.test_iteration20_zip_upload_email.TestAIExtractionAuditLog" name="test_ai_extraction_applied_audit_log" time="0.305" /></testsuite></testsuites>