<?xml version="1.0" encoding="utf-8"?><testsuites name="pytest tests"><testsuite name="pytest" errors="0" failures="0" skipped="0" tests="24" time="6.858" timestamp="2026-01-22T14:13:49.528749+00:00" hostname="agent-env-a65a036d-2097-4c9c-b911-4363d70bbc74"><testcase classname="tests.test_iteration32_document_review.TestDocumentReviewSystem" name="test_01_create_test_order" time="0.293" /><testcase classname="tests.test_iteration32_document_review.TestDocumentReviewSystem" name="test_02_verify_test_order_in_internal_review" time="0.270" /><testcase classname="tests.test_iteration32_document_review.TestDocumentReviewSystem" name="test_03_generate_documents" time="0.271" /><testcase classname="tests.test_iteration32_document_review.TestDocumentReviewSystem" name="test_04_get_document_versions" time="0.311" /><testcase classname="tests.test_iteration32_document_review.TestDocumentReviewSystem" name="test_05_request_regeneration_requires_reason" time="0.308" /><testcase classname="tests.test_iteration32_document_review.TestDocumentReviewSystem" name="test_06_request_regeneration_success" time="0.274" /><testcase classname="tests.test_iteration32_document_review.TestDocumentReviewSystem" name="test_07_transition_back_to_internal_review" time="0.282" /><testcase classname="tests.test_iteration32_document_review.TestDocumentReviewSystem" name="test_08_request_info_requires_notes" time="0.276" /><testcase classname="tests.test_iteration32_document_review.TestDocumentReviewSystem" name="test_09_request_info_success" time="0.270" /><testcase classname="tests.test_iteration32_document_review.TestDocumentReviewSystem" name="test_10_verify_sla_paused" time="0.273" /><testcase classname="tests.test_iteration32_document_review.TestDocumentReviewSystem" name="test_11_create_new_order_for_approval" time="0.302" /><testcase classname="tests.test_iteration32_document_review.TestDocumentReviewSystem" name="test_12_generate_documents_for_approval" time="0.314" /><testcase classname="tests.test_iteration32_document_review.TestDocumentReviewSystem" name="test_13_approve_order_locks_version" time="0.270" /><testcase classname="tests.test_iteration32_document_review.TestDocumentReviewSystem" name="test_14_version_lock_prevents_regeneration" time="0.270" /><testcase classname="tests.test_iteration32_document_review.TestDocumentReviewSystem" name="test_15_double_approval_prevented" time="0.268" /><testcase classname="tests.test_iteration32_document_review.TestDocumentReviewSystem" name="test_16_get_notification_preferences" time="0.350" /><testcase classname="tests.test_iteration32_document_review.TestDocumentReviewSystem" name="test_17_update_notification_preferences" time="0.309" /><testcase classname="tests.test_iteration32_document_review.TestDocumentReviewSystem" name="test_18_get_notifications_list" time="0.273" /><testcase classname="tests.test_iteration32_document_review.TestDocumentReviewSystem" name="test_19_get_unread_count" time="0.288" /><testcase classname="tests.test_iteration32_document_review.TestDocumentReviewSystem" name="test_20_get_order_detail_with_timeline" time="0.267" /><testcase classname="tests.test_iteration32_document_review.TestDocumentReviewSystem" name="test_21_get_order_timeline_only" time="0.272" /><testcase classname="tests.test_iteration32_document_review.TestDocumentReviewSystem" name="test_22_get_pipeline_view" time="0.275" /><testcase classname="tests.test_iteration32_document_review.TestDocumentReviewSystem" name="test_23_get_pipeline_counts" time="0.269" /><testcase classname="tests.test_iteration32_document_review.TestDocumentReviewSystem" name="test_99_cleanup_test_orders" time="0.278" /></testsuite></testsuites>