<?xml version="1.0" encoding="utf-8"?><testsuites name="pytest tests"><testsuite name="pytest" errors="0" failures="0" skipped="0" tests="32" time="9.180" timestamp="2026-01-19T22:44:08.242424+00:00" hostname="agent-env-d321fad6-2729-43cf-9821-b9f65fff390e"><testcase classname="tests.test_admin_endpoints.TestHealthCheck" name="test_health_endpoint" time="0.062" /><testcase classname="tests.test_admin_endpoints.TestAdminAuthentication" name="test_admin_login_success" time="0.266" /><testcase classname="tests.test_admin_endpoints.TestAdminAuthentication" name="test_admin_login_invalid_password" time="0.267" /><testcase classname="tests.test_admin_endpoints.TestAdminAuthentication" name="test_admin_login_invalid_email" time="0.041" /><testcase classname="tests.test_admin_endpoints.TestAdminDashboard" name="test_dashboard_with_auth" time="0.313" /><testcase classname="tests.test_admin_endpoints.TestAdminDashboard" name="test_dashboard_without_auth" time="0.302" /><testcase classname="tests.test_admin_endpoints.TestAdminClients" name="test_get_clients_list" time="0.300" /><testcase classname="tests.test_admin_endpoints.TestAdminClients" name="test_get_clients_with_pagination" time="0.307" /><testcase classname="tests.test_admin_endpoints.TestAdminClients" name="test_get_clients_without_auth" time="0.308" /><testcase classname="tests.test_admin_endpoints.TestAdminAuditLogs" name="test_get_audit_logs" time="0.308" /><testcase classname="tests.test_admin_endpoints.TestAdminAuditLogs" name="test_get_audit_logs_with_filters" time="0.306" /><testcase classname="tests.test_admin_endpoints.TestAdminAuditLogs" name="test_get_audit_logs_without_auth" time="0.300" /><testcase classname="tests.test_admin_endpoints.TestAdminJobsStatus" name="test_get_jobs_status" time="0.300" /><testcase classname="tests.test_admin_endpoints.TestAdminJobsStatus" name="test_get_jobs_status_without_auth" time="0.298" /><testcase classname="tests.test_admin_endpoints.TestAdminJobTrigger" name="test_trigger_daily_job" time="0.362" /><testcase classname="tests.test_admin_endpoints.TestAdminJobTrigger" name="test_trigger_monthly_job" time="0.313" /><testcase classname="tests.test_admin_endpoints.TestAdminJobTrigger" name="test_trigger_invalid_job_type" time="0.300" /><testcase classname="tests.test_admin_endpoints.TestAdminJobTrigger" name="test_trigger_job_without_auth" time="0.297" /><testcase classname="tests.test_admin_endpoints.TestAdminClientInvite" name="test_invite_client_success" time="0.323" /><testcase classname="tests.test_admin_endpoints.TestAdminClientInvite" name="test_invite_duplicate_email" time="0.338" /><testcase classname="tests.test_admin_endpoints.TestAdminClientInvite" name="test_invite_client_without_auth" time="0.301" /><testcase classname="tests.test_admin_endpoints.TestRootEndpoint" name="test_root_endpoint" time="0.037" /><testcase classname="tests.test_statistics_endpoint.TestStatisticsEndpoint" name="test_statistics_endpoint_returns_200" time="0.310" /><testcase classname="tests.test_statistics_endpoint.TestStatisticsEndpoint" name="test_statistics_response_structure" time="0.313" /><testcase classname="tests.test_statistics_endpoint.TestStatisticsEndpoint" name="test_statistics_clients_data" time="0.353" /><testcase classname="tests.test_statistics_endpoint.TestStatisticsEndpoint" name="test_statistics_properties_data" time="0.308" /><testcase classname="tests.test_statistics_endpoint.TestStatisticsEndpoint" name="test_statistics_requirements_data" time="0.311" /><testcase classname="tests.test_statistics_endpoint.TestStatisticsEndpoint" name="test_statistics_documents_data" time="0.311" /><testcase classname="tests.test_statistics_endpoint.TestStatisticsEndpoint" name="test_statistics_emails_data" time="0.350" /><testcase classname="tests.test_statistics_endpoint.TestStatisticsEndpoint" name="test_statistics_rules_data" time="0.306" /><testcase classname="tests.test_statistics_endpoint.TestStatisticsEndpoint" name="test_statistics_without_auth" time="0.300" /><testcase classname="tests.test_statistics_endpoint.TestStatisticsEndpoint" name="test_statistics_with_invalid_token" time="0.302" /></testsuite></testsuites>