<?xml version="1.0" encoding="utf-8"?><testsuites name="pytest tests"><testsuite name="pytest" errors="0" failures="3" skipped="0" tests="10" time="2.764" timestamp="2026-01-25T17:22:39.372109+00:00" hostname="agent-env-f400fb17-fe8d-4371-9f17-48c8b0b86644"><testcase classname="backend.tests.test_clearform_admin_pricing.TestClearFormAdminEndpoints" name="test_clearform_admin_stats" time="0.371" /><testcase classname="backend.tests.test_clearform_admin_pricing.TestClearFormAdminEndpoints" name="test_clearform_admin_users" time="0.308" /><testcase classname="backend.tests.test_clearform_admin_pricing.TestClearFormAdminEndpoints" name="test_clearform_admin_documents" time="0.306" /><testcase classname="backend.tests.test_clearform_admin_pricing.TestClearFormAdminEndpoints" name="test_clearform_admin_requires_auth" time="0.371" /><testcase classname="backend.tests.test_clearform_admin_pricing.TestClearFormUserEndpoints" name="test_clearform_vault_endpoint" time="0.308" /><testcase classname="backend.tests.test_clearform_admin_pricing.TestClearFormUserEndpoints" name="test_clearform_credits_wallet" time="0.309" /><testcase classname="backend.tests.test_clearform_admin_pricing.TestClearFormUserEndpoints" name="test_clearform_credit_packages" time="0.306"><failure message="AssertionError: Missing packages array&#10;assert 'packages' in [{'credits': 10, 'name': '10 Credits', 'package_id': 'credits_10', 'per_credit_price': 0.999, ...}, {'credits': 25, 'name': '25 Credits', 'package_id': 'credits_25', 'per_credit_price': 0.8, ...}, {'credits': 50, 'name': '50 Credits', 'package_id': 'credits_50', 'per_credit_price': 0.7, ...}, {'credits': 100, 'name': '100 Credits', 'package_id': 'credits_100', 'per_credit_price': 0.6, ...}]">backend/tests/test_clearform_admin_pricing.py:179: in test_clearform_credit_packages
    assert "packages" in data, "Missing packages array"
E   AssertionError: Missing packages array
E   assert 'packages' in [{'credits': 10, 'name': '10 Credits', 'package_id': 'credits_10', 'per_credit_price': 0.999, ...}, {'credits': 25, 'name': '25 Credits', 'package_id': 'credits_25', 'per_credit_price': 0.8, ...}, {'credits': 50, 'name': '50 Credits', 'package_id': 'credits_50', 'per_credit_price': 0.7, ...}, {'credits': 100, 'name': '100 Credits', 'package_id': 'credits_100', 'per_credit_price': 0.6, ...}]</failure></testcase><testcase classname="backend.tests.test_clearform_admin_pricing.TestHealthAndBasicEndpoints" name="test_health_endpoint" time="0.039" /><testcase classname="backend.tests.test_clearform_admin_pricing.TestHealthAndBasicEndpoints" name="test_clearform_document_types" time="0.034"><failure message="AssertionError: Missing types array&#10;assert 'types' in [{'credit_cost': 1, 'description': 'Professional correspondence for any occasion', 'examples': ['Request for information', 'Application letter', 'Thank you letter', 'Resignation letter'], 'icon': 'mail', ...}, {'credit_cost': 1, 'description': 'Professional complaints to businesses and organizations', 'examples': ['Product defect complaint', 'Service issue complaint', 'Billing dispute', 'Delivery problem'], 'icon': 'alert-triangle', ...}, {'credit_cost': 2, 'description': 'Professional CV tailored to your target role', 'examples': ['Career change CV', 'Graduate CV', 'Executive resume', 'Industry-specific CV'], 'icon': 'file-text', ...}]">backend/tests/test_clearform_admin_pricing.py:213: in test_clearform_document_types
    assert "types" in data, "Missing types array"
E   AssertionError: Missing types array
E   assert 'types' in [{'credit_cost': 1, 'description': 'Professional correspondence for any occasion', 'examples': ['Request for information', 'Application letter', 'Thank you letter', 'Resignation letter'], 'icon': 'mail', ...}, {'credit_cost': 1, 'description': 'Professional complaints to businesses and organizations', 'examples': ['Product defect complaint', 'Service issue complaint', 'Billing dispute', 'Delivery problem'], 'icon': 'alert-triangle', ...}, {'credit_cost': 2, 'description': 'Professional CV tailored to your target role', 'examples': ['Career change CV', 'Graduate CV', 'Executive resume', 'Industry-specific CV'], 'icon': 'file-text', ...}]</failure></testcase><testcase classname="backend.tests.test_clearform_admin_pricing.TestPricingDataValidation" name="test_credit_package_prices" time="0.343"><failure message="TypeError: list indices must be integers or slices, not str">backend/tests/test_clearform_admin_pricing.py:238: in test_credit_package_prices
    packages = response.json()["packages"]
               ^^^^^^^^^^^^^^^^^^^^^^^^^^^
E   TypeError: list indices must be integers or slices, not str</failure></testcase></testsuite></testsuites>