<?xml version="1.0" encoding="utf-8"?><testsuites name="pytest tests"><testsuite name="pytest" errors="0" failures="0" skipped="0" tests="26" time="1.097" timestamp="2026-01-22T21:58:40.387190+00:00" hostname="agent-env-888dd2d1-0be8-45d0-94b4-c5c7ac2ff462"><testcase classname="tests.test_new_features_iter45.TestServiceCatalogueRemoval" name="test_removed_services_not_in_seed_data" time="0.130" /><testcase classname="tests.test_new_features_iter45.TestServiceCatalogueRemoval" name="test_active_services_exist" time="0.000" /><testcase classname="tests.test_new_features_iter45.TestFastTrackQueuePriority" name="test_wf1_sets_queue_priority_for_fast_track" time="0.002" /><testcase classname="tests.test_new_features_iter45.TestFastTrackQueuePriority" name="test_process_queued_orders_sorts_by_priority" time="0.000" /><testcase classname="tests.test_new_features_iter45.TestFastTrackQueuePriority" name="test_queue_priority_values" time="0.003" /><testcase classname="tests.test_new_features_iter45.TestPostalTrackingEndpoints" name="test_get_pending_postal_orders_endpoint_exists" time="0.323" /><testcase classname="tests.test_new_features_iter45.TestPostalTrackingEndpoints" name="test_get_pending_postal_orders_requires_auth" time="0.048" /><testcase classname="tests.test_new_features_iter45.TestPostalTrackingEndpoints" name="test_postal_status_update_endpoint_exists" time="0.042" /><testcase classname="tests.test_new_features_iter45.TestPostalTrackingEndpoints" name="test_postal_address_endpoint_exists" time="0.039" /><testcase classname="tests.test_new_features_iter45.TestPostalTrackingEndpoints" name="test_postal_status_valid_values" time="0.178" /><testcase classname="tests.test_new_features_iter45.TestEnhancedComplianceScore" name="test_requirement_type_weights_defined" time="0.001" /><testcase classname="tests.test_new_features_iter45.TestEnhancedComplianceScore" name="test_gas_safety_weight_is_1_5" time="0.000" /><testcase classname="tests.test_new_features_iter45.TestEnhancedComplianceScore" name="test_eicr_weight_is_1_4" time="0.000" /><testcase classname="tests.test_new_features_iter45.TestEnhancedComplianceScore" name="test_epc_weight_is_1_2" time="0.000" /><testcase classname="tests.test_new_features_iter45.TestEnhancedComplianceScore" name="test_hmo_multiplier_defined" time="0.000" /><testcase classname="tests.test_new_features_iter45.TestEnhancedComplianceScore" name="test_get_requirement_weight_function" time="0.000" /><testcase classname="tests.test_new_features_iter45.TestEnhancedComplianceScore" name="test_calculate_compliance_score_returns_breakdown" time="0.001" /><testcase classname="tests.test_new_features_iter45.TestEnhancedComplianceScore" name="test_compliance_score_breakdown_fields" time="0.000" /><testcase classname="tests.test_new_features_iter45.TestEnhancedComplianceScore" name="test_compliance_score_weights_documented" time="0.003" /><testcase classname="tests.test_new_features_iter45.TestFastTrackVisualIndicator" name="test_order_list_has_fast_track_badge" time="0.000" /><testcase classname="tests.test_new_features_iter45.TestFastTrackVisualIndicator" name="test_order_list_has_print_copy_badge" time="0.000" /><testcase classname="tests.test_new_features_iter45.TestOrderDetailsPanePostal" name="test_order_details_has_postal_section" time="0.001" /><testcase classname="tests.test_new_features_iter45.TestOrderDetailsPanePostal" name="test_postal_status_badge_colors" time="0.000" /><testcase classname="tests.test_new_features_iter45.TestWorkflowAutomationPostalFlags" name="test_wf1_sets_postal_flags" time="0.001" /><testcase classname="tests.test_new_features_iter45.TestWorkflowAutomationPostalFlags" name="test_wf1_sets_expedited_flag" time="0.001" /><testcase classname="tests.test_new_features_iter45.TestComplianceScoreAPI" name="test_compliance_score_endpoint_exists" time="0.300" /></testsuite></testsuites>