<?xml version="1.0" encoding="utf-8"?><testsuites name="pytest tests"><testsuite name="pytest" errors="0" failures="0" skipped="0" tests="14" time="3.026" timestamp="2026-01-20T21:21:57.219082+00:00" hostname="agent-env-f08d802d-ca63-44bb-83f8-095e1369756e"><testcase classname="tests.test_iteration16_crn_kpi.TestCRNDisplay" name="test_client_dashboard_returns_crn" time="0.301" /><testcase classname="tests.test_iteration16_crn_kpi.TestCRNDisplay" name="test_admin_client_detail_returns_crn" time="0.288" /><testcase classname="tests.test_iteration16_crn_kpi.TestCRNDisplay" name="test_admin_search_returns_crn" time="0.273" /><testcase classname="tests.test_iteration16_crn_kpi.TestKPIDrilldown" name="test_admin_dashboard_returns_kpi_stats" time="0.271" /><testcase classname="tests.test_iteration16_crn_kpi.TestKPIDrilldown" name="test_kpi_clients_drilldown" time="0.272" /><testcase classname="tests.test_iteration16_crn_kpi.TestKPIDrilldown" name="test_kpi_clients_active_filter" time="0.276" /><testcase classname="tests.test_iteration16_crn_kpi.TestKPIDrilldown" name="test_kpi_properties_drilldown" time="0.297" /><testcase classname="tests.test_iteration16_crn_kpi.TestKPIDrilldown" name="test_kpi_compliance_green_filter" time="0.313" /><testcase classname="tests.test_iteration16_crn_kpi.TestKPIDrilldown" name="test_kpi_compliance_amber_filter" time="0.279" /><testcase classname="tests.test_iteration16_crn_kpi.TestKPIDrilldown" name="test_kpi_compliance_red_filter" time="0.272" /><testcase classname="tests.test_iteration16_crn_kpi.TestEmailTemplatesCRN" name="test_email_footer_includes_crn_placeholder" time="0.162" /><testcase classname="tests.test_iteration16_crn_kpi.TestEmailTemplatesCRN" name="test_password_setup_email_includes_crn_badge" time="0.001" /><testcase classname="tests.test_iteration16_crn_kpi.TestEmailTemplatesCRN" name="test_portal_ready_email_includes_crn_badge" time="0.000" /><testcase classname="tests.test_iteration16_crn_kpi.TestEmailTemplatesCRN" name="test_compliance_alert_email_includes_crn_badge" time="0.000" /></testsuite></testsuites>