<?xml version="1.0" encoding="utf-8"?><testsuites name="pytest tests"><testsuite name="pytest" errors="0" failures="2" skipped="0" tests="41" time="6.124" timestamp="2026-01-23T17:36:04.889698+00:00" hostname="agent-env-ea820635-58a9-40a3-b0b8-c809381a697a"><testcase classname="backend.tests.test_lead_management_iter51.TestLeadCaptureAPI" name="test_capture_chatbot_lead_basic" time="0.168" /><testcase classname="backend.tests.test_lead_management_iter51.TestLeadCaptureAPI" name="test_capture_chatbot_lead_with_service_interest" time="0.123" /><testcase classname="backend.tests.test_lead_management_iter51.TestLeadCaptureAPI" name="test_capture_chatbot_lead_high_intent" time="0.043" /><testcase classname="backend.tests.test_lead_management_iter51.TestLeadCaptureAPI" name="test_capture_chatbot_lead_with_utm" time="0.125" /><testcase classname="backend.tests.test_lead_management_iter51.TestLeadCaptureAPI" name="test_capture_duplicate_lead" time="0.247"><failure message="assert False is True&#10; +  where False = &lt;built-in method get of dict object at 0xff916f1a5340&gt;('is_duplicate')&#10; +    where &lt;built-in method get of dict object at 0xff916f1a5340&gt; = {'is_duplicate': False, 'lead_id': 'LEAD-20260123173605-A84356', 'message': &quot;Thank you! We've received your enquiry.&quot;, 'success': True}.get">backend/tests/test_lead_management_iter51.py:179: in test_capture_duplicate_lead
    assert data.get("is_duplicate") is True
E   assert False is True
E    +  where False = &lt;built-in method get of dict object at 0xff916f1a5340&gt;('is_duplicate')
E    +    where &lt;built-in method get of dict object at 0xff916f1a5340&gt; = {'is_duplicate': False, 'lead_id': 'LEAD-20260123173605-A84356', 'message': "Thank you! We've received your enquiry.", 'success': True}.get</failure></testcase><testcase classname="backend.tests.test_lead_management_iter51.TestLeadListingAPI" name="test_list_leads_basic" time="0.326" /><testcase classname="backend.tests.test_lead_management_iter51.TestLeadListingAPI" name="test_list_leads_with_stats" time="0.040" /><testcase classname="backend.tests.test_lead_management_iter51.TestLeadListingAPI" name="test_list_leads_filter_by_intent" time="0.045" /><testcase classname="backend.tests.test_lead_management_iter51.TestLeadListingAPI" name="test_list_leads_filter_by_source" time="0.041" /><testcase classname="backend.tests.test_lead_management_iter51.TestLeadListingAPI" name="test_list_leads_search" time="0.045" /><testcase classname="backend.tests.test_lead_management_iter51.TestLeadListingAPI" name="test_list_leads_pagination" time="0.048" /><testcase classname="backend.tests.test_lead_management_iter51.TestLeadListingAPI" name="test_list_leads_requires_auth" time="0.038" /><testcase classname="backend.tests.test_lead_management_iter51.TestLeadNotificationsAPI" name="test_get_notifications" time="0.301" /><testcase classname="backend.tests.test_lead_management_iter51.TestLeadNotificationsAPI" name="test_notifications_structure" time="0.042" /><testcase classname="backend.tests.test_lead_management_iter51.TestLeadNotificationsAPI" name="test_notifications_requires_auth" time="0.033" /><testcase classname="backend.tests.test_lead_management_iter51.TestFollowUpQueueProcessing" name="test_process_followup_queue" time="0.306" /><testcase classname="backend.tests.test_lead_management_iter51.TestFollowUpQueueProcessing" name="test_followup_queue_requires_auth" time="0.030" /><testcase classname="backend.tests.test_lead_management_iter51.TestSLABreachDetection" name="test_sla_check_default" time="0.302" /><testcase classname="backend.tests.test_lead_management_iter51.TestSLABreachDetection" name="test_sla_check_custom_hours" time="0.040" /><testcase classname="backend.tests.test_lead_management_iter51.TestSLABreachDetection" name="test_sla_check_requires_auth" time="0.034" /><testcase classname="backend.tests.test_lead_management_iter51.TestAbandonedIntakeDetection" name="test_abandoned_intake_detection" time="0.291" /><testcase classname="backend.tests.test_lead_management_iter51.TestAbandonedIntakeDetection" name="test_abandoned_intake_requires_auth" time="0.074" /><testcase classname="backend.tests.test_lead_management_iter51.TestHighIntentNotification" name="test_high_intent_notification" time="0.420" /><testcase classname="backend.tests.test_lead_management_iter51.TestHighIntentNotification" name="test_high_intent_notification_not_found" time="0.033" /><testcase classname="backend.tests.test_lead_management_iter51.TestAdminIntakeSchemaManager" name="test_list_configurable_services" time="0.305" /><testcase classname="backend.tests.test_lead_management_iter51.TestAdminIntakeSchemaManager" name="test_get_schema_for_editing" time="0.079" /><testcase classname="backend.tests.test_lead_management_iter51.TestAdminIntakeSchemaManager" name="test_save_schema_draft" time="0.083" /><testcase classname="backend.tests.test_lead_management_iter51.TestAdminIntakeSchemaManager" name="test_get_version_history" time="0.077" /><testcase classname="backend.tests.test_lead_management_iter51.TestAdminIntakeSchemaManager" name="test_preview_schema" time="0.074" /><testcase classname="backend.tests.test_lead_management_iter51.TestAdminIntakeSchemaManager" name="test_schema_manager_requires_auth" time="0.033" /><testcase classname="backend.tests.test_lead_management_iter51.TestLeadSources" name="test_get_lead_sources" time="0.292" /><testcase classname="backend.tests.test_lead_management_iter51.TestLeadStats" name="test_get_lead_stats" time="0.300" /><testcase classname="backend.tests.test_lead_management_iter51.TestLeadCRUD" name="test_get_single_lead" time="0.417" /><testcase classname="backend.tests.test_lead_management_iter51.TestLeadCRUD" name="test_update_lead" time="0.179" /><testcase classname="backend.tests.test_lead_management_iter51.TestLeadCRUD" name="test_assign_lead" time="0.174" /><testcase classname="backend.tests.test_lead_management_iter51.TestLeadCRUD" name="test_log_contact" time="0.160" /><testcase classname="backend.tests.test_lead_management_iter51.TestLeadCRUD" name="test_get_lead_audit_log" time="0.206" /><testcase classname="backend.tests.test_lead_management_iter51.TestContactFormCapture" name="test_capture_contact_form_lead" time="0.121" /><testcase classname="backend.tests.test_lead_management_iter51.TestDocumentServiceCapture" name="test_capture_document_service_lead" time="0.119" /><testcase classname="backend.tests.test_lead_management_iter51.TestUnsubscribe" name="test_unsubscribe_lead" time="0.151"><failure message="AssertionError: Unsubscribe failed: {&quot;detail&quot;:&quot;Internal server error&quot;}&#10;assert 520 == 200&#10; +  where 520 = &lt;Response [520]&gt;.status_code">backend/tests/test_lead_management_iter51.py:933: in test_unsubscribe_lead
    assert response.status_code == 200, f"Unsubscribe failed: {response.text}"
E   AssertionError: Unsubscribe failed: {"detail":"Internal server error"}
E   assert 520 == 200
E    +  where 520 = &lt;Response [520]&gt;.status_code</failure></testcase><testcase classname="backend.tests.test_lead_management_iter51.TestUnsubscribe" name="test_unsubscribe_nonexistent_lead" time="0.034" /></testsuite></testsuites>