<?xml version="1.0" encoding="utf-8"?><testsuites name="pytest tests"><testsuite name="pytest" errors="0" failures="0" skipped="0" tests="25" time="1.756" timestamp="2026-01-22T17:10:41.033812+00:00" hostname="agent-env-86a9d63b-b565-4a05-8655-a46cc87e5669"><testcase classname="backend.tests.test_blog_api.TestBlogAPI" name="test_admin_list_posts" time="0.397" /><testcase classname="backend.tests.test_blog_api.TestBlogAPI" name="test_admin_get_categories" time="0.042" /><testcase classname="backend.tests.test_blog_api.TestBlogAPI" name="test_admin_get_tags" time="0.039" /><testcase classname="backend.tests.test_blog_api.TestBlogAPI" name="test_admin_create_post" time="0.080" /><testcase classname="backend.tests.test_blog_api.TestBlogAPI" name="test_admin_get_single_post" time="0.040" /><testcase classname="backend.tests.test_blog_api.TestBlogAPI" name="test_admin_update_post" time="0.079" /><testcase classname="backend.tests.test_blog_api.TestBlogAPI" name="test_admin_publish_post" time="0.080" /><testcase classname="backend.tests.test_blog_api.TestBlogAPI" name="test_admin_unpublish_post" time="0.079" /><testcase classname="backend.tests.test_blog_api.TestBlogAPI" name="test_admin_filter_posts_by_status" time="0.036" /><testcase classname="backend.tests.test_blog_api.TestBlogAPI" name="test_admin_filter_posts_by_category" time="0.037" /><testcase classname="backend.tests.test_blog_api.TestBlogAPI" name="test_admin_search_posts" time="0.045" /><testcase classname="backend.tests.test_blog_api.TestBlogAPI" name="test_public_list_posts" time="0.039" /><testcase classname="backend.tests.test_blog_api.TestBlogAPI" name="test_public_get_categories" time="0.047" /><testcase classname="backend.tests.test_blog_api.TestBlogAPI" name="test_public_get_popular_tags" time="0.045" /><testcase classname="backend.tests.test_blog_api.TestBlogAPI" name="test_public_get_featured_posts" time="0.049" /><testcase classname="backend.tests.test_blog_api.TestBlogAPI" name="test_public_filter_by_category" time="0.053" /><testcase classname="backend.tests.test_blog_api.TestBlogAPI" name="test_public_search_posts" time="0.050" /><testcase classname="backend.tests.test_blog_api.TestBlogAPI" name="test_public_get_single_post_by_slug" time="0.081" /><testcase classname="backend.tests.test_blog_api.TestBlogAPI" name="test_public_view_count_increment" time="0.114" /><testcase classname="backend.tests.test_blog_api.TestBlogAPI" name="test_public_post_not_found" time="0.041" /><testcase classname="backend.tests.test_blog_api.TestBlogAPI" name="test_admin_delete_post" time="0.075" /><testcase classname="backend.tests.test_blog_api.TestBlogAPI" name="test_admin_delete_invalid_post" time="0.038" /><testcase classname="backend.tests.test_blog_api.TestBlogAPIUnauthorized" name="test_admin_posts_without_auth" time="0.038" /><testcase classname="backend.tests.test_blog_api.TestBlogAPIUnauthorized" name="test_admin_create_without_auth" time="0.037" /><testcase classname="backend.tests.test_blog_api.TestBlogAPIUnauthorized" name="test_admin_categories_without_auth" time="0.035" /></testsuite></testsuites>