<?xml version="1.0" encoding="utf-8"?><testsuites name="pytest tests"><testsuite name="pytest" errors="0" failures="2" skipped="0" tests="16" time="1.335" timestamp="2026-01-19T23:36:49.319815+00:00" hostname="agent-env-d321fad6-2729-43cf-9821-b9f65fff390e"><testcase classname="tests.test_iteration5_features.TestCalendarExpiriesAPI" name="test_calendar_expiries_returns_200" time="0.315" /><testcase classname="tests.test_iteration5_features.TestCalendarExpiriesAPI" name="test_calendar_expiries_structure" time="0.011" /><testcase classname="tests.test_iteration5_features.TestCalendarExpiriesAPI" name="test_calendar_expiries_with_year_month" time="0.051" /><testcase classname="tests.test_iteration5_features.TestCalendarExpiriesAPI" name="test_calendar_expiries_events_grouped_by_date" time="0.010" /><testcase classname="tests.test_iteration5_features.TestCalendarUpcomingAPI" name="test_calendar_upcoming_returns_200" time="0.012" /><testcase classname="tests.test_iteration5_features.TestCalendarUpcomingAPI" name="test_calendar_upcoming_structure" time="0.014" /><testcase classname="tests.test_iteration5_features.TestCalendarUpcomingAPI" name="test_calendar_upcoming_with_days_parameter" time="0.043" /><testcase classname="tests.test_iteration5_features.TestCalendarUpcomingAPI" name="test_calendar_upcoming_sorted_by_date" time="0.011" /><testcase classname="tests.test_iteration5_features.TestCalendarUpcomingAPI" name="test_calendar_upcoming_has_urgency" time="0.010" /><testcase classname="tests.test_iteration5_features.TestSMSPreferencesAPI" name="test_get_notification_preferences_includes_sms" time="0.051"><failure message="AssertionError: Should have 'sms_enabled' field&#10;assert 'sms_enabled' in {'client_id': '87ff6c33-1f99-40b6-b9ed-a05c17e13950', 'document_updates': True, 'expiry_reminders': True, 'monthly_digest': True, ...}">tests/test_iteration5_features.py:208: in test_get_notification_preferences_includes_sms
    assert "sms_enabled" in data, "Should have 'sms_enabled' field"
E   AssertionError: Should have 'sms_enabled' field
E   assert 'sms_enabled' in {'client_id': '87ff6c33-1f99-40b6-b9ed-a05c17e13950', 'document_updates': True, 'expiry_reminders': True, 'monthly_digest': True, ...}</failure></testcase><testcase classname="tests.test_iteration5_features.TestSMSPreferencesAPI" name="test_update_sms_preferences" time="0.165" /><testcase classname="tests.test_iteration5_features.TestPropertyEnhancedAttributes" name="test_get_properties_includes_enhanced_attributes" time="0.010" /><testcase classname="tests.test_iteration5_features.TestPropertyEnhancedAttributes" name="test_create_property_with_enhanced_attributes" time="0.007"><failure message="AssertionError: Unexpected status: 404: {&quot;detail&quot;:&quot;Not Found&quot;}&#10;assert 404 in [200, 201, 422]&#10; +  where 404 = &lt;Response [404]&gt;.status_code">tests/test_iteration5_features.py:292: in test_create_property_with_enhanced_attributes
    assert response.status_code in [200, 201, 422], f"Unexpected status: {response.status_code}: {response.text}"
E   AssertionError: Unexpected status: 404: {"detail":"Not Found"}
E   assert 404 in [200, 201, 422]
E    +  where 404 = &lt;Response [404]&gt;.status_code</failure></testcase><testcase classname="tests.test_iteration5_features.TestHealthAndBasicEndpoints" name="test_health_endpoint" time="0.049" /><testcase classname="tests.test_iteration5_features.TestHealthAndBasicEndpoints" name="test_client_login" time="0.274" /><testcase classname="tests.test_iteration5_features.TestHealthAndBasicEndpoints" name="test_admin_login" time="0.232" /></testsuite></testsuites>