<?xml version="1.0" encoding="utf-8"?><testsuites name="pytest tests"><testsuite name="pytest" errors="0" failures="2" skipped="0" tests="29" time="2.193" timestamp="2026-01-21T15:01:57.772161+00:00" hostname="agent-env-a29c9a8b-c952-4576-9760-b6839a07c403"><testcase classname="tests.test_iteration21_compliance_pack_tenant.TestHealthAndAuth" name="test_health_endpoint" time="0.075" /><testcase classname="tests.test_iteration21_compliance_pack_tenant.TestHealthAndAuth" name="test_client_login" time="0.268" /><testcase classname="tests.test_iteration21_compliance_pack_tenant.TestHealthAndAuth" name="test_admin_login" time="0.267" /><testcase classname="tests.test_iteration21_compliance_pack_tenant.TestCompliancePackPreview" name="test_compliance_pack_preview_success" time="0.345" /><testcase classname="tests.test_iteration21_compliance_pack_tenant.TestCompliancePackPreview" name="test_compliance_pack_preview_with_test_property" time="0.040" /><testcase classname="tests.test_iteration21_compliance_pack_tenant.TestCompliancePackPreview" name="test_compliance_pack_preview_invalid_property" time="0.044" /><testcase classname="tests.test_iteration21_compliance_pack_tenant.TestCompliancePackPreview" name="test_compliance_pack_preview_unauthorized" time="0.037" /><testcase classname="tests.test_iteration21_compliance_pack_tenant.TestCompliancePackDownload" name="test_compliance_pack_download_plan_gating" time="0.041" /><testcase classname="tests.test_iteration21_compliance_pack_tenant.TestCompliancePackDownload" name="test_compliance_pack_download_with_test_property" time="0.036" /><testcase classname="tests.test_iteration21_compliance_pack_tenant.TestCompliancePackDownload" name="test_compliance_pack_download_unauthorized" time="0.038" /><testcase classname="tests.test_iteration21_compliance_pack_tenant.TestPlanFeatures" name="test_plan_features_compliance_packs_disabled" time="0.036" /><testcase classname="tests.test_iteration21_compliance_pack_tenant.TestTenantDashboard" name="test_tenant_dashboard_with_client_auth" time="0.046" /><testcase classname="tests.test_iteration21_compliance_pack_tenant.TestTenantDashboard" name="test_tenant_dashboard_unauthorized" time="0.037" /><testcase classname="tests.test_iteration21_compliance_pack_tenant.TestTenantPropertyDetails" name="test_tenant_property_details" time="0.039" /><testcase classname="tests.test_iteration21_compliance_pack_tenant.TestTenantPropertyDetails" name="test_tenant_property_details_invalid" time="0.048" /><testcase classname="tests.test_iteration21_compliance_pack_tenant.TestTenantCompliancePack" name="test_tenant_compliance_pack_download" time="0.058" /><testcase classname="tests.test_iteration21_compliance_pack_tenant.TestTenantCompliancePack" name="test_tenant_compliance_pack_invalid_property" time="0.040" /><testcase classname="tests.test_iteration21_compliance_pack_tenant.TestTenantRequestCertificate" name="test_request_certificate_success" time="0.060" /><testcase classname="tests.test_iteration21_compliance_pack_tenant.TestTenantRequestCertificate" name="test_request_certificate_missing_fields" time="0.034" /><testcase classname="tests.test_iteration21_compliance_pack_tenant.TestTenantRequestCertificate" name="test_request_certificate_invalid_property" time="0.034" /><testcase classname="tests.test_iteration21_compliance_pack_tenant.TestTenantRequestCertificate" name="test_request_certificate_unauthorized" time="0.041" /><testcase classname="tests.test_iteration21_compliance_pack_tenant.TestTenantContactLandlord" name="test_contact_landlord_success" time="0.040"><failure message="assert 520 == 200&#10; +  where 520 = &lt;Response [520]&gt;.status_code">tests/test_iteration21_compliance_pack_tenant.py:497: in test_contact_landlord_success
    assert response.status_code == 200
E   assert 520 == 200
E    +  where 520 = &lt;Response [520]&gt;.status_code</failure></testcase><testcase classname="tests.test_iteration21_compliance_pack_tenant.TestTenantContactLandlord" name="test_contact_landlord_missing_message" time="0.041" /><testcase classname="tests.test_iteration21_compliance_pack_tenant.TestTenantContactLandlord" name="test_contact_landlord_message_too_long" time="0.036" /><testcase classname="tests.test_iteration21_compliance_pack_tenant.TestTenantContactLandlord" name="test_contact_landlord_invalid_property" time="0.079" /><testcase classname="tests.test_iteration21_compliance_pack_tenant.TestTenantContactLandlord" name="test_contact_landlord_unauthorized" time="0.032" /><testcase classname="tests.test_iteration21_compliance_pack_tenant.TestTenantRequests" name="test_get_tenant_requests" time="0.036" /><testcase classname="tests.test_iteration21_compliance_pack_tenant.TestTenantRequests" name="test_get_tenant_requests_unauthorized" time="0.030" /><testcase classname="tests.test_iteration21_compliance_pack_tenant.TestIntegration" name="test_full_tenant_workflow" time="0.148"><failure message="assert 520 == 200&#10; +  where 520 = &lt;Response [520]&gt;.status_code">tests/test_iteration21_compliance_pack_tenant.py:667: in test_full_tenant_workflow
    assert contact_response.status_code == 200
E   assert 520 == 200
E    +  where 520 = &lt;Response [520]&gt;.status_code</failure></testcase></testsuite></testsuites>