<?xml version="1.0" encoding="utf-8"?><testsuites name="pytest tests"><testsuite name="pytest" errors="0" failures="0" skipped="0" tests="13" time="3.418" timestamp="2026-01-25T17:47:40.483333+00:00" hostname="agent-env-f400fb17-fe8d-4371-9f17-48c8b0b86644"><testcase classname="tests.test_clearform_organizations.TestClearFormOrganizationsAPI" name="test_get_user_organizations" time="0.326" /><testcase classname="tests.test_clearform_organizations.TestClearFormOrganizationsAPI" name="test_get_organization_details" time="0.284" /><testcase classname="tests.test_clearform_organizations.TestClearFormOrganizationsAPI" name="test_get_organization_members" time="0.293" /><testcase classname="tests.test_clearform_organizations.TestClearFormOrganizationsAPI" name="test_invite_member" time="0.332" /><testcase classname="tests.test_clearform_organizations.TestClearFormOrganizationsAPI" name="test_get_pending_invitations" time="0.289" /><testcase classname="tests.test_clearform_organizations.TestClearFormOrganizationsAPI" name="test_get_organization_credits" time="0.287" /><testcase classname="tests.test_clearform_organizations.TestClearFormOrganizationsAPI" name="test_unauthorized_access_to_org" time="0.277" /><testcase classname="tests.test_clearform_organizations.TestClearFormOrganizationsAPI" name="test_create_organization_duplicate_owner" time="0.313" /><testcase classname="tests.test_clearform_organizations.TestClearFormOrganizationsAPI" name="test_invite_with_invalid_role" time="0.283" /><testcase classname="tests.test_clearform_organizations.TestPricingPageContent" name="test_clearform_credit_packages_api" time="0.038" /><testcase classname="tests.test_clearform_organizations.TestPricingPageContent" name="test_clearform_subscription_plans_api" time="0.039" /><testcase classname="tests.test_clearform_organizations.TestClearFormDashboardTeamCard" name="test_dashboard_data_loads" time="0.294" /><testcase classname="tests.test_clearform_organizations.TestAdminClearFormOrganizations" name="test_admin_clearform_stats" time="0.314" /></testsuite></testsuites>