<?xml version="1.0" encoding="utf-8"?><testsuites name="pytest tests"><testsuite name="pytest" errors="0" failures="0" skipped="0" tests="15" time="5.071" timestamp="2026-01-25T18:37:35.388904+00:00" hostname="agent-env-d1aff51c-064c-424e-8114-4530971a0f95"><testcase classname="backend.tests.test_clearform_p0_features.TestClearFormServiceCatalogue" name="test_clearform_service_exists_in_catalogue" time="0.075" /><testcase classname="backend.tests.test_clearform_p0_features.TestClearFormServiceCatalogue" name="test_clearform_service_details" time="0.038" /><testcase classname="backend.tests.test_clearform_p0_features.TestClearFormAuth" name="test_login_success" time="0.288" /><testcase classname="backend.tests.test_clearform_p0_features.TestClearFormAuth" name="test_login_invalid_credentials" time="0.042" /><testcase classname="backend.tests.test_clearform_p0_features.TestClearFormCredits" name="test_get_wallet" time="0.305" /><testcase classname="backend.tests.test_clearform_p0_features.TestClearFormCredits" name="test_purchase_credits_creates_stripe_checkout" time="0.796" /><testcase classname="backend.tests.test_clearform_p0_features.TestClearFormCredits" name="test_purchase_credits_25" time="0.721" /><testcase classname="backend.tests.test_clearform_p0_features.TestClearFormCredits" name="test_purchase_credits_50" time="0.682" /><testcase classname="backend.tests.test_clearform_p0_features.TestClearFormCredits" name="test_purchase_credits_100" time="0.702" /><testcase classname="backend.tests.test_clearform_p0_features.TestClearFormSubscriptions" name="test_get_subscription_plans" time="0.040" /><testcase classname="backend.tests.test_clearform_p0_features.TestClearFormSubscriptions" name="test_get_current_subscription" time="0.301" /><testcase classname="backend.tests.test_clearform_p0_features.TestClearFormDocuments" name="test_get_document_types" time="0.035" /><testcase classname="backend.tests.test_clearform_p0_features.TestClearFormDocuments" name="test_get_document_vault" time="0.300" /><testcase classname="backend.tests.test_clearform_p0_features.TestClearFormDocuments" name="test_get_specific_document" time="0.340" /><testcase classname="backend.tests.test_clearform_p0_features.TestClearFormDocuments" name="test_download_document_pdf" time="0.357" /></testsuite></testsuites>