<?xml version="1.0" encoding="utf-8"?><testsuites name="pytest tests"><testsuite name="pytest" errors="0" failures="0" skipped="0" tests="25" time="2.294" timestamp="2026-01-20T01:16:19.553702+00:00" hostname="agent-env-2a9eb7e0-0e1f-4bcd-8dbf-1bdd75151f04"><testcase classname="tests.test_iteration10_features.TestScheduledReportsAPI" name="test_create_schedule_compliance_summary_daily" time="0.344" /><testcase classname="tests.test_iteration10_features.TestScheduledReportsAPI" name="test_create_schedule_requirements_weekly" time="0.041" /><testcase classname="tests.test_iteration10_features.TestScheduledReportsAPI" name="test_create_schedule_monthly" time="0.045" /><testcase classname="tests.test_iteration10_features.TestScheduledReportsAPI" name="test_create_schedule_invalid_report_type" time="0.048" /><testcase classname="tests.test_iteration10_features.TestScheduledReportsAPI" name="test_create_schedule_invalid_frequency" time="0.041" /><testcase classname="tests.test_iteration10_features.TestScheduledReportsAPI" name="test_list_schedules" time="0.040" /><testcase classname="tests.test_iteration10_features.TestScheduledReportsAPI" name="test_toggle_schedule" time="0.149" /><testcase classname="tests.test_iteration10_features.TestScheduledReportsAPI" name="test_toggle_nonexistent_schedule" time="0.041" /><testcase classname="tests.test_iteration10_features.TestScheduledReportsAPI" name="test_delete_schedule" time="0.125" /><testcase classname="tests.test_iteration10_features.TestScheduledReportsAPI" name="test_delete_nonexistent_schedule" time="0.036" /><testcase classname="tests.test_iteration10_features.TestScheduledReportsAPI" name="test_schedule_unauthorized" time="0.040" /><testcase classname="tests.test_iteration10_features.TestBulkPropertyImportAPI" name="test_bulk_import_single_property" time="0.052" /><testcase classname="tests.test_iteration10_features.TestBulkPropertyImportAPI" name="test_bulk_import_multiple_properties" time="0.066" /><testcase classname="tests.test_iteration10_features.TestBulkPropertyImportAPI" name="test_bulk_import_with_missing_required_fields" time="0.085" /><testcase classname="tests.test_iteration10_features.TestBulkPropertyImportAPI" name="test_bulk_import_duplicate_detection" time="0.087" /><testcase classname="tests.test_iteration10_features.TestBulkPropertyImportAPI" name="test_bulk_import_empty_list" time="0.040" /><testcase classname="tests.test_iteration10_features.TestBulkPropertyImportAPI" name="test_bulk_import_unauthorized" time="0.049" /><testcase classname="tests.test_iteration10_features.TestReportsAPI" name="test_get_available_reports" time="0.036" /><testcase classname="tests.test_iteration10_features.TestReportsAPI" name="test_compliance_summary_csv" time="0.048" /><testcase classname="tests.test_iteration10_features.TestReportsAPI" name="test_compliance_summary_pdf_data" time="0.043" /><testcase classname="tests.test_iteration10_features.TestReportsAPI" name="test_requirements_report_csv" time="0.053" /><testcase classname="tests.test_iteration10_features.TestReportsAPI" name="test_requirements_report_pdf_data" time="0.046" /><testcase classname="tests.test_iteration10_features.TestReportsAPI" name="test_audit_logs_report_admin" time="0.384" /><testcase classname="tests.test_iteration10_features.TestReportsAPI" name="test_audit_logs_report_client_forbidden" time="0.053" /><testcase classname="tests.test_iteration10_features.TestCleanup" name="test_cleanup_schedules" time="0.236" /></testsuite></testsuites>