<?xml version="1.0" encoding="utf-8"?><testsuites name="pytest tests"><testsuite name="pytest" errors="0" failures="1" skipped="0" tests="22" time="5.089" timestamp="2026-01-21T15:56:35.772095+00:00" hostname="agent-env-4f563ee6-47e5-4625-a9ad-2646fab36986"><testcase classname="tests.test_iteration22_capability_completion.TestAuthentication" name="test_client_login" time="0.294" /><testcase classname="tests.test_iteration22_capability_completion.TestAuthentication" name="test_admin_login" time="0.265" /><testcase classname="tests.test_iteration22_capability_completion.TestComplianceScoreTrending" name="test_get_score_trend_returns_sparkline_data" time="0.301" /><testcase classname="tests.test_iteration22_capability_completion.TestComplianceScoreTrending" name="test_score_trend_with_breakdown" time="0.297" /><testcase classname="tests.test_iteration22_capability_completion.TestComplianceScoreTrending" name="test_score_trend_unauthorized" time="0.038" /><testcase classname="tests.test_iteration22_capability_completion.TestComplianceScoreSnapshot" name="test_create_snapshot" time="0.293" /><testcase classname="tests.test_iteration22_capability_completion.TestComplianceScoreSnapshot" name="test_snapshot_unauthorized" time="0.033" /><testcase classname="tests.test_iteration22_capability_completion.TestClientEntitlements" name="test_get_entitlements_returns_feature_matrix" time="0.294" /><testcase classname="tests.test_iteration22_capability_completion.TestClientEntitlements" name="test_entitlements_unauthorized" time="0.039" /><testcase classname="tests.test_iteration22_capability_completion.TestAdminFeatureMatrix" name="test_get_feature_matrix" time="0.334" /><testcase classname="tests.test_iteration22_capability_completion.TestAdminFeatureMatrix" name="test_feature_matrix_requires_admin" time="0.291" /><testcase classname="tests.test_iteration22_capability_completion.TestCalendarExport" name="test_ical_export_plan_gated_for_plan_1" time="0.296" /><testcase classname="tests.test_iteration22_capability_completion.TestCalendarExport" name="test_ical_export_unauthorized" time="0.034" /><testcase classname="tests.test_iteration22_capability_completion.TestBrandingSettings" name="test_get_branding_returns_settings_with_upgrade_message" time="0.294" /><testcase classname="tests.test_iteration22_capability_completion.TestBrandingSettings" name="test_put_branding_rejected_for_plan_1" time="0.305"><failure message="AssertionError: Expected 403 for PLAN_1, got 520&#10;assert 520 == 403&#10; +  where 520 = &lt;Response [520]&gt;.status_code">tests/test_iteration22_capability_completion.py:326: in test_put_branding_rejected_for_plan_1
    assert response.status_code == 403, f"Expected 403 for PLAN_1, got {response.status_code}"
E   AssertionError: Expected 403 for PLAN_1, got 520
E   assert 520 == 403
E    +  where 520 = &lt;Response [520]&gt;.status_code</failure></testcase><testcase classname="tests.test_iteration22_capability_completion.TestBrandingSettings" name="test_branding_unauthorized" time="0.038" /><testcase classname="tests.test_iteration22_capability_completion.TestProfessionalPDFReport" name="test_professional_pdf_plan_gated_for_plan_1" time="0.298" /><testcase classname="tests.test_iteration22_capability_completion.TestProfessionalPDFReport" name="test_professional_pdf_unauthorized" time="0.031" /><testcase classname="tests.test_iteration22_capability_completion.TestScoreExplanation" name="test_get_score_explanation" time="0.292" /><testcase classname="tests.test_iteration22_capability_completion.TestCalendarExpiries" name="test_get_calendar_expiries" time="0.338" /><testcase classname="tests.test_iteration22_capability_completion.TestCalendarExpiries" name="test_get_upcoming_expiries" time="0.299" /><testcase classname="tests.test_iteration22_capability_completion.TestPlanFeatures" name="test_get_plan_features" time="0.302" /></testsuite></testsuites>