<?xml version="1.0" encoding="utf-8"?><testsuites name="pytest tests"><testsuite name="pytest" errors="0" failures="14" skipped="3" tests="24" time="4.357" timestamp="2026-01-22T02:14:28.481309+00:00" hostname="agent-env-6b03fc49-e2c7-4c38-8983-f2bcbb3e0956"><testcase classname="tests.test_iteration30_orders_system.TestOrdersSystemSetup" name="test_health_check" time="0.107" /><testcase classname="tests.test_iteration30_orders_system.TestOrdersSystemSetup" name="test_admin_login" time="0.261"><failure message="AssertionError: assert 'token' in {'access_token': 'eyJhbGciOiJIUzI1NiIsInR5cCI6IkpXVCJ9.eyJwb3J0YWxfdXNlcl9pZCI6ImFkbWluLTAwMSIsImNsaWVudF9pZCI6bnVsbCwiZW1haWwiOiJhZG1pbkBwbGVlcml0eS5jb20iLCJyb2xlIjoiUk9MRV9BRE1JTiIsImV4cCI6MTc2OTEzNDQ2OH0.t8PDICGXiR0ptwhfX9dWZF3icRAsNEk2to6Vk6MvcTU', 'token_type': 'bearer', 'user': {'client_id': None, 'email': 'admin@pleerity.com', 'portal_user_id': 'admin-001', 'role': 'ROLE_ADMIN'}}">tests/test_iteration30_orders_system.py:48: in test_admin_login
    assert "token" in data
E   AssertionError: assert 'token' in {'access_token': 'eyJhbGciOiJIUzI1NiIsInR5cCI6IkpXVCJ9.eyJwb3J0YWxfdXNlcl9pZCI6ImFkbWluLTAwMSIsImNsaWVudF9pZCI6bnVsbCwiZW1haWwiOiJhZG1pbkBwbGVlcml0eS5jb20iLCJyb2xlIjoiUk9MRV9BRE1JTiIsImV4cCI6MTc2OTEzNDQ2OH0.t8PDICGXiR0ptwhfX9dWZF3icRAsNEk2to6Vk6MvcTU', 'token_type': 'bearer', 'user': {'client_id': None, 'email': 'admin@pleerity.com', 'portal_user_id': 'admin-001', 'role': 'ROLE_ADMIN'}}</failure></testcase><testcase classname="tests.test_iteration30_orders_system.TestOrderCreation" name="test_create_order_success" time="0.041" /><testcase classname="tests.test_iteration30_orders_system.TestOrderCreation" name="test_create_order_missing_fields" time="0.041" /><testcase classname="tests.test_iteration30_orders_system.TestOrderCreation" name="test_get_order_status" time="0.084" /><testcase classname="tests.test_iteration30_orders_system.TestAdminPipelineView" name="test_get_pipeline_orders" time="0.304"><failure message="AssertionError: Expected 200, got 401: {&quot;detail&quot;:&quot;Not authenticated&quot;}&#10;assert 401 == 200&#10; +  where 401 = &lt;Response [401]&gt;.status_code">tests/test_iteration30_orders_system.py:147: in test_get_pipeline_orders
    assert response.status_code == 200, f"Expected 200, got {response.status_code}: {response.text}"
E   AssertionError: Expected 200, got 401: {"detail":"Not authenticated"}
E   assert 401 == 200
E    +  where 401 = &lt;Response [401]&gt;.status_code</failure></testcase><testcase classname="tests.test_iteration30_orders_system.TestAdminPipelineView" name="test_get_pipeline_counts" time="0.040"><failure message="AssertionError: Expected 200, got 401: {&quot;detail&quot;:&quot;Not authenticated&quot;}&#10;assert 401 == 200&#10; +  where 401 = &lt;Response [401]&gt;.status_code">tests/test_iteration30_orders_system.py:163: in test_get_pipeline_counts
    assert response.status_code == 200, f"Expected 200, got {response.status_code}: {response.text}"
E   AssertionError: Expected 200, got 401: {"detail":"Not authenticated"}
E   assert 401 == 200
E    +  where 401 = &lt;Response [401]&gt;.status_code</failure></testcase><testcase classname="tests.test_iteration30_orders_system.TestAdminPipelineView" name="test_pipeline_requires_auth" time="0.039" /><testcase classname="tests.test_iteration30_orders_system.TestOrderDetail" name="test_get_order_detail" time="0.342"><failure message="AssertionError: Expected 200, got 401: {&quot;detail&quot;:&quot;Not authenticated&quot;}&#10;assert 401 == 200&#10; +  where 401 = &lt;Response [401]&gt;.status_code">tests/test_iteration30_orders_system.py:230: in test_get_order_detail
    assert response.status_code == 200, f"Expected 200, got {response.status_code}: {response.text}"
E   AssertionError: Expected 200, got 401: {"detail":"Not authenticated"}
E   assert 401 == 200
E    +  where 401 = &lt;Response [401]&gt;.status_code</failure></testcase><testcase classname="tests.test_iteration30_orders_system.TestOrderDetail" name="test_get_order_timeline" time="0.039"><failure message="assert 401 == 200&#10; +  where 401 = &lt;Response [401]&gt;.status_code">tests/test_iteration30_orders_system.py:255: in test_get_order_timeline
    assert response.status_code == 200
E   assert 401 == 200
E    +  where 401 = &lt;Response [401]&gt;.status_code</failure></testcase><testcase classname="tests.test_iteration30_orders_system.TestOrderDetail" name="test_get_nonexistent_order" time="0.035"><failure message="assert 401 == 404&#10; +  where 401 = &lt;Response [401]&gt;.status_code">tests/test_iteration30_orders_system.py:277: in test_get_nonexistent_order
    assert response.status_code == 404
E   assert 401 == 404
E    +  where 401 = &lt;Response [401]&gt;.status_code</failure></testcase><testcase classname="tests.test_iteration30_orders_system.TestStateTransitions" name="test_transition_requires_reason" time="0.343"><failure message="assert 401 == 422&#10; +  where 401 = &lt;Response [401]&gt;.status_code">tests/test_iteration30_orders_system.py:326: in test_transition_requires_reason
    assert response.status_code == 422  # Validation error
    ^^^^^^^^^^^^^^^^^^^^^^^^^^^^^^^^^^
E   assert 401 == 422
E    +  where 401 = &lt;Response [401]&gt;.status_code</failure></testcase><testcase classname="tests.test_iteration30_orders_system.TestStateTransitions" name="test_valid_transition_created_to_paid" time="0.084"><failure message="AssertionError: Expected 200, got 401: {&quot;detail&quot;:&quot;Not authenticated&quot;}&#10;assert 401 == 200&#10; +  where 401 = &lt;Response [401]&gt;.status_code">tests/test_iteration30_orders_system.py:360: in test_valid_transition_created_to_paid
    assert response.status_code == 200, f"Expected 200, got {response.status_code}: {response.text}"
E   AssertionError: Expected 200, got 401: {"detail":"Not authenticated"}
E   assert 401 == 200
E    +  where 401 = &lt;Response [401]&gt;.status_code</failure></testcase><testcase classname="tests.test_iteration30_orders_system.TestStateTransitions" name="test_invalid_transition_rejected" time="0.076"><failure message="assert 401 == 400&#10; +  where 401 = &lt;Response [401]&gt;.status_code">tests/test_iteration30_orders_system.py:400: in test_invalid_transition_rejected
    assert response.status_code == 400
E   assert 401 == 400
E    +  where 401 = &lt;Response [401]&gt;.status_code</failure></testcase><testcase classname="tests.test_iteration30_orders_system.TestAdminReviewActions" name="test_approve_order" time="0.339"><skipped type="pytest.skip" message="Could not create order in INTERNAL_REVIEW state">/app/tests/test_iteration30_orders_system.py:466: Could not create order in INTERNAL_REVIEW state</skipped></testcase><testcase classname="tests.test_iteration30_orders_system.TestAdminReviewActions" name="test_request_regen" time="0.082"><skipped type="pytest.skip" message="Could not create order in INTERNAL_REVIEW state">/app/tests/test_iteration30_orders_system.py:486: Could not create order in INTERNAL_REVIEW state</skipped></testcase><testcase classname="tests.test_iteration30_orders_system.TestAdminReviewActions" name="test_request_info" time="0.074"><skipped type="pytest.skip" message="Could not create order in INTERNAL_REVIEW state">/app/tests/test_iteration30_orders_system.py:507: Could not create order in INTERNAL_REVIEW state</skipped></testcase><testcase classname="tests.test_iteration30_orders_system.TestAdminReviewActions" name="test_approve_requires_review_state" time="0.082"><failure message="assert 401 == 400&#10; +  where 401 = &lt;Response [401]&gt;.status_code">tests/test_iteration30_orders_system.py:549: in test_approve_requires_review_state
    assert response.status_code == 400
E   assert 401 == 400
E    +  where 401 = &lt;Response [401]&gt;.status_code</failure></testcase><testcase classname="tests.test_iteration30_orders_system.TestInternalNotes" name="test_add_internal_note" time="0.382"><failure message="AssertionError: Expected 200, got 401: {&quot;detail&quot;:&quot;Not authenticated&quot;}&#10;assert 401 == 200&#10; +  where 401 = &lt;Response [401]&gt;.status_code">tests/test_iteration30_orders_system.py:594: in test_add_internal_note
    assert response.status_code == 200, f"Expected 200, got {response.status_code}: {response.text}"
E   AssertionError: Expected 200, got 401: {"detail":"Not authenticated"}
E   assert 401 == 200
E    +  where 401 = &lt;Response [401]&gt;.status_code</failure></testcase><testcase classname="tests.test_iteration30_orders_system.TestWorkflowAuditTrail" name="test_audit_trail_created_on_transitions" time="0.409"><failure message="assert 401 == 200&#10; +  where 401 = &lt;Response [401]&gt;.status_code">tests/test_iteration30_orders_system.py:653: in test_audit_trail_created_on_transitions
    assert response.status_code == 200
E   assert 401 == 200
E    +  where 401 = &lt;Response [401]&gt;.status_code</failure></testcase><testcase classname="tests.test_iteration30_orders_system.TestExistingOrderVerification" name="test_existing_order_exists" time="0.344" /><testcase classname="tests.test_iteration30_orders_system.TestCVPIsolation" name="test_cvp_login_still_works" time="0.263" /><testcase classname="tests.test_iteration30_orders_system.TestCVPIsolation" name="test_cvp_intake_endpoint_exists" time="0.036"><failure message="assert 404 != 404&#10; +  where 404 = &lt;Response [404]&gt;.status_code">tests/test_iteration30_orders_system.py:730: in test_cvp_intake_endpoint_exists
    assert response.status_code != 404
E   assert 404 != 404
E    +  where 404 = &lt;Response [404]&gt;.status_code</failure></testcase><testcase classname="tests.test_iteration30_orders_system.TestSearchEndpoint" name="test_search_orders" time="0.302"><failure message="AssertionError: Expected 200, got 401: {&quot;detail&quot;:&quot;Not authenticated&quot;}&#10;assert 401 == 200&#10; +  where 401 = &lt;Response [401]&gt;.status_code">tests/test_iteration30_orders_system.py:757: in test_search_orders
    assert response.status_code == 200, f"Expected 200, got {response.status_code}: {response.text}"
E   AssertionError: Expected 200, got 401: {"detail":"Not authenticated"}
E   assert 401 == 200
E    +  where 401 = &lt;Response [401]&gt;.status_code</failure></testcase></testsuite></testsuites>