<?xml version="1.0" encoding="utf-8"?><testsuites name="pytest tests"><testsuite name="pytest" errors="0" failures="0" skipped="0" tests="35" time="91.967" timestamp="2026-01-20T18:34:24.447718+00:00" hostname="agent-env-e6381c42-ced1-457d-a07c-446872830f06"><testcase classname="tests.test_e2e_deployment_readiness.TestHealthAndBasicEndpoints" name="test_health_endpoint" time="0.056" /><testcase classname="tests.test_e2e_deployment_readiness.TestHealthAndBasicEndpoints" name="test_root_api_endpoint" time="11.236" /><testcase classname="tests.test_e2e_deployment_readiness.TestAdminAuthentication" name="test_admin_login_success" time="4.404" /><testcase classname="tests.test_e2e_deployment_readiness.TestAdminAuthentication" name="test_admin_login_invalid_credentials" time="0.258" /><testcase classname="tests.test_e2e_deployment_readiness.TestAdminAuthentication" name="test_admin_login_non_admin_user" time="67.927" /><testcase classname="tests.test_e2e_deployment_readiness.TestClientAuthentication" name="test_client_login_success" time="0.302" /><testcase classname="tests.test_e2e_deployment_readiness.TestClientAuthentication" name="test_client_login_invalid_credentials" time="0.258" /><testcase classname="tests.test_e2e_deployment_readiness.TestAdminDashboard" name="test_admin_dashboard_endpoint" time="0.344" /><testcase classname="tests.test_e2e_deployment_readiness.TestAdminDashboard" name="test_admin_statistics_endpoint" time="0.319" /><testcase classname="tests.test_e2e_deployment_readiness.TestAdminDashboard" name="test_admin_clients_list" time="0.294" /><testcase classname="tests.test_e2e_deployment_readiness.TestAdminDashboard" name="test_admin_audit_logs" time="0.303" /><testcase classname="tests.test_e2e_deployment_readiness.TestAdminDashboard" name="test_admin_admins_list" time="0.298" /><testcase classname="tests.test_e2e_deployment_readiness.TestAdminDashboard" name="test_admin_jobs_status" time="0.338" /><testcase classname="tests.test_e2e_deployment_readiness.TestRBACAdminEndpoints" name="test_admin_dashboard_rejects_client_token" time="0.297" /><testcase classname="tests.test_e2e_deployment_readiness.TestRBACAdminEndpoints" name="test_admin_clients_rejects_client_token" time="0.294" /><testcase classname="tests.test_e2e_deployment_readiness.TestRBACAdminEndpoints" name="test_admin_audit_logs_rejects_client_token" time="0.290" /><testcase classname="tests.test_e2e_deployment_readiness.TestClientDashboard" name="test_client_dashboard_endpoint" time="0.294" /><testcase classname="tests.test_e2e_deployment_readiness.TestClientDashboard" name="test_client_properties_endpoint" time="0.295" /><testcase classname="tests.test_e2e_deployment_readiness.TestClientDashboard" name="test_client_requirements_endpoint" time="0.300" /><testcase classname="tests.test_e2e_deployment_readiness.TestIntakeWizardAPI" name="test_get_plans" time="0.037" /><testcase classname="tests.test_e2e_deployment_readiness.TestIntakeWizardAPI" name="test_get_councils" time="0.037" /><testcase classname="tests.test_e2e_deployment_readiness.TestIntakeWizardAPI" name="test_search_councils" time="0.035" /><testcase classname="tests.test_e2e_deployment_readiness.TestIntakeWizardAPI" name="test_intake_submit_validation" time="0.034" /><testcase classname="tests.test_e2e_deployment_readiness.TestWebhooksAPI" name="test_get_webhook_events" time="0.294" /><testcase classname="tests.test_e2e_deployment_readiness.TestWebhooksAPI" name="test_list_webhooks" time="0.299" /><testcase classname="tests.test_e2e_deployment_readiness.TestWebhooksAPI" name="test_get_webhook_stats" time="0.312" /><testcase classname="tests.test_e2e_deployment_readiness.TestReportsAPI" name="test_get_available_reports" time="0.302" /><testcase classname="tests.test_e2e_deployment_readiness.TestReportsAPI" name="test_get_scheduled_reports" time="0.303" /><testcase classname="tests.test_e2e_deployment_readiness.TestNotificationPreferences" name="test_get_notification_preferences" time="0.302" /><testcase classname="tests.test_e2e_deployment_readiness.TestCalendarAPI" name="test_get_calendar_events" time="0.297" /><testcase classname="tests.test_e2e_deployment_readiness.TestDocumentsAPI" name="test_get_documents_list" time="0.310" /><testcase classname="tests.test_e2e_deployment_readiness.TestAuditLogsRecording" name="test_login_events_recorded" time="0.599" /><testcase classname="tests.test_e2e_deployment_readiness.TestAdminInvite" name="test_admin_invite_validation" time="0.297" /><testcase classname="tests.test_e2e_deployment_readiness.TestSetPasswordEndpoint" name="test_set_password_invalid_token" time="0.033" /><testcase classname="tests.test_e2e_deployment_readiness.TestRouteGuardLogging" name="test_log_route_guard_block" time="0.299" /></testsuite></testsuites>