<?xml version="1.0" encoding="utf-8"?><testsuites name="pytest tests"><testsuite name="pytest" errors="0" failures="4" skipped="0" tests="26" time="8.080" timestamp="2026-01-25T16:43:26.407409+00:00" hostname="agent-env-f400fb17-fe8d-4371-9f17-48c8b0b86644"><testcase classname="backend.tests.test_clearform_phase_c.TestClearFormAuth" name="test_login_orgtest_user" time="0.314" /><testcase classname="backend.tests.test_clearform_phase_c.TestClearFormAuth" name="test_login_doctest_user" time="0.266" /><testcase classname="backend.tests.test_clearform_phase_c.TestOrganizationAPIs" name="test_get_user_organizations" time="0.303" /><testcase classname="backend.tests.test_clearform_phase_c.TestOrganizationAPIs" name="test_get_organization_details" time="0.303" /><testcase classname="backend.tests.test_clearform_phase_c.TestOrganizationAPIs" name="test_get_organization_members" time="0.308" /><testcase classname="backend.tests.test_clearform_phase_c.TestOrganizationAPIs" name="test_get_pending_invitations" time="0.305" /><testcase classname="backend.tests.test_clearform_phase_c.TestOrganizationAPIs" name="test_send_invitation" time="0.347" /><testcase classname="backend.tests.test_clearform_phase_c.TestOrganizationAPIs" name="test_get_org_credits" time="0.298" /><testcase classname="backend.tests.test_clearform_phase_c.TestOrganizationAPIs" name="test_create_organization_already_owner" time="0.305" /><testcase classname="backend.tests.test_clearform_phase_c.TestOrganizationAPIs" name="test_non_member_cannot_access_org" time="0.300" /><testcase classname="backend.tests.test_clearform_phase_c.TestOrganizationAPIs" name="test_list_compliance_packs" time="0.303" /><testcase classname="backend.tests.test_clearform_phase_c.TestAuditLogAPIs" name="test_get_my_audit_logs" time="0.305" /><testcase classname="backend.tests.test_clearform_phase_c.TestAuditLogAPIs" name="test_get_my_activity" time="0.304" /><testcase classname="backend.tests.test_clearform_phase_c.TestAuditLogAPIs" name="test_get_my_audit_stats" time="0.340" /><testcase classname="backend.tests.test_clearform_phase_c.TestAuditLogAPIs" name="test_get_org_audit_logs" time="0.300" /><testcase classname="backend.tests.test_clearform_phase_c.TestAuditLogAPIs" name="test_get_org_activity" time="0.301" /><testcase classname="backend.tests.test_clearform_phase_c.TestAuditLogAPIs" name="test_get_org_audit_stats" time="0.322" /><testcase classname="backend.tests.test_clearform_phase_c.TestAuditLogAPIs" name="test_get_document_audit_trail" time="0.303" /><testcase classname="backend.tests.test_clearform_phase_c.TestAuditLogAPIs" name="test_list_audit_actions" time="0.304" /><testcase classname="backend.tests.test_clearform_phase_c.TestAuditLogAPIs" name="test_list_audit_severities" time="0.301" /><testcase classname="backend.tests.test_clearform_phase_c.TestAuditLogAPIs" name="test_non_admin_cannot_access_org_audit" time="0.342" /><testcase classname="backend.tests.test_clearform_phase_c.TestDocumentGeneration" name="test_get_existing_document" time="0.297" /><testcase classname="backend.tests.test_clearform_phase_c.TestDocumentGeneration" name="test_get_document_types" time="0.299"><failure message="AssertionError: assert 'document_types' in [{'credit_cost': 1, 'description': 'Professional correspondence for any occasion', 'examples': ['Request for information', 'Application letter', 'Thank you letter', 'Resignation letter'], 'icon': 'mail', ...}, {'credit_cost': 1, 'description': 'Professional complaints to businesses and organizations', 'examples': ['Product defect complaint', 'Service issue complaint', 'Billing dispute', 'Delivery problem'], 'icon': 'alert-triangle', ...}, {'credit_cost': 2, 'description': 'Professional CV tailored to your target role', 'examples': ['Career change CV', 'Graduate CV', 'Executive resume', 'Industry-specific CV'], 'icon': 'file-text', ...}]">backend/tests/test_clearform_phase_c.py:388: in test_get_document_types
    assert "document_types" in data
E   AssertionError: assert 'document_types' in [{'credit_cost': 1, 'description': 'Professional correspondence for any occasion', 'examples': ['Request for information', 'Application letter', 'Thank you letter', 'Resignation letter'], 'icon': 'mail', ...}, {'credit_cost': 1, 'description': 'Professional complaints to businesses and organizations', 'examples': ['Product defect complaint', 'Service issue complaint', 'Billing dispute', 'Delivery problem'], 'icon': 'alert-triangle', ...}, {'credit_cost': 2, 'description': 'Professional CV tailored to your target role', 'examples': ['Career change CV', 'Graduate CV', 'Executive resume', 'Industry-specific CV'], 'icon': 'file-text', ...}]</failure></testcase><testcase classname="backend.tests.test_clearform_phase_c.TestDocumentGeneration" name="test_get_user_vault" time="0.302"><failure message="AssertionError: assert 'documents' in {'has_more': False, 'items': [{'completed_at': '2026-01-25T16:39:56.483000', 'created_at': '2026-01-25T16:39:49.380000', 'document_id': 'CFD-4BBD9DBB0482', 'document_type': 'formal_letter', ...}], 'page': 1, 'page_size': 20, ...}">backend/tests/test_clearform_phase_c.py:399: in test_get_user_vault
    assert "documents" in data
E   AssertionError: assert 'documents' in {'has_more': False, 'items': [{'completed_at': '2026-01-25T16:39:56.483000', 'created_at': '2026-01-25T16:39:49.380000', 'document_id': 'CFD-4BBD9DBB0482', 'document_type': 'formal_letter', ...}], 'page': 1, 'page_size': 20, ...}</failure></testcase><testcase classname="backend.tests.test_clearform_phase_c.TestCreditSystem" name="test_get_credit_wallet" time="0.301"><failure message="AssertionError: assert 'balance' in {'bonus_credits': 0, 'credits_used_this_month': 1, 'documents_generated_this_month': 1, 'expiring_soon': 0, ...}">backend/tests/test_clearform_phase_c.py:421: in test_get_credit_wallet
    assert "balance" in data
E   AssertionError: assert 'balance' in {'bonus_credits': 0, 'credits_used_this_month': 1, 'documents_generated_this_month': 1, 'expiring_soon': 0, ...}</failure></testcase><testcase classname="backend.tests.test_clearform_phase_c.TestCreditSystem" name="test_get_credit_packages" time="0.302"><failure message="AssertionError: assert 'packages' in [{'credits': 10, 'name': '10 Credits', 'package_id': 'credits_10', 'per_credit_price': 0.999, ...}, {'credits': 25, 'name': '25 Credits', 'package_id': 'credits_25', 'per_credit_price': 0.8, ...}, {'credits': 50, 'name': '50 Credits', 'package_id': 'credits_50', 'per_credit_price': 0.7, ...}, {'credits': 100, 'name': '100 Credits', 'package_id': 'credits_100', 'per_credit_price': 0.6, ...}]">backend/tests/test_clearform_phase_c.py:431: in test_get_credit_packages
    assert "packages" in data
E   AssertionError: assert 'packages' in [{'credits': 10, 'name': '10 Credits', 'package_id': 'credits_10', 'per_credit_price': 0.999, ...}, {'credits': 25, 'name': '25 Credits', 'package_id': 'credits_25', 'per_credit_price': 0.8, ...}, {'credits': 50, 'name': '50 Credits', 'package_id': 'credits_50', 'per_credit_price': 0.7, ...}, {'credits': 100, 'name': '100 Credits', 'package_id': 'credits_100', 'per_credit_price': 0.6, ...}]</failure></testcase></testsuite></testsuites>