<?xml version="1.0" encoding="utf-8"?><testsuites name="pytest tests"><testsuite name="pytest" errors="0" failures="0" skipped="0" tests="21" time="7.289" timestamp="2026-01-20T01:46:54.163251+00:00" hostname="agent-env-f195497f-20bf-4bcb-9225-eb6968095c3a"><testcase classname="tests.test_iteration11_webhooks.TestWebhookEndpoints" name="test_get_available_events" time="0.292" /><testcase classname="tests.test_iteration11_webhooks.TestWebhookEndpoints" name="test_create_webhook_success" time="0.298" /><testcase classname="tests.test_iteration11_webhooks.TestWebhookEndpoints" name="test_create_webhook_with_custom_secret" time="0.329" /><testcase classname="tests.test_iteration11_webhooks.TestWebhookEndpoints" name="test_create_webhook_invalid_url" time="0.313" /><testcase classname="tests.test_iteration11_webhooks.TestWebhookEndpoints" name="test_create_webhook_invalid_event_type" time="0.313" /><testcase classname="tests.test_iteration11_webhooks.TestWebhookEndpoints" name="test_create_duplicate_webhook_url" time="0.332" /><testcase classname="tests.test_iteration11_webhooks.TestWebhookEndpoints" name="test_list_webhooks" time="0.350" /><testcase classname="tests.test_iteration11_webhooks.TestWebhookEndpoints" name="test_get_webhook_details" time="0.353" /><testcase classname="tests.test_iteration11_webhooks.TestWebhookEndpoints" name="test_get_webhook_not_found" time="0.270" /><testcase classname="tests.test_iteration11_webhooks.TestWebhookEndpoints" name="test_update_webhook" time="0.428" /><testcase classname="tests.test_iteration11_webhooks.TestWebhookEndpoints" name="test_delete_webhook" time="0.347" /><testcase classname="tests.test_iteration11_webhooks.TestWebhookEndpoints" name="test_webhook_test_endpoint" time="0.732" /><testcase classname="tests.test_iteration11_webhooks.TestWebhookEndpoints" name="test_enable_webhook" time="0.352" /><testcase classname="tests.test_iteration11_webhooks.TestWebhookEndpoints" name="test_disable_webhook" time="0.330" /><testcase classname="tests.test_iteration11_webhooks.TestWebhookEndpoints" name="test_regenerate_secret" time="0.350" /><testcase classname="tests.test_iteration11_webhooks.TestWebhookEndpoints" name="test_get_webhook_stats" time="0.269" /><testcase classname="tests.test_iteration11_webhooks.TestNotificationPreferences" name="test_get_notification_preferences" time="0.312" /><testcase classname="tests.test_iteration11_webhooks.TestNotificationPreferences" name="test_update_digest_customization" time="0.388" /><testcase classname="tests.test_iteration11_webhooks.TestNotificationPreferences" name="test_update_reminder_days" time="0.456" /><testcase classname="tests.test_iteration11_webhooks.TestNotificationPreferences" name="test_update_reminder_days_invalid" time="0.313" /><testcase classname="tests.test_iteration11_webhooks.TestWebhookAuthentication" name="test_webhooks_require_auth" time="0.096" /></testsuite></testsuites>