<?xml version="1.0" encoding="utf-8"?><testsuites name="pytest tests"><testsuite name="pytest" errors="0" failures="0" skipped="0" tests="24" time="15.795" timestamp="2026-01-23T13:46:52.868050+00:00" hostname="agent-env-9796ddb2-bd38-4013-93da-469dac7e5b29"><testcase classname="backend.tests.test_support_system.TestSupportPublicEndpoints" name="test_chat_creates_conversation_and_returns_response" time="0.759" /><testcase classname="backend.tests.test_support_system.TestSupportPublicEndpoints" name="test_chat_continues_existing_conversation" time="2.042" /><testcase classname="backend.tests.test_support_system.TestSupportPublicEndpoints" name="test_chat_triggers_human_handoff" time="0.046" /><testcase classname="backend.tests.test_support_system.TestSupportPublicEndpoints" name="test_chat_refuses_legal_advice" time="0.825" /><testcase classname="backend.tests.test_support_system.TestSupportPublicEndpoints" name="test_chat_answers_service_questions" time="0.803" /><testcase classname="backend.tests.test_support_system.TestSupportPublicEndpoints" name="test_lookup_with_invalid_crn" time="0.037" /><testcase classname="backend.tests.test_support_system.TestSupportPublicEndpoints" name="test_create_ticket" time="0.315" /><testcase classname="backend.tests.test_support_system.TestSupportPublicEndpoints" name="test_create_ticket_with_conversation_link" time="1.339" /><testcase classname="backend.tests.test_support_system.TestSupportAdminEndpoints" name="test_get_support_stats" time="0.341" /><testcase classname="backend.tests.test_support_system.TestSupportAdminEndpoints" name="test_list_conversations" time="0.306" /><testcase classname="backend.tests.test_support_system.TestSupportAdminEndpoints" name="test_list_conversations_with_filters" time="0.309" /><testcase classname="backend.tests.test_support_system.TestSupportAdminEndpoints" name="test_list_tickets" time="0.303" /><testcase classname="backend.tests.test_support_system.TestSupportAdminEndpoints" name="test_list_tickets_with_filters" time="0.301" /><testcase classname="backend.tests.test_support_system.TestSupportAdminEndpoints" name="test_get_conversation_detail" time="0.813" /><testcase classname="backend.tests.test_support_system.TestSupportAdminEndpoints" name="test_admin_reply_to_conversation" time="1.414" /><testcase classname="backend.tests.test_support_system.TestSupportAdminEndpoints" name="test_admin_crn_lookup" time="0.305" /><testcase classname="backend.tests.test_support_system.TestSupportAdminEndpoints" name="test_get_ticket_detail" time="0.639" /><testcase classname="backend.tests.test_support_system.TestSupportAdminEndpoints" name="test_update_ticket_status" time="0.592" /><testcase classname="backend.tests.test_support_system.TestSupportAdminEndpoints" name="test_add_ticket_note" time="0.620" /><testcase classname="backend.tests.test_support_system.TestSupportChatbotBehavior" name="test_chatbot_greeting_response" time="0.658" /><testcase classname="backend.tests.test_support_system.TestSupportChatbotBehavior" name="test_chatbot_cvp_question" time="0.956" /><testcase classname="backend.tests.test_support_system.TestSupportChatbotBehavior" name="test_chatbot_billing_question" time="0.694" /><testcase classname="backend.tests.test_support_system.TestSupportChatbotBehavior" name="test_chatbot_detects_service_area" time="1.021" /><testcase classname="backend.tests.test_support_system.TestCleanup" name="test_cleanup_test_tickets" time="0.322" /></testsuite></testsuites>