<?xml version="1.0" encoding="utf-8"?><testsuites name="pytest tests"><testsuite name="pytest" errors="0" failures="0" skipped="0" tests="24" time="11.248" timestamp="2026-01-22T02:16:57.721202+00:00" hostname="agent-env-6b03fc49-e2c7-4c38-8983-f2bcbb3e0956"><testcase classname="tests.test_iteration30_orders_system.TestOrdersSystemSetup" name="test_health_check" time="0.069" /><testcase classname="tests.test_iteration30_orders_system.TestOrdersSystemSetup" name="test_admin_login" time="0.290" /><testcase classname="tests.test_iteration30_orders_system.TestOrderCreation" name="test_create_order_success" time="0.039" /><testcase classname="tests.test_iteration30_orders_system.TestOrderCreation" name="test_create_order_missing_fields" time="0.040" /><testcase classname="tests.test_iteration30_orders_system.TestOrderCreation" name="test_get_order_status" time="0.081" /><testcase classname="tests.test_iteration30_orders_system.TestAdminPipelineView" name="test_get_pipeline_orders" time="0.319" /><testcase classname="tests.test_iteration30_orders_system.TestAdminPipelineView" name="test_get_pipeline_counts" time="0.306" /><testcase classname="tests.test_iteration30_orders_system.TestAdminPipelineView" name="test_pipeline_requires_auth" time="0.040" /><testcase classname="tests.test_iteration30_orders_system.TestOrderDetail" name="test_get_order_detail" time="0.356" /><testcase classname="tests.test_iteration30_orders_system.TestOrderDetail" name="test_get_order_timeline" time="0.341" /><testcase classname="tests.test_iteration30_orders_system.TestOrderDetail" name="test_get_nonexistent_order" time="0.309" /><testcase classname="tests.test_iteration30_orders_system.TestStateTransitions" name="test_transition_requires_reason" time="0.348" /><testcase classname="tests.test_iteration30_orders_system.TestStateTransitions" name="test_valid_transition_created_to_paid" time="0.341" /><testcase classname="tests.test_iteration30_orders_system.TestStateTransitions" name="test_invalid_transition_rejected" time="0.343" /><testcase classname="tests.test_iteration30_orders_system.TestAdminReviewActions" name="test_approve_order" time="0.617" /><testcase classname="tests.test_iteration30_orders_system.TestAdminReviewActions" name="test_request_regen" time="0.579" /><testcase classname="tests.test_iteration30_orders_system.TestAdminReviewActions" name="test_request_info" time="0.583" /><testcase classname="tests.test_iteration30_orders_system.TestAdminReviewActions" name="test_approve_requires_review_state" time="0.397" /><testcase classname="tests.test_iteration30_orders_system.TestInternalNotes" name="test_add_internal_note" time="0.342" /><testcase classname="tests.test_iteration30_orders_system.TestWorkflowAuditTrail" name="test_audit_trail_created_on_transitions" time="4.572" /><testcase classname="tests.test_iteration30_orders_system.TestExistingOrderVerification" name="test_existing_order_exists" time="0.303" /><testcase classname="tests.test_iteration30_orders_system.TestCVPIsolation" name="test_cvp_login_still_works" time="0.265" /><testcase classname="tests.test_iteration30_orders_system.TestCVPIsolation" name="test_public_website_still_works" time="0.036" /><testcase classname="tests.test_iteration30_orders_system.TestSearchEndpoint" name="test_search_orders" time="0.305" /></testsuite></testsuites>