<?xml version="1.0" encoding="utf-8"?><testsuites name="pytest tests"><testsuite name="pytest" errors="0" failures="0" skipped="0" tests="31" time="1.846" timestamp="2026-01-23T11:42:21.518281+00:00" hostname="agent-env-f5103baf-4df6-4b2a-879f-b53bcd85890b"><testcase classname="backend.tests.test_analytics_schema_features.TestAnalyticsSummary" name="test_summary_returns_200" time="0.354" /><testcase classname="backend.tests.test_analytics_schema_features.TestAnalyticsSummary" name="test_summary_revenue_structure" time="0.041" /><testcase classname="backend.tests.test_analytics_schema_features.TestAnalyticsSummary" name="test_summary_orders_structure" time="0.042" /><testcase classname="backend.tests.test_analytics_schema_features.TestAnalyticsSummary" name="test_summary_aov_structure" time="0.040" /><testcase classname="backend.tests.test_analytics_schema_features.TestAnalyticsSummary" name="test_summary_completion_rate_structure" time="0.035" /><testcase classname="backend.tests.test_analytics_schema_features.TestAnalyticsSummary" name="test_summary_different_periods" time="0.265" /><testcase classname="backend.tests.test_analytics_schema_features.TestAnalyticsSummary" name="test_summary_requires_admin" time="0.080" /><testcase classname="backend.tests.test_analytics_schema_features.TestAnalyticsServices" name="test_services_returns_200" time="0.035" /><testcase classname="backend.tests.test_analytics_schema_features.TestAnalyticsServices" name="test_services_structure" time="0.033" /><testcase classname="backend.tests.test_analytics_schema_features.TestAnalyticsConversionFunnel" name="test_funnel_returns_200" time="0.035" /><testcase classname="backend.tests.test_analytics_schema_features.TestAnalyticsConversionFunnel" name="test_funnel_stages" time="0.037" /><testcase classname="backend.tests.test_analytics_schema_features.TestAnalyticsSLA" name="test_sla_returns_200" time="0.035" /><testcase classname="backend.tests.test_analytics_schema_features.TestAnalyticsSLA" name="test_sla_structure" time="0.037" /><testcase classname="backend.tests.test_analytics_schema_features.TestAnalyticsCustomers" name="test_customers_returns_200" time="0.038" /><testcase classname="backend.tests.test_analytics_schema_features.TestAnalyticsAddons" name="test_addons_returns_200" time="0.036" /><testcase classname="backend.tests.test_analytics_schema_features.TestAnalyticsAddons" name="test_addons_structure" time="0.035" /><testcase classname="backend.tests.test_analytics_schema_features.TestIntakeSchemaServices" name="test_services_list_returns_200" time="0.039" /><testcase classname="backend.tests.test_analytics_schema_features.TestIntakeSchemaServices" name="test_services_list_has_11_services" time="0.039" /><testcase classname="backend.tests.test_analytics_schema_features.TestIntakeSchemaServices" name="test_services_have_field_counts" time="0.041" /><testcase classname="backend.tests.test_analytics_schema_features.TestIntakeSchemaEditor" name="test_schema_editor_returns_200" time="0.038" /><testcase classname="backend.tests.test_analytics_schema_features.TestIntakeSchemaEditor" name="test_schema_editor_fields_structure" time="0.039" /><testcase classname="backend.tests.test_analytics_schema_features.TestIntakeSchemaEditor" name="test_schema_editor_404_for_invalid_service" time="0.036" /><testcase classname="backend.tests.test_analytics_schema_features.TestServiceDetailV2" name="test_service_detail_returns_200" time="0.044" /><testcase classname="backend.tests.test_analytics_schema_features.TestServiceDetailV2" name="test_service_detail_has_pricing" time="0.036" /><testcase classname="backend.tests.test_analytics_schema_features.TestServiceDetailV2" name="test_service_detail_has_slug" time="0.038" /><testcase classname="backend.tests.test_analytics_schema_features.TestServiceDetailV2" name="test_service_detail_404_for_invalid" time="0.036" /><testcase classname="backend.tests.test_analytics_schema_features.TestServiceDetailV2" name="test_multiple_services_accessible" time="0.073" /><testcase classname="backend.tests.test_analytics_schema_features.TestServiceDetailV2" name="test_service_detail_structure" time="0.041" /><testcase classname="backend.tests.test_analytics_schema_features.TestAuthErrorHandling" name="test_client_orders_returns_401_without_auth" time="0.037" /><testcase classname="backend.tests.test_analytics_schema_features.TestAuthErrorHandling" name="test_admin_analytics_returns_401_without_auth" time="0.032" /><testcase classname="backend.tests.test_analytics_schema_features.TestAuthErrorHandling" name="test_admin_notifications_returns_401_without_auth" time="0.033" /></testsuite></testsuites>