<?xml version="1.0" encoding="utf-8"?><testsuites name="pytest tests"><testsuite name="pytest" errors="0" failures="0" skipped="0" tests="21" time="6.403" timestamp="2026-01-21T17:40:46.328866+00:00" hostname="agent-env-91ec51ad-b1e5-49cd-8ed3-e4e2c7dc4aff"><testcase classname="tests.test_iteration25_feature_gating.TestAuthentication" name="test_client_login_success" time="0.282" /><testcase classname="tests.test_iteration25_feature_gating.TestAuthentication" name="test_admin_login_success" time="0.263" /><testcase classname="tests.test_iteration25_feature_gating.TestEntitlementsAPI" name="test_entitlements_endpoint_returns_200" time="0.333" /><testcase classname="tests.test_iteration25_feature_gating.TestEntitlementsAPI" name="test_entitlements_returns_plan_info" time="0.311" /><testcase classname="tests.test_iteration25_feature_gating.TestEntitlementsAPI" name="test_entitlements_plan_is_solo" time="0.302" /><testcase classname="tests.test_iteration25_feature_gating.TestEntitlementsAPI" name="test_reports_features_disabled_for_solo" time="0.300" /><testcase classname="tests.test_iteration25_feature_gating.TestEntitlementsAPI" name="test_webhooks_disabled_for_solo" time="0.294" /><testcase classname="tests.test_iteration25_feature_gating.TestEntitlementsAPI" name="test_white_label_disabled_for_solo" time="0.307" /><testcase classname="tests.test_iteration25_feature_gating.TestEntitlementsAPI" name="test_core_features_enabled_for_solo" time="0.313" /><testcase classname="tests.test_iteration25_feature_gating.TestEntitlementsAPI" name="test_feature_summary_counts" time="0.297" /><testcase classname="tests.test_iteration25_feature_gating.TestBrandingAPI" name="test_branding_get_returns_200" time="0.294" /><testcase classname="tests.test_iteration25_feature_gating.TestBrandingAPI" name="test_branding_returns_feature_enabled_flag" time="0.343" /><testcase classname="tests.test_iteration25_feature_gating.TestBrandingAPI" name="test_branding_returns_upgrade_message" time="0.293" /><testcase classname="tests.test_iteration25_feature_gating.TestBrandingAPI" name="test_branding_put_returns_403_for_solo" time="0.293" /><testcase classname="tests.test_iteration25_feature_gating.TestDashboardAPI" name="test_dashboard_returns_200" time="0.295" /><testcase classname="tests.test_iteration25_feature_gating.TestDashboardAPI" name="test_properties_returns_200" time="0.300" /><testcase classname="tests.test_iteration25_feature_gating.TestDashboardAPI" name="test_compliance_score_returns_200" time="0.310" /><testcase classname="tests.test_iteration25_feature_gating.TestReportsAPI" name="test_available_reports_returns_200" time="0.291" /><testcase classname="tests.test_iteration25_feature_gating.TestReportsAPI" name="test_report_schedules_returns_200" time="0.296" /><testcase classname="tests.test_iteration25_feature_gating.TestWebhooksAPI" name="test_webhooks_list_returns_200" time="0.339" /><testcase classname="tests.test_iteration25_feature_gating.TestWebhooksAPI" name="test_webhooks_events_returns_200" time="0.292" /></testsuite></testsuites>