<?xml version="1.0" encoding="utf-8"?><testsuites name="pytest tests"><testsuite name="pytest" errors="0" failures="0" skipped="0" tests="16" time="1.398" timestamp="2026-01-22T15:33:03.466310+00:00" hostname="agent-env-86a9d63b-b565-4a05-8655-a46cc87e5669"><testcase classname="tests.test_iteration34_phase_b.TestHealthCheck" name="test_api_health" time="0.078" /><testcase classname="tests.test_iteration34_phase_b.TestDocumentVersionsAPI" name="test_get_order_documents" time="0.306" /><testcase classname="tests.test_iteration34_phase_b.TestDocumentVersionsAPI" name="test_document_version_has_required_fields" time="0.044" /><testcase classname="tests.test_iteration34_phase_b.TestDocumentVersionsAPI" name="test_document_version_has_input_data_hash" time="0.044" /><testcase classname="tests.test_iteration34_phase_b.TestInputDataSnapshot" name="test_order_has_input_snapshot" time="0.044" /><testcase classname="tests.test_iteration34_phase_b.TestRealPDFGeneration" name="test_download_pdf_returns_valid_pdf" time="0.089" /><testcase classname="tests.test_iteration34_phase_b.TestRealPDFGeneration" name="test_pdf_has_reasonable_size" time="0.092" /><testcase classname="tests.test_iteration34_phase_b.TestRealDOCXGeneration" name="test_download_docx_returns_valid_docx" time="0.087" /><testcase classname="tests.test_iteration34_phase_b.TestRealDOCXGeneration" name="test_docx_is_valid_zip_with_word_content" time="0.078" /><testcase classname="tests.test_iteration34_phase_b.TestRealDOCXGeneration" name="test_docx_has_reasonable_size" time="0.079" /><testcase classname="tests.test_iteration34_phase_b.TestDocumentStatusLabels" name="test_version_status_labels" time="0.051" /><testcase classname="tests.test_iteration34_phase_b.TestDocumentStatusLabels" name="test_regenerated_status_on_regeneration" time="0.039" /><testcase classname="tests.test_iteration34_phase_b.TestGenerateDocumentsEndpoint" name="test_generate_documents_creates_new_version" time="0.111" /><testcase classname="tests.test_iteration34_phase_b.TestGenerateDocumentsEndpoint" name="test_generated_document_has_input_snapshot" time="0.114" /><testcase classname="tests.test_iteration34_phase_b.TestDocumentFilenames" name="test_filename_follows_convention" time="0.044" /><testcase classname="tests.test_iteration34_phase_b.TestOrderDetailWithDocuments" name="test_order_detail_includes_document_versions" time="0.039" /></testsuite></testsuites>