<?xml version="1.0" encoding="utf-8"?><testsuites name="pytest tests"><testsuite name="pytest" errors="0" failures="0" skipped="0" tests="20" time="2.393" timestamp="2026-01-22T15:13:46.962204+00:00" hostname="agent-env-86a9d63b-b565-4a05-8655-a46cc87e5669"><testcase classname="tests.test_iteration33_phase_a.TestAuthAndSetup" name="test_admin_login" time="0.320" /><testcase classname="tests.test_iteration33_phase_a.TestServiceCatalogue" name="test_list_services_returns_13_seeded" time="0.335" /><testcase classname="tests.test_iteration33_phase_a.TestServiceCatalogue" name="test_get_service_categories" time="0.042" /><testcase classname="tests.test_iteration33_phase_a.TestServiceCatalogue" name="test_get_single_service" time="0.041" /><testcase classname="tests.test_iteration33_phase_a.TestServiceCatalogue" name="test_create_new_service" time="0.042" /><testcase classname="tests.test_iteration33_phase_a.TestServiceCatalogue" name="test_update_service" time="0.042" /><testcase classname="tests.test_iteration33_phase_a.TestServiceCatalogue" name="test_deactivate_service" time="0.041" /><testcase classname="tests.test_iteration33_phase_a.TestServiceCatalogue" name="test_activate_service" time="0.044" /><testcase classname="tests.test_iteration33_phase_a.TestServiceCatalogue" name="test_public_services_endpoint" time="0.045" /><testcase classname="tests.test_iteration33_phase_a.TestOrdersCancelArchive" name="test_delete_returns_405" time="0.347" /><testcase classname="tests.test_iteration33_phase_a.TestOrdersCancelArchive" name="test_cancel_order_requires_reason" time="0.041" /><testcase classname="tests.test_iteration33_phase_a.TestOrdersCancelArchive" name="test_archive_order_requires_reason" time="0.039" /><testcase classname="tests.test_iteration33_phase_a.TestOrdersCancelArchive" name="test_archive_order_success" time="0.038" /><testcase classname="tests.test_iteration33_phase_a.TestOrdersCancelArchive" name="test_unarchive_order" time="0.041" /><testcase classname="tests.test_iteration33_phase_a.TestOrdersPipeline" name="test_pipeline_endpoint" time="0.380" /><testcase classname="tests.test_iteration33_phase_a.TestOrdersPipeline" name="test_pipeline_counts_endpoint" time="0.041" /><testcase classname="tests.test_iteration33_phase_a.TestOrdersPipeline" name="test_order_detail_endpoint" time="0.044" /><testcase classname="tests.test_iteration33_phase_a.TestOrdersPipeline" name="test_order_search" time="0.063" /><testcase classname="tests.test_iteration33_phase_a.TestExistingTestOrders" name="test_cancelled_order_exists" time="0.308" /><testcase classname="tests.test_iteration33_phase_a.TestExistingTestOrders" name="test_archived_order_exists" time="0.041" /></testsuite></testsuites>