<?xml version="1.0" encoding="utf-8"?><testsuites name="pytest tests"><testsuite name="pytest" errors="0" failures="0" skipped="0" tests="18" time="2.599" timestamp="2026-01-20T00:58:07.951860+00:00" hostname="agent-env-2a9eb7e0-0e1f-4bcd-8dbf-1bdd75151f04"><testcase classname="tests.test_tenant_management.TestHealthAndAuth" name="test_health_endpoint" time="0.079" /><testcase classname="tests.test_tenant_management.TestHealthAndAuth" name="test_client_login" time="0.267" /><testcase classname="tests.test_tenant_management.TestListTenants" name="test_list_tenants_success" time="0.349" /><testcase classname="tests.test_tenant_management.TestListTenants" name="test_list_tenants_unauthorized" time="0.041" /><testcase classname="tests.test_tenant_management.TestInviteTenant" name="test_invite_tenant_success" time="0.207" /><testcase classname="tests.test_tenant_management.TestInviteTenant" name="test_invite_tenant_missing_email" time="0.043" /><testcase classname="tests.test_tenant_management.TestInviteTenant" name="test_invite_duplicate_email" time="0.155" /><testcase classname="tests.test_tenant_management.TestAssignProperty" name="test_assign_property_success" time="0.115" /><testcase classname="tests.test_tenant_management.TestAssignProperty" name="test_assign_property_missing_property_id" time="0.115" /><testcase classname="tests.test_tenant_management.TestAssignProperty" name="test_assign_property_invalid_tenant" time="0.039" /><testcase classname="tests.test_tenant_management.TestAssignProperty" name="test_assign_property_invalid_property" time="0.105" /><testcase classname="tests.test_tenant_management.TestUnassignProperty" name="test_unassign_property_success" time="0.108" /><testcase classname="tests.test_tenant_management.TestUnassignProperty" name="test_unassign_property_not_assigned" time="0.149" /><testcase classname="tests.test_tenant_management.TestRevokeTenantAccess" name="test_revoke_tenant_success" time="0.151" /><testcase classname="tests.test_tenant_management.TestRevokeTenantAccess" name="test_revoke_invalid_tenant" time="0.058" /><testcase classname="tests.test_tenant_management.TestResendInvite" name="test_resend_invite_success" time="0.135" /><testcase classname="tests.test_tenant_management.TestResendInvite" name="test_resend_invite_invalid_tenant" time="0.081" /><testcase classname="tests.test_tenant_management.TestTenantManagementIntegration" name="test_full_tenant_lifecycle" time="0.352" /></testsuite></testsuites>