<?xml version="1.0" encoding="utf-8"?><testsuites name="pytest tests"><testsuite name="pytest" errors="0" failures="0" skipped="0" tests="29" time="2.516" timestamp="2026-01-21T15:03:22.900537+00:00" hostname="agent-env-a29c9a8b-c952-4576-9760-b6839a07c403"><testcase classname="tests.test_iteration21_compliance_pack_tenant.TestHealthAndAuth" name="test_health_endpoint" time="0.051" /><testcase classname="tests.test_iteration21_compliance_pack_tenant.TestHealthAndAuth" name="test_client_login" time="0.267" /><testcase classname="tests.test_iteration21_compliance_pack_tenant.TestHealthAndAuth" name="test_admin_login" time="0.290" /><testcase classname="tests.test_iteration21_compliance_pack_tenant.TestCompliancePackPreview" name="test_compliance_pack_preview_success" time="0.412" /><testcase classname="tests.test_iteration21_compliance_pack_tenant.TestCompliancePackPreview" name="test_compliance_pack_preview_with_test_property" time="0.051" /><testcase classname="tests.test_iteration21_compliance_pack_tenant.TestCompliancePackPreview" name="test_compliance_pack_preview_invalid_property" time="0.043" /><testcase classname="tests.test_iteration21_compliance_pack_tenant.TestCompliancePackPreview" name="test_compliance_pack_preview_unauthorized" time="0.037" /><testcase classname="tests.test_iteration21_compliance_pack_tenant.TestCompliancePackDownload" name="test_compliance_pack_download_plan_gating" time="0.080" /><testcase classname="tests.test_iteration21_compliance_pack_tenant.TestCompliancePackDownload" name="test_compliance_pack_download_with_test_property" time="0.042" /><testcase classname="tests.test_iteration21_compliance_pack_tenant.TestCompliancePackDownload" name="test_compliance_pack_download_unauthorized" time="0.037" /><testcase classname="tests.test_iteration21_compliance_pack_tenant.TestPlanFeatures" name="test_plan_features_compliance_packs_disabled" time="0.041" /><testcase classname="tests.test_iteration21_compliance_pack_tenant.TestTenantDashboard" name="test_tenant_dashboard_with_client_auth" time="0.041" /><testcase classname="tests.test_iteration21_compliance_pack_tenant.TestTenantDashboard" name="test_tenant_dashboard_unauthorized" time="0.037" /><testcase classname="tests.test_iteration21_compliance_pack_tenant.TestTenantPropertyDetails" name="test_tenant_property_details" time="0.038" /><testcase classname="tests.test_iteration21_compliance_pack_tenant.TestTenantPropertyDetails" name="test_tenant_property_details_invalid" time="0.076" /><testcase classname="tests.test_iteration21_compliance_pack_tenant.TestTenantCompliancePack" name="test_tenant_compliance_pack_download" time="0.052" /><testcase classname="tests.test_iteration21_compliance_pack_tenant.TestTenantCompliancePack" name="test_tenant_compliance_pack_invalid_property" time="0.079" /><testcase classname="tests.test_iteration21_compliance_pack_tenant.TestTenantRequestCertificate" name="test_request_certificate_success" time="0.072" /><testcase classname="tests.test_iteration21_compliance_pack_tenant.TestTenantRequestCertificate" name="test_request_certificate_missing_fields" time="0.038" /><testcase classname="tests.test_iteration21_compliance_pack_tenant.TestTenantRequestCertificate" name="test_request_certificate_invalid_property" time="0.036" /><testcase classname="tests.test_iteration21_compliance_pack_tenant.TestTenantRequestCertificate" name="test_request_certificate_unauthorized" time="0.034" /><testcase classname="tests.test_iteration21_compliance_pack_tenant.TestTenantContactLandlord" name="test_contact_landlord_success" time="0.075" /><testcase classname="tests.test_iteration21_compliance_pack_tenant.TestTenantContactLandlord" name="test_contact_landlord_missing_message" time="0.035" /><testcase classname="tests.test_iteration21_compliance_pack_tenant.TestTenantContactLandlord" name="test_contact_landlord_message_too_long" time="0.064" /><testcase classname="tests.test_iteration21_compliance_pack_tenant.TestTenantContactLandlord" name="test_contact_landlord_invalid_property" time="0.039" /><testcase classname="tests.test_iteration21_compliance_pack_tenant.TestTenantContactLandlord" name="test_contact_landlord_unauthorized" time="0.036" /><testcase classname="tests.test_iteration21_compliance_pack_tenant.TestTenantRequests" name="test_get_tenant_requests" time="0.035" /><testcase classname="tests.test_iteration21_compliance_pack_tenant.TestTenantRequests" name="test_get_tenant_requests_unauthorized" time="0.033" /><testcase classname="tests.test_iteration21_compliance_pack_tenant.TestIntegration" name="test_full_tenant_workflow" time="0.312" /></testsuite></testsuites>