<?xml version="1.0" encoding="utf-8"?><testsuites name="pytest tests"><testsuite name="pytest" errors="0" failures="3" skipped="0" tests="34" time="3.464" timestamp="2026-01-23T19:03:38.422695+00:00" hostname="agent-env-8ad7a9b8-4344-4478-b1fd-cdf70c5c0a9e"><testcase classname="backend.tests.test_cms_site_builder.TestCMSPageManagement" name="test_list_pages" time="0.357" /><testcase classname="backend.tests.test_cms_site_builder.TestCMSPageManagement" name="test_list_pages_requires_auth" time="0.036" /><testcase classname="backend.tests.test_cms_site_builder.TestCMSPageManagement" name="test_create_page" time="0.041" /><testcase classname="backend.tests.test_cms_site_builder.TestCMSPageManagement" name="test_create_page_duplicate_slug" time="0.078" /><testcase classname="backend.tests.test_cms_site_builder.TestCMSPageManagement" name="test_create_page_invalid_slug" time="0.077" /><testcase classname="backend.tests.test_cms_site_builder.TestCMSPageManagement" name="test_get_page_by_id" time="0.078" /><testcase classname="backend.tests.test_cms_site_builder.TestCMSPageManagement" name="test_get_page_not_found" time="0.036" /><testcase classname="backend.tests.test_cms_site_builder.TestCMSPageManagement" name="test_update_page" time="0.078" /><testcase classname="backend.tests.test_cms_site_builder.TestCMSPageManagement" name="test_delete_page" time="0.144" /><testcase classname="backend.tests.test_cms_site_builder.TestCMSBlockManagement" name="test_add_hero_block" time="0.078" /><testcase classname="backend.tests.test_cms_site_builder.TestCMSBlockManagement" name="test_add_text_block" time="0.070" /><testcase classname="backend.tests.test_cms_site_builder.TestCMSBlockManagement" name="test_add_cta_block" time="0.072" /><testcase classname="backend.tests.test_cms_site_builder.TestCMSBlockManagement" name="test_add_faq_block" time="0.082" /><testcase classname="backend.tests.test_cms_site_builder.TestCMSBlockManagement" name="test_add_block_invalid_content" time="0.071" /><testcase classname="backend.tests.test_cms_site_builder.TestCMSBlockManagement" name="test_add_video_embed_youtube" time="0.070" /><testcase classname="backend.tests.test_cms_site_builder.TestCMSBlockManagement" name="test_add_video_embed_invalid_url" time="0.088" /><testcase classname="backend.tests.test_cms_site_builder.TestCMSBlockManagement" name="test_update_block" time="0.108" /><testcase classname="backend.tests.test_cms_site_builder.TestCMSBlockManagement" name="test_toggle_block_visibility" time="0.116" /><testcase classname="backend.tests.test_cms_site_builder.TestCMSBlockManagement" name="test_delete_block" time="0.148" /><testcase classname="backend.tests.test_cms_site_builder.TestCMSBlockManagement" name="test_reorder_blocks" time="0.177"><failure message="AssertionError: Failed to reorder blocks: {&quot;detail&quot;:&quot;Block reorder not found&quot;}&#10;assert 400 == 200&#10; +  where 400 = &lt;Response [400]&gt;.status_code">backend/tests/test_cms_site_builder.py:462: in test_reorder_blocks
    assert response.status_code == 200, f"Failed to reorder blocks: {response.text}"
E   AssertionError: Failed to reorder blocks: {"detail":"Block reorder not found"}
E   assert 400 == 200
E    +  where 400 = &lt;Response [400]&gt;.status_code</failure></testcase><testcase classname="backend.tests.test_cms_site_builder.TestCMSPublishingWorkflow" name="test_publish_page" time="0.109" /><testcase classname="backend.tests.test_cms_site_builder.TestCMSPublishingWorkflow" name="test_publish_creates_revision" time="0.156"><failure message="KeyError: 0">backend/tests/test_cms_site_builder.py:526: in test_publish_creates_revision
    assert data[0]["version"] == 1
           ^^^^^^^
E   KeyError: 0</failure></testcase><testcase classname="backend.tests.test_cms_site_builder.TestCMSPublishingWorkflow" name="test_edit_published_page_creates_draft" time="0.155" /><testcase classname="backend.tests.test_cms_site_builder.TestCMSPublishingWorkflow" name="test_rollback_to_revision" time="0.298"><failure message="AssertionError: assert 1 &gt;= 2&#10; +  where 1 = len({'revisions': [{'blocks': [{'block_id': 'BLK-39AB7A4D', 'block_type': 'HERO', 'content': {'alignment': 'center', 'headline': 'Test Headline'}, 'order': 0, ...}], 'notes': 'Version 2', 'page_id': 'PG-2AAFAFDFF861', 'published_at': '2026-01-23T19:03:41.202000', ...}, {'blocks': [{'block_id': 'BLK-39AB7A4D', 'block_type': 'HERO', 'content': {'alignment': 'center', 'headline': 'Test Headline'}, 'order': 0, ...}], 'notes': 'Version 1', 'page_id': 'PG-2AAFAFDFF861', 'published_at': '2026-01-23T19:03:41.089000', ...}]})">backend/tests/test_cms_site_builder.py:577: in test_rollback_to_revision
    assert len(revisions) &gt;= 2
E   AssertionError: assert 1 &gt;= 2
E    +  where 1 = len({'revisions': [{'blocks': [{'block_id': 'BLK-39AB7A4D', 'block_type': 'HERO', 'content': {'alignment': 'center', 'headline': 'Test Headline'}, 'order': 0, ...}], 'notes': 'Version 2', 'page_id': 'PG-2AAFAFDFF861', 'published_at': '2026-01-23T19:03:41.202000', ...}, {'blocks': [{'block_id': 'BLK-39AB7A4D', 'block_type': 'HERO', 'content': {'alignment': 'center', 'headline': 'Test Headline'}, 'order': 0, ...}], 'notes': 'Version 1', 'page_id': 'PG-2AAFAFDFF861', 'published_at': '2026-01-23T19:03:41.089000', ...}]})</failure></testcase><testcase classname="backend.tests.test_cms_site_builder.TestCMSMediaLibrary" name="test_list_media" time="0.039" /><testcase classname="backend.tests.test_cms_site_builder.TestCMSMediaLibrary" name="test_list_media_requires_auth" time="0.043" /><testcase classname="backend.tests.test_cms_site_builder.TestExistingTestPage" name="test_get_existing_homepage" time="0.077" /><testcase classname="backend.tests.test_cms_site_builder.TestExistingTestPage" name="test_get_published_page_public" time="0.033" /><testcase classname="backend.tests.test_cms_site_builder.TestBlockTypes" name="test_add_pricing_table_block" time="0.070" /><testcase classname="backend.tests.test_cms_site_builder.TestBlockTypes" name="test_add_features_grid_block" time="0.075" /><testcase classname="backend.tests.test_cms_site_builder.TestBlockTypes" name="test_add_testimonials_block" time="0.070" /><testcase classname="backend.tests.test_cms_site_builder.TestBlockTypes" name="test_add_contact_form_block" time="0.072" /><testcase classname="backend.tests.test_cms_site_builder.TestBlockTypes" name="test_add_stats_bar_block" time="0.087" /><testcase classname="backend.tests.test_cms_site_builder.TestBlockTypes" name="test_add_spacer_block" time="0.068" /></testsuite></testsuites>