<?xml version="1.0" encoding="utf-8"?><testsuites name="pytest tests"><testsuite name="pytest" errors="0" failures="0" skipped="0" tests="16" time="0.832" timestamp="2026-01-22T16:22:34.349254+00:00" hostname="agent-env-86a9d63b-b565-4a05-8655-a46cc87e5669"><testcase classname="backend.tests.test_frontend_order_intake.TestPublicServicesAPI" name="test_get_all_services_returns_23_services" time="0.097" /><testcase classname="backend.tests.test_frontend_order_intake.TestPublicServicesAPI" name="test_services_have_required_fields" time="0.045" /><testcase classname="backend.tests.test_frontend_order_intake.TestPublicServicesAPI" name="test_tenant_ref_service_price_is_35_pounds" time="0.045" /><testcase classname="backend.tests.test_frontend_order_intake.TestPublicServicesAPI" name="test_rent_review_service_price_is_79_pounds" time="0.041" /><testcase classname="backend.tests.test_frontend_order_intake.TestPublicServicesAPI" name="test_epc_consult_service_price_is_99_pounds" time="0.036" /><testcase classname="backend.tests.test_frontend_order_intake.TestServiceDetailAPI" name="test_get_tenant_ref_service_detail" time="0.042" /><testcase classname="backend.tests.test_frontend_order_intake.TestServiceDetailAPI" name="test_get_rent_review_service_detail" time="0.041" /><testcase classname="backend.tests.test_frontend_order_intake.TestServiceDetailAPI" name="test_service_detail_includes_documents_generated" time="0.041" /><testcase classname="backend.tests.test_frontend_order_intake.TestServiceDetailAPI" name="test_nonexistent_service_returns_404" time="0.036" /><testcase classname="backend.tests.test_frontend_order_intake.TestOrderCreationAPI" name="test_create_order_success" time="0.041" /><testcase classname="backend.tests.test_frontend_order_intake.TestOrderCreationAPI" name="test_create_order_with_rent_review_service" time="0.038" /><testcase classname="backend.tests.test_frontend_order_intake.TestOrderCreationAPI" name="test_create_order_missing_required_field_fails" time="0.084" /><testcase classname="backend.tests.test_frontend_order_intake.TestOrderStatusAPI" name="test_get_order_status" time="0.078" /><testcase classname="backend.tests.test_frontend_order_intake.TestOrderStatusAPI" name="test_get_nonexistent_order_returns_404" time="0.040" /><testcase classname="backend.tests.test_frontend_order_intake.TestServiceCategories" name="test_services_have_valid_categories" time="0.040" /><testcase classname="backend.tests.test_frontend_order_intake.TestServiceCategories" name="test_standalone_reports_count" time="0.038" /></testsuite></testsuites>