<?xml version="1.0" encoding="utf-8"?><testsuites name="pytest tests"><testsuite name="pytest" errors="0" failures="0" skipped="0" tests="11" time="29.670" timestamp="2026-01-21T13:45:57.818624+00:00" hostname="agent-env-a29c9a8b-c952-4576-9760-b6839a07c403"><testcase classname="tests.test_iteration18_drilldowns.TestAuthAndSetup" name="test_client_login" time="0.301" /><testcase classname="tests.test_iteration18_drilldowns.TestAuthAndSetup" name="test_admin_login" time="0.263" /><testcase classname="tests.test_iteration18_drilldowns.TestClientDashboard" name="test_dashboard_endpoint" time="0.300" /><testcase classname="tests.test_iteration18_drilldowns.TestClientDashboard" name="test_compliance_score_endpoint" time="0.040" /><testcase classname="tests.test_iteration18_drilldowns.TestClientDashboard" name="test_requirements_endpoint" time="0.044" /><testcase classname="tests.test_iteration18_drilldowns.TestPlanFeatures" name="test_plan_features_endpoint" time="0.302" /><testcase classname="tests.test_iteration18_drilldowns.TestPlanGating" name="test_webhook_creation_blocked_for_plan_1" time="0.292" /><testcase classname="tests.test_iteration18_drilldowns.TestAIAssistant" name="test_assistant_ask_endpoint" time="27.683" /><testcase classname="tests.test_iteration18_drilldowns.TestAIAssistant" name="test_assistant_refuses_action_requests" time="0.058" /><testcase classname="tests.test_iteration18_drilldowns.TestAIAssistant" name="test_assistant_empty_question_rejected" time="0.035" /><testcase classname="tests.test_iteration18_drilldowns.TestPropertiesEndpoint" name="test_properties_list_endpoint" time="0.307" /></testsuite></testsuites>