<?xml version="1.0" encoding="utf-8"?><testsuites name="pytest tests"><testsuite name="pytest" errors="15" failures="0" skipped="0" tests="25" time="0.981" timestamp="2026-01-22T17:10:22.752553+00:00" hostname="agent-env-86a9d63b-b565-4a05-8655-a46cc87e5669"><testcase classname="backend.tests.test_blog_api.TestBlogAPI" name="test_admin_list_posts" time="0.406"><error message="failed on setup with &quot;AssertionError: No token in login response&#10;assert 'token' in {'access_token': 'eyJhbGciOiJIUzI1NiIsInR5cCI6IkpXVCJ9.eyJwb3J0YWxfdXNlcl9pZCI6ImFkbWluLTAwMSIsImNsaWVudF9pZCI6bnVsbCwiZW1haWwiOiJhZG1pbkBwbGVlcml0eS5jb20iLCJyb2xlIjoiUk9MRV9BRE1JTiIsImV4cCI6MTc2OTE4ODIyM30.ANx4Zm6QQWIEck3VRJ_oJnTFClldWdheiEZg7hte4yw', 'token_type': 'bearer', 'user': {'client_id': None, 'email': 'admin@pleerity.com', 'portal_user_id': 'admin-001', 'role': 'ROLE_ADMIN'}}&quot;">backend/tests/test_blog_api.py:28: in auth_token
    assert "token" in data, "No token in login response"
E   AssertionError: No token in login response
E   assert 'token' in {'access_token': 'eyJhbGciOiJIUzI1NiIsInR5cCI6IkpXVCJ9.eyJwb3J0YWxfdXNlcl9pZCI6ImFkbWluLTAwMSIsImNsaWVudF9pZCI6bnVsbCwiZW1haWwiOiJhZG1pbkBwbGVlcml0eS5jb20iLCJyb2xlIjoiUk9MRV9BRE1JTiIsImV4cCI6MTc2OTE4ODIyM30.ANx4Zm6QQWIEck3VRJ_oJnTFClldWdheiEZg7hte4yw', 'token_type': 'bearer', 'user': {'client_id': None, 'email': 'admin@pleerity.com', 'portal_user_id': 'admin-001', 'role': 'ROLE_ADMIN'}}</error></testcase><testcase classname="backend.tests.test_blog_api.TestBlogAPI" name="test_admin_get_categories" time="0.001"><error message="failed on setup with &quot;AssertionError: No token in login response&#10;assert 'token' in {'access_token': 'eyJhbGciOiJIUzI1NiIsInR5cCI6IkpXVCJ9.eyJwb3J0YWxfdXNlcl9pZCI6ImFkbWluLTAwMSIsImNsaWVudF9pZCI6bnVsbCwiZW1haWwiOiJhZG1pbkBwbGVlcml0eS5jb20iLCJyb2xlIjoiUk9MRV9BRE1JTiIsImV4cCI6MTc2OTE4ODIyM30.ANx4Zm6QQWIEck3VRJ_oJnTFClldWdheiEZg7hte4yw', 'token_type': 'bearer', 'user': {'client_id': None, 'email': 'admin@pleerity.com', 'portal_user_id': 'admin-001', 'role': 'ROLE_ADMIN'}}&quot;">backend/tests/test_blog_api.py:28: in auth_token
    assert "token" in data, "No token in login response"
E   AssertionError: No token in login response
E   assert 'token' in {'access_token': 'eyJhbGciOiJIUzI1NiIsInR5cCI6IkpXVCJ9.eyJwb3J0YWxfdXNlcl9pZCI6ImFkbWluLTAwMSIsImNsaWVudF9pZCI6bnVsbCwiZW1haWwiOiJhZG1pbkBwbGVlcml0eS5jb20iLCJyb2xlIjoiUk9MRV9BRE1JTiIsImV4cCI6MTc2OTE4ODIyM30.ANx4Zm6QQWIEck3VRJ_oJnTFClldWdheiEZg7hte4yw', 'token_type': 'bearer', 'user': {'client_id': None, 'email': 'admin@pleerity.com', 'portal_user_id': 'admin-001', 'role': 'ROLE_ADMIN'}}</error></testcase><testcase classname="backend.tests.test_blog_api.TestBlogAPI" name="test_admin_get_tags" time="0.000"><error message="failed on setup with &quot;AssertionError: No token in login response&#10;assert 'token' in {'access_token': 'eyJhbGciOiJIUzI1NiIsInR5cCI6IkpXVCJ9.eyJwb3J0YWxfdXNlcl9pZCI6ImFkbWluLTAwMSIsImNsaWVudF9pZCI6bnVsbCwiZW1haWwiOiJhZG1pbkBwbGVlcml0eS5jb20iLCJyb2xlIjoiUk9MRV9BRE1JTiIsImV4cCI6MTc2OTE4ODIyM30.ANx4Zm6QQWIEck3VRJ_oJnTFClldWdheiEZg7hte4yw', 'token_type': 'bearer', 'user': {'client_id': None, 'email': 'admin@pleerity.com', 'portal_user_id': 'admin-001', 'role': 'ROLE_ADMIN'}}&quot;">backend/tests/test_blog_api.py:28: in auth_token
    assert "token" in data, "No token in login response"
E   AssertionError: No token in login response
E   assert 'token' in {'access_token': 'eyJhbGciOiJIUzI1NiIsInR5cCI6IkpXVCJ9.eyJwb3J0YWxfdXNlcl9pZCI6ImFkbWluLTAwMSIsImNsaWVudF9pZCI6bnVsbCwiZW1haWwiOiJhZG1pbkBwbGVlcml0eS5jb20iLCJyb2xlIjoiUk9MRV9BRE1JTiIsImV4cCI6MTc2OTE4ODIyM30.ANx4Zm6QQWIEck3VRJ_oJnTFClldWdheiEZg7hte4yw', 'token_type': 'bearer', 'user': {'client_id': None, 'email': 'admin@pleerity.com', 'portal_user_id': 'admin-001', 'role': 'ROLE_ADMIN'}}</error></testcase><testcase classname="backend.tests.test_blog_api.TestBlogAPI" name="test_admin_create_post" time="0.000"><error message="failed on setup with &quot;AssertionError: No token in login response&#10;assert 'token' in {'access_token': 'eyJhbGciOiJIUzI1NiIsInR5cCI6IkpXVCJ9.eyJwb3J0YWxfdXNlcl9pZCI6ImFkbWluLTAwMSIsImNsaWVudF9pZCI6bnVsbCwiZW1haWwiOiJhZG1pbkBwbGVlcml0eS5jb20iLCJyb2xlIjoiUk9MRV9BRE1JTiIsImV4cCI6MTc2OTE4ODIyM30.ANx4Zm6QQWIEck3VRJ_oJnTFClldWdheiEZg7hte4yw', 'token_type': 'bearer', 'user': {'client_id': None, 'email': 'admin@pleerity.com', 'portal_user_id': 'admin-001', 'role': 'ROLE_ADMIN'}}&quot;">backend/tests/test_blog_api.py:28: in auth_token
    assert "token" in data, "No token in login response"
E   AssertionError: No token in login response
E   assert 'token' in {'access_token': 'eyJhbGciOiJIUzI1NiIsInR5cCI6IkpXVCJ9.eyJwb3J0YWxfdXNlcl9pZCI6ImFkbWluLTAwMSIsImNsaWVudF9pZCI6bnVsbCwiZW1haWwiOiJhZG1pbkBwbGVlcml0eS5jb20iLCJyb2xlIjoiUk9MRV9BRE1JTiIsImV4cCI6MTc2OTE4ODIyM30.ANx4Zm6QQWIEck3VRJ_oJnTFClldWdheiEZg7hte4yw', 'token_type': 'bearer', 'user': {'client_id': None, 'email': 'admin@pleerity.com', 'portal_user_id': 'admin-001', 'role': 'ROLE_ADMIN'}}</error></testcase><testcase classname="backend.tests.test_blog_api.TestBlogAPI" name="test_admin_get_single_post" time="0.000"><error message="failed on setup with &quot;AssertionError: No token in login response&#10;assert 'token' in {'access_token': 'eyJhbGciOiJIUzI1NiIsInR5cCI6IkpXVCJ9.eyJwb3J0YWxfdXNlcl9pZCI6ImFkbWluLTAwMSIsImNsaWVudF9pZCI6bnVsbCwiZW1haWwiOiJhZG1pbkBwbGVlcml0eS5jb20iLCJyb2xlIjoiUk9MRV9BRE1JTiIsImV4cCI6MTc2OTE4ODIyM30.ANx4Zm6QQWIEck3VRJ_oJnTFClldWdheiEZg7hte4yw', 'token_type': 'bearer', 'user': {'client_id': None, 'email': 'admin@pleerity.com', 'portal_user_id': 'admin-001', 'role': 'ROLE_ADMIN'}}&quot;">backend/tests/test_blog_api.py:28: in auth_token
    assert "token" in data, "No token in login response"
E   AssertionError: No token in login response
E   assert 'token' in {'access_token': 'eyJhbGciOiJIUzI1NiIsInR5cCI6IkpXVCJ9.eyJwb3J0YWxfdXNlcl9pZCI6ImFkbWluLTAwMSIsImNsaWVudF9pZCI6bnVsbCwiZW1haWwiOiJhZG1pbkBwbGVlcml0eS5jb20iLCJyb2xlIjoiUk9MRV9BRE1JTiIsImV4cCI6MTc2OTE4ODIyM30.ANx4Zm6QQWIEck3VRJ_oJnTFClldWdheiEZg7hte4yw', 'token_type': 'bearer', 'user': {'client_id': None, 'email': 'admin@pleerity.com', 'portal_user_id': 'admin-001', 'role': 'ROLE_ADMIN'}}</error></testcase><testcase classname="backend.tests.test_blog_api.TestBlogAPI" name="test_admin_update_post" time="0.000"><error message="failed on setup with &quot;AssertionError: No token in login response&#10;assert 'token' in {'access_token': 'eyJhbGciOiJIUzI1NiIsInR5cCI6IkpXVCJ9.eyJwb3J0YWxfdXNlcl9pZCI6ImFkbWluLTAwMSIsImNsaWVudF9pZCI6bnVsbCwiZW1haWwiOiJhZG1pbkBwbGVlcml0eS5jb20iLCJyb2xlIjoiUk9MRV9BRE1JTiIsImV4cCI6MTc2OTE4ODIyM30.ANx4Zm6QQWIEck3VRJ_oJnTFClldWdheiEZg7hte4yw', 'token_type': 'bearer', 'user': {'client_id': None, 'email': 'admin@pleerity.com', 'portal_user_id': 'admin-001', 'role': 'ROLE_ADMIN'}}&quot;">backend/tests/test_blog_api.py:28: in auth_token
    assert "token" in data, "No token in login response"
E   AssertionError: No token in login response
E   assert 'token' in {'access_token': 'eyJhbGciOiJIUzI1NiIsInR5cCI6IkpXVCJ9.eyJwb3J0YWxfdXNlcl9pZCI6ImFkbWluLTAwMSIsImNsaWVudF9pZCI6bnVsbCwiZW1haWwiOiJhZG1pbkBwbGVlcml0eS5jb20iLCJyb2xlIjoiUk9MRV9BRE1JTiIsImV4cCI6MTc2OTE4ODIyM30.ANx4Zm6QQWIEck3VRJ_oJnTFClldWdheiEZg7hte4yw', 'token_type': 'bearer', 'user': {'client_id': None, 'email': 'admin@pleerity.com', 'portal_user_id': 'admin-001', 'role': 'ROLE_ADMIN'}}</error></testcase><testcase classname="backend.tests.test_blog_api.TestBlogAPI" name="test_admin_publish_post" time="0.000"><error message="failed on setup with &quot;AssertionError: No token in login response&#10;assert 'token' in {'access_token': 'eyJhbGciOiJIUzI1NiIsInR5cCI6IkpXVCJ9.eyJwb3J0YWxfdXNlcl9pZCI6ImFkbWluLTAwMSIsImNsaWVudF9pZCI6bnVsbCwiZW1haWwiOiJhZG1pbkBwbGVlcml0eS5jb20iLCJyb2xlIjoiUk9MRV9BRE1JTiIsImV4cCI6MTc2OTE4ODIyM30.ANx4Zm6QQWIEck3VRJ_oJnTFClldWdheiEZg7hte4yw', 'token_type': 'bearer', 'user': {'client_id': None, 'email': 'admin@pleerity.com', 'portal_user_id': 'admin-001', 'role': 'ROLE_ADMIN'}}&quot;">backend/tests/test_blog_api.py:28: in auth_token
    assert "token" in data, "No token in login response"
E   AssertionError: No token in login response
E   assert 'token' in {'access_token': 'eyJhbGciOiJIUzI1NiIsInR5cCI6IkpXVCJ9.eyJwb3J0YWxfdXNlcl9pZCI6ImFkbWluLTAwMSIsImNsaWVudF9pZCI6bnVsbCwiZW1haWwiOiJhZG1pbkBwbGVlcml0eS5jb20iLCJyb2xlIjoiUk9MRV9BRE1JTiIsImV4cCI6MTc2OTE4ODIyM30.ANx4Zm6QQWIEck3VRJ_oJnTFClldWdheiEZg7hte4yw', 'token_type': 'bearer', 'user': {'client_id': None, 'email': 'admin@pleerity.com', 'portal_user_id': 'admin-001', 'role': 'ROLE_ADMIN'}}</error></testcase><testcase classname="backend.tests.test_blog_api.TestBlogAPI" name="test_admin_unpublish_post" time="0.000"><error message="failed on setup with &quot;AssertionError: No token in login response&#10;assert 'token' in {'access_token': 'eyJhbGciOiJIUzI1NiIsInR5cCI6IkpXVCJ9.eyJwb3J0YWxfdXNlcl9pZCI6ImFkbWluLTAwMSIsImNsaWVudF9pZCI6bnVsbCwiZW1haWwiOiJhZG1pbkBwbGVlcml0eS5jb20iLCJyb2xlIjoiUk9MRV9BRE1JTiIsImV4cCI6MTc2OTE4ODIyM30.ANx4Zm6QQWIEck3VRJ_oJnTFClldWdheiEZg7hte4yw', 'token_type': 'bearer', 'user': {'client_id': None, 'email': 'admin@pleerity.com', 'portal_user_id': 'admin-001', 'role': 'ROLE_ADMIN'}}&quot;">backend/tests/test_blog_api.py:28: in auth_token
    assert "token" in data, "No token in login response"
E   AssertionError: No token in login response
E   assert 'token' in {'access_token': 'eyJhbGciOiJIUzI1NiIsInR5cCI6IkpXVCJ9.eyJwb3J0YWxfdXNlcl9pZCI6ImFkbWluLTAwMSIsImNsaWVudF9pZCI6bnVsbCwiZW1haWwiOiJhZG1pbkBwbGVlcml0eS5jb20iLCJyb2xlIjoiUk9MRV9BRE1JTiIsImV4cCI6MTc2OTE4ODIyM30.ANx4Zm6QQWIEck3VRJ_oJnTFClldWdheiEZg7hte4yw', 'token_type': 'bearer', 'user': {'client_id': None, 'email': 'admin@pleerity.com', 'portal_user_id': 'admin-001', 'role': 'ROLE_ADMIN'}}</error></testcase><testcase classname="backend.tests.test_blog_api.TestBlogAPI" name="test_admin_filter_posts_by_status" time="0.000"><error message="failed on setup with &quot;AssertionError: No token in login response&#10;assert 'token' in {'access_token': 'eyJhbGciOiJIUzI1NiIsInR5cCI6IkpXVCJ9.eyJwb3J0YWxfdXNlcl9pZCI6ImFkbWluLTAwMSIsImNsaWVudF9pZCI6bnVsbCwiZW1haWwiOiJhZG1pbkBwbGVlcml0eS5jb20iLCJyb2xlIjoiUk9MRV9BRE1JTiIsImV4cCI6MTc2OTE4ODIyM30.ANx4Zm6QQWIEck3VRJ_oJnTFClldWdheiEZg7hte4yw', 'token_type': 'bearer', 'user': {'client_id': None, 'email': 'admin@pleerity.com', 'portal_user_id': 'admin-001', 'role': 'ROLE_ADMIN'}}&quot;">backend/tests/test_blog_api.py:28: in auth_token
    assert "token" in data, "No token in login response"
E   AssertionError: No token in login response
E   assert 'token' in {'access_token': 'eyJhbGciOiJIUzI1NiIsInR5cCI6IkpXVCJ9.eyJwb3J0YWxfdXNlcl9pZCI6ImFkbWluLTAwMSIsImNsaWVudF9pZCI6bnVsbCwiZW1haWwiOiJhZG1pbkBwbGVlcml0eS5jb20iLCJyb2xlIjoiUk9MRV9BRE1JTiIsImV4cCI6MTc2OTE4ODIyM30.ANx4Zm6QQWIEck3VRJ_oJnTFClldWdheiEZg7hte4yw', 'token_type': 'bearer', 'user': {'client_id': None, 'email': 'admin@pleerity.com', 'portal_user_id': 'admin-001', 'role': 'ROLE_ADMIN'}}</error></testcase><testcase classname="backend.tests.test_blog_api.TestBlogAPI" name="test_admin_filter_posts_by_category" time="0.000"><error message="failed on setup with &quot;AssertionError: No token in login response&#10;assert 'token' in {'access_token': 'eyJhbGciOiJIUzI1NiIsInR5cCI6IkpXVCJ9.eyJwb3J0YWxfdXNlcl9pZCI6ImFkbWluLTAwMSIsImNsaWVudF9pZCI6bnVsbCwiZW1haWwiOiJhZG1pbkBwbGVlcml0eS5jb20iLCJyb2xlIjoiUk9MRV9BRE1JTiIsImV4cCI6MTc2OTE4ODIyM30.ANx4Zm6QQWIEck3VRJ_oJnTFClldWdheiEZg7hte4yw', 'token_type': 'bearer', 'user': {'client_id': None, 'email': 'admin@pleerity.com', 'portal_user_id': 'admin-001', 'role': 'ROLE_ADMIN'}}&quot;">backend/tests/test_blog_api.py:28: in auth_token
    assert "token" in data, "No token in login response"
E   AssertionError: No token in login response
E   assert 'token' in {'access_token': 'eyJhbGciOiJIUzI1NiIsInR5cCI6IkpXVCJ9.eyJwb3J0YWxfdXNlcl9pZCI6ImFkbWluLTAwMSIsImNsaWVudF9pZCI6bnVsbCwiZW1haWwiOiJhZG1pbkBwbGVlcml0eS5jb20iLCJyb2xlIjoiUk9MRV9BRE1JTiIsImV4cCI6MTc2OTE4ODIyM30.ANx4Zm6QQWIEck3VRJ_oJnTFClldWdheiEZg7hte4yw', 'token_type': 'bearer', 'user': {'client_id': None, 'email': 'admin@pleerity.com', 'portal_user_id': 'admin-001', 'role': 'ROLE_ADMIN'}}</error></testcase><testcase classname="backend.tests.test_blog_api.TestBlogAPI" name="test_admin_search_posts" time="0.000"><error message="failed on setup with &quot;AssertionError: No token in login response&#10;assert 'token' in {'access_token': 'eyJhbGciOiJIUzI1NiIsInR5cCI6IkpXVCJ9.eyJwb3J0YWxfdXNlcl9pZCI6ImFkbWluLTAwMSIsImNsaWVudF9pZCI6bnVsbCwiZW1haWwiOiJhZG1pbkBwbGVlcml0eS5jb20iLCJyb2xlIjoiUk9MRV9BRE1JTiIsImV4cCI6MTc2OTE4ODIyM30.ANx4Zm6QQWIEck3VRJ_oJnTFClldWdheiEZg7hte4yw', 'token_type': 'bearer', 'user': {'client_id': None, 'email': 'admin@pleerity.com', 'portal_user_id': 'admin-001', 'role': 'ROLE_ADMIN'}}&quot;">backend/tests/test_blog_api.py:28: in auth_token
    assert "token" in data, "No token in login response"
E   AssertionError: No token in login response
E   assert 'token' in {'access_token': 'eyJhbGciOiJIUzI1NiIsInR5cCI6IkpXVCJ9.eyJwb3J0YWxfdXNlcl9pZCI6ImFkbWluLTAwMSIsImNsaWVudF9pZCI6bnVsbCwiZW1haWwiOiJhZG1pbkBwbGVlcml0eS5jb20iLCJyb2xlIjoiUk9MRV9BRE1JTiIsImV4cCI6MTc2OTE4ODIyM30.ANx4Zm6QQWIEck3VRJ_oJnTFClldWdheiEZg7hte4yw', 'token_type': 'bearer', 'user': {'client_id': None, 'email': 'admin@pleerity.com', 'portal_user_id': 'admin-001', 'role': 'ROLE_ADMIN'}}</error></testcase><testcase classname="backend.tests.test_blog_api.TestBlogAPI" name="test_public_list_posts" time="0.047" /><testcase classname="backend.tests.test_blog_api.TestBlogAPI" name="test_public_get_categories" time="0.042" /><testcase classname="backend.tests.test_blog_api.TestBlogAPI" name="test_public_get_popular_tags" time="0.042" /><testcase classname="backend.tests.test_blog_api.TestBlogAPI" name="test_public_get_featured_posts" time="0.044" /><testcase classname="backend.tests.test_blog_api.TestBlogAPI" name="test_public_filter_by_category" time="0.045" /><testcase classname="backend.tests.test_blog_api.TestBlogAPI" name="test_public_search_posts" time="0.041" /><testcase classname="backend.tests.test_blog_api.TestBlogAPI" name="test_public_get_single_post_by_slug" time="0.000"><error message="failed on setup with &quot;AssertionError: No token in login response&#10;assert 'token' in {'access_token': 'eyJhbGciOiJIUzI1NiIsInR5cCI6IkpXVCJ9.eyJwb3J0YWxfdXNlcl9pZCI6ImFkbWluLTAwMSIsImNsaWVudF9pZCI6bnVsbCwiZW1haWwiOiJhZG1pbkBwbGVlcml0eS5jb20iLCJyb2xlIjoiUk9MRV9BRE1JTiIsImV4cCI6MTc2OTE4ODIyM30.ANx4Zm6QQWIEck3VRJ_oJnTFClldWdheiEZg7hte4yw', 'token_type': 'bearer', 'user': {'client_id': None, 'email': 'admin@pleerity.com', 'portal_user_id': 'admin-001', 'role': 'ROLE_ADMIN'}}&quot;">backend/tests/test_blog_api.py:28: in auth_token
    assert "token" in data, "No token in login response"
E   AssertionError: No token in login response
E   assert 'token' in {'access_token': 'eyJhbGciOiJIUzI1NiIsInR5cCI6IkpXVCJ9.eyJwb3J0YWxfdXNlcl9pZCI6ImFkbWluLTAwMSIsImNsaWVudF9pZCI6bnVsbCwiZW1haWwiOiJhZG1pbkBwbGVlcml0eS5jb20iLCJyb2xlIjoiUk9MRV9BRE1JTiIsImV4cCI6MTc2OTE4ODIyM30.ANx4Zm6QQWIEck3VRJ_oJnTFClldWdheiEZg7hte4yw', 'token_type': 'bearer', 'user': {'client_id': None, 'email': 'admin@pleerity.com', 'portal_user_id': 'admin-001', 'role': 'ROLE_ADMIN'}}</error></testcase><testcase classname="backend.tests.test_blog_api.TestBlogAPI" name="test_public_view_count_increment" time="0.000"><error message="failed on setup with &quot;AssertionError: No token in login response&#10;assert 'token' in {'access_token': 'eyJhbGciOiJIUzI1NiIsInR5cCI6IkpXVCJ9.eyJwb3J0YWxfdXNlcl9pZCI6ImFkbWluLTAwMSIsImNsaWVudF9pZCI6bnVsbCwiZW1haWwiOiJhZG1pbkBwbGVlcml0eS5jb20iLCJyb2xlIjoiUk9MRV9BRE1JTiIsImV4cCI6MTc2OTE4ODIyM30.ANx4Zm6QQWIEck3VRJ_oJnTFClldWdheiEZg7hte4yw', 'token_type': 'bearer', 'user': {'client_id': None, 'email': 'admin@pleerity.com', 'portal_user_id': 'admin-001', 'role': 'ROLE_ADMIN'}}&quot;">backend/tests/test_blog_api.py:28: in auth_token
    assert "token" in data, "No token in login response"
E   AssertionError: No token in login response
E   assert 'token' in {'access_token': 'eyJhbGciOiJIUzI1NiIsInR5cCI6IkpXVCJ9.eyJwb3J0YWxfdXNlcl9pZCI6ImFkbWluLTAwMSIsImNsaWVudF9pZCI6bnVsbCwiZW1haWwiOiJhZG1pbkBwbGVlcml0eS5jb20iLCJyb2xlIjoiUk9MRV9BRE1JTiIsImV4cCI6MTc2OTE4ODIyM30.ANx4Zm6QQWIEck3VRJ_oJnTFClldWdheiEZg7hte4yw', 'token_type': 'bearer', 'user': {'client_id': None, 'email': 'admin@pleerity.com', 'portal_user_id': 'admin-001', 'role': 'ROLE_ADMIN'}}</error></testcase><testcase classname="backend.tests.test_blog_api.TestBlogAPI" name="test_public_post_not_found" time="0.042" /><testcase classname="backend.tests.test_blog_api.TestBlogAPI" name="test_admin_delete_post" time="0.000"><error message="failed on setup with &quot;AssertionError: No token in login response&#10;assert 'token' in {'access_token': 'eyJhbGciOiJIUzI1NiIsInR5cCI6IkpXVCJ9.eyJwb3J0YWxfdXNlcl9pZCI6ImFkbWluLTAwMSIsImNsaWVudF9pZCI6bnVsbCwiZW1haWwiOiJhZG1pbkBwbGVlcml0eS5jb20iLCJyb2xlIjoiUk9MRV9BRE1JTiIsImV4cCI6MTc2OTE4ODIyM30.ANx4Zm6QQWIEck3VRJ_oJnTFClldWdheiEZg7hte4yw', 'token_type': 'bearer', 'user': {'client_id': None, 'email': 'admin@pleerity.com', 'portal_user_id': 'admin-001', 'role': 'ROLE_ADMIN'}}&quot;">backend/tests/test_blog_api.py:28: in auth_token
    assert "token" in data, "No token in login response"
E   AssertionError: No token in login response
E   assert 'token' in {'access_token': 'eyJhbGciOiJIUzI1NiIsInR5cCI6IkpXVCJ9.eyJwb3J0YWxfdXNlcl9pZCI6ImFkbWluLTAwMSIsImNsaWVudF9pZCI6bnVsbCwiZW1haWwiOiJhZG1pbkBwbGVlcml0eS5jb20iLCJyb2xlIjoiUk9MRV9BRE1JTiIsImV4cCI6MTc2OTE4ODIyM30.ANx4Zm6QQWIEck3VRJ_oJnTFClldWdheiEZg7hte4yw', 'token_type': 'bearer', 'user': {'client_id': None, 'email': 'admin@pleerity.com', 'portal_user_id': 'admin-001', 'role': 'ROLE_ADMIN'}}</error></testcase><testcase classname="backend.tests.test_blog_api.TestBlogAPI" name="test_admin_delete_invalid_post" time="0.000"><error message="failed on setup with &quot;AssertionError: No token in login response&#10;assert 'token' in {'access_token': 'eyJhbGciOiJIUzI1NiIsInR5cCI6IkpXVCJ9.eyJwb3J0YWxfdXNlcl9pZCI6ImFkbWluLTAwMSIsImNsaWVudF9pZCI6bnVsbCwiZW1haWwiOiJhZG1pbkBwbGVlcml0eS5jb20iLCJyb2xlIjoiUk9MRV9BRE1JTiIsImV4cCI6MTc2OTE4ODIyM30.ANx4Zm6QQWIEck3VRJ_oJnTFClldWdheiEZg7hte4yw', 'token_type': 'bearer', 'user': {'client_id': None, 'email': 'admin@pleerity.com', 'portal_user_id': 'admin-001', 'role': 'ROLE_ADMIN'}}&quot;">backend/tests/test_blog_api.py:28: in auth_token
    assert "token" in data, "No token in login response"
E   AssertionError: No token in login response
E   assert 'token' in {'access_token': 'eyJhbGciOiJIUzI1NiIsInR5cCI6IkpXVCJ9.eyJwb3J0YWxfdXNlcl9pZCI6ImFkbWluLTAwMSIsImNsaWVudF9pZCI6bnVsbCwiZW1haWwiOiJhZG1pbkBwbGVlcml0eS5jb20iLCJyb2xlIjoiUk9MRV9BRE1JTiIsImV4cCI6MTc2OTE4ODIyM30.ANx4Zm6QQWIEck3VRJ_oJnTFClldWdheiEZg7hte4yw', 'token_type': 'bearer', 'user': {'client_id': None, 'email': 'admin@pleerity.com', 'portal_user_id': 'admin-001', 'role': 'ROLE_ADMIN'}}</error></testcase><testcase classname="backend.tests.test_blog_api.TestBlogAPIUnauthorized" name="test_admin_posts_without_auth" time="0.045" /><testcase classname="backend.tests.test_blog_api.TestBlogAPIUnauthorized" name="test_admin_create_without_auth" time="0.050" /><testcase classname="backend.tests.test_blog_api.TestBlogAPIUnauthorized" name="test_admin_categories_without_auth" time="0.036" /></testsuite></testsuites>