<?xml version="1.0" encoding="utf-8"?><testsuites name="pytest tests"><testsuite name="pytest" errors="0" failures="0" skipped="0" tests="30" time="2.445" timestamp="2026-01-20T13:17:34.619987+00:00" hostname="agent-env-f195497f-20bf-4bcb-9225-eb6968095c3a"><testcase classname="tests.test_intake_wizard.TestIntakePlansAPI" name="test_get_plans_returns_all_three_plans" time="0.086" /><testcase classname="tests.test_intake_wizard.TestIntakePlansAPI" name="test_plans_have_correct_property_limits" time="0.044" /><testcase classname="tests.test_intake_wizard.TestIntakePlansAPI" name="test_plans_have_correct_pricing" time="0.036" /><testcase classname="tests.test_intake_wizard.TestIntakePlansAPI" name="test_plans_have_features_list" time="0.043" /><testcase classname="tests.test_intake_wizard.TestCouncilsSearchAPI" name="test_search_councils_by_query" time="0.043" /><testcase classname="tests.test_intake_wizard.TestCouncilsSearchAPI" name="test_filter_councils_by_nation_wales" time="0.041" /><testcase classname="tests.test_intake_wizard.TestCouncilsSearchAPI" name="test_filter_councils_by_nation_scotland" time="0.043" /><testcase classname="tests.test_intake_wizard.TestCouncilsSearchAPI" name="test_councils_pagination" time="0.050" /><testcase classname="tests.test_intake_wizard.TestCouncilsSearchAPI" name="test_councils_have_required_fields" time="0.039" /><testcase classname="tests.test_intake_wizard.TestIntakeSubmitAPI" name="test_submit_intake_creates_client_with_customer_reference" time="0.106" /><testcase classname="tests.test_intake_wizard.TestIntakeSubmitAPI" name="test_submit_intake_validates_company_name_for_company_type" time="0.043" /><testcase classname="tests.test_intake_wizard.TestIntakeSubmitAPI" name="test_submit_intake_validates_company_name_for_agent_type" time="0.043" /><testcase classname="tests.test_intake_wizard.TestIntakeSubmitAPI" name="test_submit_intake_validates_phone_for_sms_contact" time="0.081" /><testcase classname="tests.test_intake_wizard.TestIntakeSubmitAPI" name="test_submit_intake_validates_phone_for_both_contact" time="0.046" /><testcase classname="tests.test_intake_wizard.TestIntakeSubmitAPI" name="test_submit_intake_enforces_plan_1_property_limit" time="0.041" /><testcase classname="tests.test_intake_wizard.TestIntakeSubmitAPI" name="test_submit_intake_allows_5_properties_for_plan_2_5" time="0.048" /><testcase classname="tests.test_intake_wizard.TestIntakeSubmitAPI" name="test_submit_intake_rejects_6_properties_for_plan_2_5" time="0.046" /><testcase classname="tests.test_intake_wizard.TestIntakeSubmitAPI" name="test_submit_intake_validates_consent_data_processing" time="0.055" /><testcase classname="tests.test_intake_wizard.TestIntakeSubmitAPI" name="test_submit_intake_validates_consent_service_boundary" time="0.051" /><testcase classname="tests.test_intake_wizard.TestIntakeSubmitAPI" name="test_submit_intake_validates_email_consent_for_email_method" time="0.046" /><testcase classname="tests.test_intake_wizard.TestIntakeSubmitAPI" name="test_submit_intake_stores_property_fields" time="0.054" /><testcase classname="tests.test_intake_wizard.TestIntakeSubmitAPI" name="test_submit_intake_validates_agent_details_when_reminders_to_agent" time="0.054" /><testcase classname="tests.test_intake_wizard.TestIntakeSubmitAPI" name="test_submit_intake_accepts_valid_agent_details" time="0.046" /><testcase classname="tests.test_intake_wizard.TestIntakeSubmitAPI" name="test_submit_intake_rejects_empty_properties" time="0.046" /><testcase classname="tests.test_intake_wizard.TestIntakeSubmitAPI" name="test_submit_intake_rejects_duplicate_email" time="0.097" /><testcase classname="tests.test_intake_wizard.TestIntakeCheckoutAPI" name="test_checkout_creates_stripe_session" time="0.737" /><testcase classname="tests.test_intake_wizard.TestIntakeCheckoutAPI" name="test_checkout_returns_404_for_invalid_client" time="0.045" /><testcase classname="tests.test_intake_wizard.TestOnboardingStatusAPI" name="test_onboarding_status_returns_detailed_progress" time="0.106" /><testcase classname="tests.test_intake_wizard.TestOnboardingStatusAPI" name="test_onboarding_status_returns_404_for_invalid_client" time="0.042" /><testcase classname="tests.test_intake_wizard.TestCustomerReferenceFormat" name="test_customer_reference_format_validation" time="0.086" /></testsuite></testsuites>