<?xml version="1.0" encoding="utf-8"?><testsuites name="pytest tests"><testsuite name="pytest" errors="0" failures="0" skipped="0" tests="27" time="1.313" timestamp="2026-01-22T21:30:12.896939+00:00" hostname="agent-env-888dd2d1-0be8-45d0-94b4-c5c7ac2ff462"><testcase classname="tests.test_sla_and_client_portal.TestSLAConfiguration" name="test_sla_config_document_pack_standard" time="0.085" /><testcase classname="tests.test_sla_and_client_portal.TestSLAConfiguration" name="test_sla_config_compliance_standard" time="0.000" /><testcase classname="tests.test_sla_and_client_portal.TestSLAConfiguration" name="test_sla_config_automation_standard" time="0.000" /><testcase classname="tests.test_sla_and_client_portal.TestSLAConfiguration" name="test_sla_config_market_research" time="0.000" /><testcase classname="tests.test_sla_and_client_portal.TestSLAConfiguration" name="test_sla_service_overrides_exist" time="0.000" /><testcase classname="tests.test_sla_and_client_portal.TestSLAConfiguration" name="test_get_sla_hours_for_order_function" time="0.000" /><testcase classname="tests.test_sla_and_client_portal.TestAdminNotificationPreferences" name="test_get_notification_preferences_requires_auth" time="0.061" /><testcase classname="tests.test_sla_and_client_portal.TestAdminNotificationPreferences" name="test_get_notification_preferences_success" time="0.316" /><testcase classname="tests.test_sla_and_client_portal.TestAdminNotificationPreferences" name="test_update_notification_preferences_requires_auth" time="0.041" /><testcase classname="tests.test_sla_and_client_portal.TestAdminNotificationPreferences" name="test_update_notification_preferences_success" time="0.042" /><testcase classname="tests.test_sla_and_client_portal.TestAdminNotificationPreferences" name="test_get_admin_profile" time="0.040" /><testcase classname="tests.test_sla_and_client_portal.TestAdminNotificationPreferences" name="test_list_notifications" time="0.039" /><testcase classname="tests.test_sla_and_client_portal.TestAdminNotificationPreferences" name="test_get_unread_count" time="0.039" /><testcase classname="tests.test_sla_and_client_portal.TestClientOrdersAPI" name="test_list_client_orders_requires_auth" time="0.039" /><testcase classname="tests.test_sla_and_client_portal.TestClientOrdersAPI" name="test_list_client_orders_success" time="0.342" /><testcase classname="tests.test_sla_and_client_portal.TestClientOrdersAPI" name="test_list_client_orders_with_status_filter" time="0.038" /><testcase classname="tests.test_sla_and_client_portal.TestClientOrdersAPI" name="test_get_client_order_not_found" time="0.082" /><testcase classname="tests.test_sla_and_client_portal.TestClientDocumentsAPI" name="test_get_documents_requires_auth" time="0.041" /><testcase classname="tests.test_sla_and_client_portal.TestClientDocumentsAPI" name="test_get_documents_order_not_found" time="0.043" /><testcase classname="tests.test_sla_and_client_portal.TestClientDocumentsAPI" name="test_download_document_requires_auth" time="0.038" /><testcase classname="tests.test_sla_and_client_portal.TestSLAFunctions" name="test_initialize_order_sla_function_exists" time="0.000" /><testcase classname="tests.test_sla_and_client_portal.TestSLAFunctions" name="test_log_sla_event_function_exists" time="0.000" /><testcase classname="tests.test_sla_and_client_portal.TestSLAFunctions" name="test_sla_paused_states_defined" time="0.000" /><testcase classname="tests.test_sla_and_client_portal.TestWorkflowAutomationService" name="test_wf1_payment_to_queue_exists" time="0.000" /><testcase classname="tests.test_sla_and_client_portal.TestWorkflowAutomationService" name="test_wf5_client_response_exists" time="0.000" /><testcase classname="tests.test_sla_and_client_portal.TestWorkflowAutomationService" name="test_wf9_sla_check_exists" time="0.000" /><testcase classname="tests.test_sla_and_client_portal.TestFastTrackGuardrails" name="test_fast_track_guardrails_defined" time="0.000" /></testsuite></testsuites>