<?xml version="1.0" encoding="utf-8"?><testsuites name="pytest tests"><testsuite name="pytest" errors="0" failures="1" skipped="0" tests="27" time="3.045" timestamp="2026-01-23T16:47:37.170557+00:00" hostname="agent-env-9796ddb2-bd38-4013-93da-469dac7e5b29"><testcase classname="backend.tests.test_new_features_iter50.TestWhatsAppHandoffAudit" name="test_whatsapp_handoff_audit_endpoint_exists" time="0.069" /><testcase classname="backend.tests.test_new_features_iter50.TestWhatsAppHandoffAudit" name="test_whatsapp_handoff_audit_logs_event" time="0.037"><failure message="assert ('audit_id' in {'event': 'SUPPORT_WHATSAPP_HANDOFF_CLICKED', 'success': True} or 'logged' in &quot;{'success': true, 'event': 'support_whatsapp_handoff_clicked'}&quot;)&#10; +  where &quot;{'success': true, 'event': 'support_whatsapp_handoff_clicked'}&quot; = &lt;built-in method lower of str object at 0xf93e15a5af30&gt;()&#10; +    where &lt;built-in method lower of str object at 0xf93e15a5af30&gt; = &quot;{'success': True, 'event': 'SUPPORT_WHATSAPP_HANDOFF_CLICKED'}&quot;.lower&#10; +      where &quot;{'success': True, 'event': 'SUPPORT_WHATSAPP_HANDOFF_CLICKED'}&quot; = str({'event': 'SUPPORT_WHATSAPP_HANDOFF_CLICKED', 'success': True})">backend/tests/test_new_features_iter50.py:78: in test_whatsapp_handoff_audit_logs_event
    assert "audit_id" in data or "logged" in str(data).lower()
E   assert ('audit_id' in {'event': 'SUPPORT_WHATSAPP_HANDOFF_CLICKED', 'success': True} or 'logged' in "{'success': true, 'event': 'support_whatsapp_handoff_clicked'}")
E    +  where "{'success': true, 'event': 'support_whatsapp_handoff_clicked'}" = &lt;built-in method lower of str object at 0xf93e15a5af30&gt;()
E    +    where &lt;built-in method lower of str object at 0xf93e15a5af30&gt; = "{'success': True, 'event': 'SUPPORT_WHATSAPP_HANDOFF_CLICKED'}".lower
E    +      where "{'success': True, 'event': 'SUPPORT_WHATSAPP_HANDOFF_CLICKED'}" = str({'event': 'SUPPORT_WHATSAPP_HANDOFF_CLICKED', 'success': True})</failure></testcase><testcase classname="backend.tests.test_new_features_iter50.TestWhatsAppHandoffAudit" name="test_whatsapp_handoff_audit_with_authenticated_user" time="0.044" /><testcase classname="backend.tests.test_new_features_iter50.TestAdminIntakeSchemaManager" name="test_get_services_list" time="0.335" /><testcase classname="backend.tests.test_new_features_iter50.TestAdminIntakeSchemaManager" name="test_get_schema_for_editing" time="0.074" /><testcase classname="backend.tests.test_new_features_iter50.TestAdminIntakeSchemaManager" name="test_save_draft_schema" time="0.101" /><testcase classname="backend.tests.test_new_features_iter50.TestAdminIntakeSchemaManager" name="test_publish_schema" time="0.138" /><testcase classname="backend.tests.test_new_features_iter50.TestAdminIntakeSchemaManager" name="test_schema_requires_admin" time="0.039" /><testcase classname="backend.tests.test_new_features_iter50.TestAdminCannedResponses" name="test_list_canned_responses" time="0.301" /><testcase classname="backend.tests.test_new_features_iter50.TestAdminCannedResponses" name="test_create_canned_response" time="0.042" /><testcase classname="backend.tests.test_new_features_iter50.TestAdminCannedResponses" name="test_get_single_response" time="0.073" /><testcase classname="backend.tests.test_new_features_iter50.TestAdminCannedResponses" name="test_update_canned_response" time="0.072" /><testcase classname="backend.tests.test_new_features_iter50.TestAdminCannedResponses" name="test_soft_delete_canned_response" time="0.103" /><testcase classname="backend.tests.test_new_features_iter50.TestAdminCannedResponses" name="test_reactivate_canned_response" time="0.214" /><testcase classname="backend.tests.test_new_features_iter50.TestAdminCannedResponses" name="test_canned_responses_requires_admin" time="0.037" /><testcase classname="backend.tests.test_new_features_iter50.TestKnowledgeBasePublic" name="test_get_categories" time="0.042" /><testcase classname="backend.tests.test_new_features_iter50.TestKnowledgeBasePublic" name="test_get_featured_articles" time="0.037" /><testcase classname="backend.tests.test_new_features_iter50.TestKnowledgeBasePublic" name="test_search_articles" time="0.051" /><testcase classname="backend.tests.test_new_features_iter50.TestKnowledgeBasePublic" name="test_get_articles_by_category" time="0.046" /><testcase classname="backend.tests.test_new_features_iter50.TestKnowledgeBaseAdmin" name="test_create_article" time="0.303" /><testcase classname="backend.tests.test_new_features_iter50.TestKnowledgeBaseAdmin" name="test_publish_article" time="0.078" /><testcase classname="backend.tests.test_new_features_iter50.TestKnowledgeBaseAdmin" name="test_get_analytics" time="0.039" /><testcase classname="backend.tests.test_new_features_iter50.TestKnowledgeBaseAdmin" name="test_list_admin_articles" time="0.042" /><testcase classname="backend.tests.test_new_features_iter50.TestKnowledgeBaseAdmin" name="test_kb_admin_requires_auth" time="0.068" /><testcase classname="backend.tests.test_new_features_iter50.TestIntegration" name="test_support_chat_with_handoff_options" time="0.051" /><testcase classname="backend.tests.test_new_features_iter50.TestIntegration" name="test_quick_action_speak_to_human" time="0.034" /><testcase classname="backend.tests.test_new_features_iter50.TestCleanup" name="test_cleanup_test_responses" time="0.487" /></testsuite></testsuites>