<?xml version="1.0" encoding="utf-8"?><testsuites name="pytest tests"><testsuite name="pytest" errors="0" failures="0" skipped="0" tests="19" time="4.875" timestamp="2026-01-23T22:22:45.049707+00:00" hostname="agent-env-dd7bd291-964a-4f38-9ebf-9c0b6ca752f3"><testcase classname="tests.test_prompt_manager.TestPromptManagerAuth" name="test_endpoints_require_auth" time="0.222" /><testcase classname="tests.test_prompt_manager.TestPromptManagerAuth" name="test_admin_can_access" time="0.323" /><testcase classname="tests.test_prompt_manager.TestPromptTemplatesCRUD" name="test_list_templates" time="0.298" /><testcase classname="tests.test_prompt_manager.TestPromptTemplatesCRUD" name="test_get_stats_overview" time="0.039" /><testcase classname="tests.test_prompt_manager.TestPromptTemplatesCRUD" name="test_get_service_codes" time="0.034" /><testcase classname="tests.test_prompt_manager.TestPromptTemplatesCRUD" name="test_get_doc_types" time="0.055" /><testcase classname="tests.test_prompt_manager.TestPromptTemplatesCRUD" name="test_create_template" time="0.037" /><testcase classname="tests.test_prompt_manager.TestPromptTemplatesCRUD" name="test_create_template_requires_injection_pattern" time="0.034" /><testcase classname="tests.test_prompt_manager.TestPromptTemplatesCRUD" name="test_get_template_by_id" time="0.067" /><testcase classname="tests.test_prompt_manager.TestPromptTemplatesCRUD" name="test_update_draft_template" time="0.080" /><testcase classname="tests.test_prompt_manager.TestPromptTemplatesCRUD" name="test_list_with_filters" time="0.122" /><testcase classname="tests.test_prompt_manager.TestPromptPlayground" name="test_execute_test" time="1.665" /><testcase classname="tests.test_prompt_manager.TestPromptPlayground" name="test_get_test_results" time="0.034" /><testcase classname="tests.test_prompt_manager.TestPromptLifecycle" name="test_full_lifecycle" time="1.006" /><testcase classname="tests.test_prompt_manager.TestPromptLifecycle" name="test_cannot_activate_without_test" time="0.070" /><testcase classname="tests.test_prompt_manager.TestAuditLog" name="test_get_audit_log" time="0.304" /><testcase classname="tests.test_prompt_manager.TestAuditLog" name="test_audit_log_has_required_fields" time="0.034" /><testcase classname="tests.test_prompt_manager.TestAuditLog" name="test_filter_audit_by_template" time="0.073" /><testcase classname="tests.test_prompt_manager.TestArchiveTemplate" name="test_archive_draft_template" time="0.327" /></testsuite></testsuites>