<?xml version="1.0" encoding="utf-8"?><testsuites name="pytest tests"><testsuite name="pytest" errors="0" failures="0" skipped="0" tests="17" time="3.636" timestamp="2026-01-23T22:51:28.183700+00:00" hostname="agent-env-dd7bd291-964a-4f38-9ebf-9c0b6ca752f3"><testcase classname="backend.tests.test_prompt_manager_bridge_analytics.TestPromptManagerBridgeIntegration" name="test_bridge_service_exists" time="0.400" /><testcase classname="backend.tests.test_prompt_manager_bridge_analytics.TestPromptManagerBridgeIntegration" name="test_active_prompt_lookup" time="0.990" /><testcase classname="backend.tests.test_prompt_manager_bridge_analytics.TestAnalyticsPerformanceEndpoint" name="test_performance_analytics_structure" time="0.295" /><testcase classname="backend.tests.test_prompt_manager_bridge_analytics.TestAnalyticsPerformanceEndpoint" name="test_performance_analytics_with_days_filter" time="0.159" /><testcase classname="backend.tests.test_prompt_manager_bridge_analytics.TestAnalyticsPerformanceEndpoint" name="test_performance_analytics_with_template_filter" time="0.041" /><testcase classname="backend.tests.test_prompt_manager_bridge_analytics.TestAnalyticsPerformanceEndpoint" name="test_performance_analytics_with_service_filter" time="0.034" /><testcase classname="backend.tests.test_prompt_manager_bridge_analytics.TestAnalyticsTopPromptsEndpoint" name="test_top_prompts_structure" time="0.292" /><testcase classname="backend.tests.test_prompt_manager_bridge_analytics.TestAnalyticsTopPromptsEndpoint" name="test_top_prompts_sort_options" time="0.101" /><testcase classname="backend.tests.test_prompt_manager_bridge_analytics.TestAnalyticsTopPromptsEndpoint" name="test_top_prompts_limit" time="0.104" /><testcase classname="backend.tests.test_prompt_manager_bridge_analytics.TestAnalyticsExecutionTimelineEndpoint" name="test_execution_timeline_structure" time="0.299" /><testcase classname="backend.tests.test_prompt_manager_bridge_analytics.TestAnalyticsExecutionTimelineEndpoint" name="test_execution_timeline_days_filter" time="0.111" /><testcase classname="backend.tests.test_prompt_manager_bridge_analytics.TestPromptVersionUsedTracking" name="test_prompt_version_info_structure" time="0.334" /><testcase classname="backend.tests.test_prompt_manager_bridge_analytics.TestAnalyticsAuthRequired" name="test_performance_requires_auth" time="0.034" /><testcase classname="backend.tests.test_prompt_manager_bridge_analytics.TestAnalyticsAuthRequired" name="test_top_prompts_requires_auth" time="0.038" /><testcase classname="backend.tests.test_prompt_manager_bridge_analytics.TestAnalyticsAuthRequired" name="test_execution_timeline_requires_auth" time="0.033" /><testcase classname="backend.tests.test_prompt_manager_bridge_analytics.TestAnalyticsDataIntegrity" name="test_success_rate_calculation" time="0.290" /><testcase classname="backend.tests.test_prompt_manager_bridge_analytics.TestAnalyticsDataIntegrity" name="test_by_prompt_aggregation" time="0.031" /></testsuite></testsuites>