<?xml version="1.0" encoding="utf-8"?><testsuites name="pytest tests"><testsuite name="pytest" errors="0" failures="0" skipped="0" tests="16" time="1.330" timestamp="2026-01-19T23:38:26.378670+00:00" hostname="agent-env-d321fad6-2729-43cf-9821-b9f65fff390e"><testcase classname="tests.test_iteration5_features.TestCalendarExpiriesAPI" name="test_calendar_expiries_returns_200" time="0.331" /><testcase classname="tests.test_iteration5_features.TestCalendarExpiriesAPI" name="test_calendar_expiries_structure" time="0.014" /><testcase classname="tests.test_iteration5_features.TestCalendarExpiriesAPI" name="test_calendar_expiries_with_year_month" time="0.058" /><testcase classname="tests.test_iteration5_features.TestCalendarExpiriesAPI" name="test_calendar_expiries_events_grouped_by_date" time="0.012" /><testcase classname="tests.test_iteration5_features.TestCalendarUpcomingAPI" name="test_calendar_upcoming_returns_200" time="0.014" /><testcase classname="tests.test_iteration5_features.TestCalendarUpcomingAPI" name="test_calendar_upcoming_structure" time="0.014" /><testcase classname="tests.test_iteration5_features.TestCalendarUpcomingAPI" name="test_calendar_upcoming_with_days_parameter" time="0.049" /><testcase classname="tests.test_iteration5_features.TestCalendarUpcomingAPI" name="test_calendar_upcoming_sorted_by_date" time="0.012" /><testcase classname="tests.test_iteration5_features.TestCalendarUpcomingAPI" name="test_calendar_upcoming_has_urgency" time="0.013" /><testcase classname="tests.test_iteration5_features.TestSMSPreferencesAPI" name="test_get_notification_preferences_includes_sms" time="0.059" /><testcase classname="tests.test_iteration5_features.TestSMSPreferencesAPI" name="test_update_sms_preferences" time="0.132" /><testcase classname="tests.test_iteration5_features.TestPropertyEnhancedAttributes" name="test_get_properties_includes_enhanced_attributes" time="0.014" /><testcase classname="tests.test_iteration5_features.TestPropertyEnhancedAttributes" name="test_create_property_with_enhanced_attributes" time="0.020" /><testcase classname="tests.test_iteration5_features.TestHealthAndBasicEndpoints" name="test_health_endpoint" time="0.051" /><testcase classname="tests.test_iteration5_features.TestHealthAndBasicEndpoints" name="test_client_login" time="0.234" /><testcase classname="tests.test_iteration5_features.TestHealthAndBasicEndpoints" name="test_admin_login" time="0.282" /></testsuite></testsuites>