<?xml version="1.0" encoding="utf-8"?><testsuites name="pytest tests"><testsuite name="pytest" errors="0" failures="2" skipped="0" tests="23" time="14.683" timestamp="2026-01-20T00:42:32.527258+00:00" hostname="agent-env-2a9eb7e0-0e1f-4bcd-8dbf-1bdd75151f04"><testcase classname="tests.test_iteration8_features.TestHealthAndAuth" name="test_health_endpoint" time="0.074" /><testcase classname="tests.test_iteration8_features.TestHealthAndAuth" name="test_client_login" time="0.265" /><testcase classname="tests.test_iteration8_features.TestHealthAndAuth" name="test_admin_login" time="0.265" /><testcase classname="tests.test_iteration8_features.TestReportsEndpoints" name="test_get_available_reports" time="0.303" /><testcase classname="tests.test_iteration8_features.TestReportsEndpoints" name="test_compliance_summary_report_csv" time="0.354" /><testcase classname="tests.test_iteration8_features.TestReportsEndpoints" name="test_compliance_summary_report_pdf" time="0.304" /><testcase classname="tests.test_iteration8_features.TestReportsEndpoints" name="test_requirements_report_csv" time="0.305" /><testcase classname="tests.test_iteration8_features.TestReportsEndpoints" name="test_requirements_report_with_property_filter" time="0.347" /><testcase classname="tests.test_iteration8_features.TestAuditLogsReport" name="test_audit_logs_report_csv" time="0.315" /><testcase classname="tests.test_iteration8_features.TestAuditLogsReport" name="test_audit_logs_report_with_filters" time="0.306" /><testcase classname="tests.test_iteration8_features.TestTenantPortal" name="test_tenant_dashboard" time="0.305" /><testcase classname="tests.test_iteration8_features.TestTenantPortal" name="test_tenant_property_details" time="0.421"><failure message="KeyError: 'property_id'">tests/test_iteration8_features.py:240: in test_tenant_property_details
    assert data["property"]["property_id"] == property_id
           ^^^^^^^^^^^^^^^^^^^^^^^^^^^^^^^
E   KeyError: 'property_id'</failure></testcase><testcase classname="tests.test_iteration8_features.TestClientTenantManagement" name="test_list_tenants" time="0.297" /><testcase classname="tests.test_iteration8_features.TestClientTenantManagement" name="test_invite_tenant" time="0.305"><failure message="assert 520 == 200&#10; +  where 520 = &lt;Response [520]&gt;.status_code">tests/test_iteration8_features.py:294: in test_invite_tenant
    assert response.status_code == 200
E   assert 520 == 200
E    +  where 520 = &lt;Response [520]&gt;.status_code</failure></testcase><testcase classname="tests.test_iteration8_features.TestBulkUpload" name="test_bulk_upload_endpoint_exists" time="0.336" /><testcase classname="tests.test_iteration8_features.TestDocumentAnalysis" name="test_list_documents" time="0.299" /><testcase classname="tests.test_iteration8_features.TestDocumentAnalysis" name="test_document_details" time="0.358" /><testcase classname="tests.test_iteration8_features.TestDocumentAnalysis" name="test_document_extraction_endpoint" time="0.344" /><testcase classname="tests.test_iteration8_features.TestDocumentAnalysis" name="test_analyze_document_endpoint" time="7.798" /><testcase classname="tests.test_iteration8_features.TestDocumentAnalysis" name="test_reject_extraction_endpoint" time="0.363" /><testcase classname="tests.test_iteration8_features.TestClientDashboard" name="test_client_dashboard" time="0.295" /><testcase classname="tests.test_iteration8_features.TestClientDashboard" name="test_client_properties" time="0.336" /><testcase classname="tests.test_iteration8_features.TestClientDashboard" name="test_client_requirements" time="0.300" /></testsuite></testsuites>