<?xml version="1.0" encoding="utf-8"?><testsuites name="pytest tests"><testsuite name="pytest" errors="0" failures="0" skipped="0" tests="34" time="1.821" timestamp="2026-01-22T18:20:13.005836+00:00" hostname="agent-env-527a7995-ec26-48b2-b329-d3122c149ffd"><testcase classname="backend.tests.test_service_catalogue_v2.TestPublicServicesV2" name="test_list_all_services_returns_11_non_cvp" time="0.094" /><testcase classname="backend.tests.test_service_catalogue_v2.TestPublicServicesV2" name="test_services_by_category_groups_correctly" time="0.042" /><testcase classname="backend.tests.test_service_catalogue_v2.TestPublicServicesV2" name="test_document_packs_returns_tier_order" time="0.043" /><testcase classname="backend.tests.test_service_catalogue_v2.TestPublicServicesV2" name="test_document_pack_essential_has_5_documents" time="0.046" /><testcase classname="backend.tests.test_service_catalogue_v2.TestPublicServicesV2" name="test_document_pack_plus_inherits_11_documents" time="0.094" /><testcase classname="backend.tests.test_service_catalogue_v2.TestPublicServicesV2" name="test_document_pack_pro_inherits_15_documents" time="0.049" /><testcase classname="backend.tests.test_service_catalogue_v2.TestPublicServicesV2" name="test_get_service_details" time="0.038" /><testcase classname="backend.tests.test_service_catalogue_v2.TestPublicServicesV2" name="test_get_service_not_found" time="0.039" /><testcase classname="backend.tests.test_service_catalogue_v2.TestPublicServicesV2" name="test_get_service_intake_fields" time="0.038" /><testcase classname="backend.tests.test_service_catalogue_v2.TestPublicServicesV2" name="test_price_calculation_base" time="0.037" /><testcase classname="backend.tests.test_service_catalogue_v2.TestPublicServicesV2" name="test_price_calculation_with_fast_track" time="0.037" /><testcase classname="backend.tests.test_service_catalogue_v2.TestPublicServicesV2" name="test_price_calculation_with_printed_copy" time="0.036" /><testcase classname="backend.tests.test_service_catalogue_v2.TestPublicServicesV2" name="test_price_calculation_with_both_addons" time="0.040" /><testcase classname="backend.tests.test_service_catalogue_v2.TestPublicServicesV2" name="test_printed_copy_not_available_for_non_document_packs" time="0.036" /><testcase classname="backend.tests.test_service_catalogue_v2.TestPublicServicesV2" name="test_cvp_plans_returns_3_tiers" time="0.037" /><testcase classname="backend.tests.test_service_catalogue_v2.TestAdminServicesV2" name="test_admin_list_requires_auth" time="0.037" /><testcase classname="backend.tests.test_service_catalogue_v2.TestAdminServicesV2" name="test_admin_list_services" time="0.331" /><testcase classname="backend.tests.test_service_catalogue_v2.TestAdminServicesV2" name="test_admin_stats_returns_correct_counts" time="0.078" /><testcase classname="backend.tests.test_service_catalogue_v2.TestAdminServicesV2" name="test_admin_categories_returns_all_enums" time="0.038" /><testcase classname="backend.tests.test_service_catalogue_v2.TestAdminServicesV2" name="test_admin_get_single_service" time="0.041" /><testcase classname="backend.tests.test_service_catalogue_v2.TestAdminServicesV2" name="test_admin_get_service_documents_with_inheritance" time="0.037" /><testcase classname="backend.tests.test_service_catalogue_v2.TestAdminServicesV2" name="test_admin_get_service_documents_without_inheritance" time="0.045" /><testcase classname="backend.tests.test_service_catalogue_v2.TestAdminServicesV2" name="test_admin_calculate_price" time="0.038" /><testcase classname="backend.tests.test_service_catalogue_v2.TestServiceCodes" name="test_service_exists_with_correct_properties[AI_WF_BLUEPRINT-ai_automation-7900]" time="0.035" /><testcase classname="backend.tests.test_service_catalogue_v2.TestServiceCodes" name="test_service_exists_with_correct_properties[AI_PROC_MAP-ai_automation-12900]" time="0.036" /><testcase classname="backend.tests.test_service_catalogue_v2.TestServiceCodes" name="test_service_exists_with_correct_properties[AI_TOOLS-ai_automation-5900]" time="0.038" /><testcase classname="backend.tests.test_service_catalogue_v2.TestServiceCodes" name="test_service_exists_with_correct_properties[MR_BASIC-market_research-6900]" time="0.036" /><testcase classname="backend.tests.test_service_catalogue_v2.TestServiceCodes" name="test_service_exists_with_correct_properties[MR_ADV-market_research-14900]" time="0.037" /><testcase classname="backend.tests.test_service_catalogue_v2.TestServiceCodes" name="test_service_exists_with_correct_properties[COMP_HMO-compliance-7900]" time="0.032" /><testcase classname="backend.tests.test_service_catalogue_v2.TestServiceCodes" name="test_service_exists_with_correct_properties[COMP_FULL_AUDIT-compliance-9900]" time="0.037" /><testcase classname="backend.tests.test_service_catalogue_v2.TestServiceCodes" name="test_service_exists_with_correct_properties[COMP_MOVEOUT-compliance-3500]" time="0.037" /><testcase classname="backend.tests.test_service_catalogue_v2.TestServiceCodes" name="test_service_exists_with_correct_properties[DOC_PACK_ESSENTIAL-document_pack-2900]" time="0.035" /><testcase classname="backend.tests.test_service_catalogue_v2.TestServiceCodes" name="test_service_exists_with_correct_properties[DOC_PACK_PLUS-document_pack-4900]" time="0.039" /><testcase classname="backend.tests.test_service_catalogue_v2.TestServiceCodes" name="test_service_exists_with_correct_properties[DOC_PACK_PRO-document_pack-7900]" time="0.037" /></testsuite></testsuites>