<?xml version="1.0" encoding="utf-8"?><testsuites name="pytest tests"><testsuite name="pytest" errors="0" failures="0" skipped="0" tests="15" time="40.678" timestamp="2026-01-20T21:37:40.219855+00:00" hostname="agent-env-f08d802d-ca63-44bb-83f8-095e1369756e"><testcase classname="tests.test_iteration17_admin_assistant.TestAdminAssistantFeature" name="test_crn_lookup_success" time="0.321" /><testcase classname="tests.test_iteration17_admin_assistant.TestAdminAssistantFeature" name="test_crn_lookup_not_found" time="0.280" /><testcase classname="tests.test_iteration17_admin_assistant.TestAdminAssistantFeature" name="test_crn_lookup_missing_crn" time="0.277" /><testcase classname="tests.test_iteration17_admin_assistant.TestAdminAssistantFeature" name="test_crn_lookup_short_crn" time="0.266" /><testcase classname="tests.test_iteration17_admin_assistant.TestAdminAssistantFeature" name="test_crn_lookup_requires_admin" time="0.352" /><testcase classname="tests.test_iteration17_admin_assistant.TestAdminAssistantFeature" name="test_assistant_ask_success" time="2.464" /><testcase classname="tests.test_iteration17_admin_assistant.TestAdminAssistantFeature" name="test_assistant_ask_invalid_crn" time="0.273" /><testcase classname="tests.test_iteration17_admin_assistant.TestAdminAssistantFeature" name="test_assistant_ask_missing_crn" time="0.270" /><testcase classname="tests.test_iteration17_admin_assistant.TestAdminAssistantFeature" name="test_assistant_ask_empty_question" time="0.268" /><testcase classname="tests.test_iteration17_admin_assistant.TestAdminAssistantFeature" name="test_assistant_ask_long_question" time="0.310" /><testcase classname="tests.test_iteration17_admin_assistant.TestAdminAssistantFeature" name="test_assistant_ask_requires_admin" time="0.315" /><testcase classname="tests.test_iteration17_admin_assistant.TestAdminAssistantFeature" name="test_audit_log_crn_lookup" time="0.787" /><testcase classname="tests.test_iteration17_admin_assistant.TestAdminAssistantFeature" name="test_audit_log_assistant_query" time="20.470" /><testcase classname="tests.test_iteration17_admin_assistant.TestAdminAssistantFeature" name="test_assistant_different_questions" time="13.663" /><testcase classname="tests.test_iteration17_admin_assistant.TestAdminAssistantPageNavigation" name="test_admin_dashboard_accessible" time="0.316" /></testsuite></testsuites>