<?xml version="1.0" encoding="utf-8"?><testsuites name="pytest tests"><testsuite name="pytest" errors="0" failures="0" skipped="0" tests="24" time="15.240" timestamp="2026-01-23T12:52:52.115260+00:00" hostname="agent-env-f5103baf-4df6-4b2a-879f-b53bcd85890b"><testcase classname="backend.tests.test_support_system.TestSupportPublicEndpoints" name="test_chat_creates_conversation_and_returns_response" time="1.537" /><testcase classname="backend.tests.test_support_system.TestSupportPublicEndpoints" name="test_chat_continues_existing_conversation" time="2.249" /><testcase classname="backend.tests.test_support_system.TestSupportPublicEndpoints" name="test_chat_triggers_human_handoff" time="0.043" /><testcase classname="backend.tests.test_support_system.TestSupportPublicEndpoints" name="test_chat_refuses_legal_advice" time="0.673" /><testcase classname="backend.tests.test_support_system.TestSupportPublicEndpoints" name="test_chat_answers_service_questions" time="0.608" /><testcase classname="backend.tests.test_support_system.TestSupportPublicEndpoints" name="test_lookup_with_invalid_crn" time="0.056" /><testcase classname="backend.tests.test_support_system.TestSupportPublicEndpoints" name="test_create_ticket" time="0.038" /><testcase classname="backend.tests.test_support_system.TestSupportPublicEndpoints" name="test_create_ticket_with_conversation_link" time="1.092" /><testcase classname="backend.tests.test_support_system.TestSupportAdminEndpoints" name="test_get_support_stats" time="0.312" /><testcase classname="backend.tests.test_support_system.TestSupportAdminEndpoints" name="test_list_conversations" time="0.304" /><testcase classname="backend.tests.test_support_system.TestSupportAdminEndpoints" name="test_list_conversations_with_filters" time="0.302" /><testcase classname="backend.tests.test_support_system.TestSupportAdminEndpoints" name="test_list_tickets" time="0.307" /><testcase classname="backend.tests.test_support_system.TestSupportAdminEndpoints" name="test_list_tickets_with_filters" time="0.341" /><testcase classname="backend.tests.test_support_system.TestSupportAdminEndpoints" name="test_get_conversation_detail" time="0.891" /><testcase classname="backend.tests.test_support_system.TestSupportAdminEndpoints" name="test_admin_reply_to_conversation" time="1.305" /><testcase classname="backend.tests.test_support_system.TestSupportAdminEndpoints" name="test_admin_crn_lookup" time="0.350" /><testcase classname="backend.tests.test_support_system.TestSupportAdminEndpoints" name="test_get_ticket_detail" time="0.335" /><testcase classname="backend.tests.test_support_system.TestSupportAdminEndpoints" name="test_update_ticket_status" time="0.335" /><testcase classname="backend.tests.test_support_system.TestSupportAdminEndpoints" name="test_add_ticket_note" time="0.343" /><testcase classname="backend.tests.test_support_system.TestSupportChatbotBehavior" name="test_chatbot_greeting_response" time="0.643" /><testcase classname="backend.tests.test_support_system.TestSupportChatbotBehavior" name="test_chatbot_cvp_question" time="1.188" /><testcase classname="backend.tests.test_support_system.TestSupportChatbotBehavior" name="test_chatbot_billing_question" time="0.647" /><testcase classname="backend.tests.test_support_system.TestSupportChatbotBehavior" name="test_chatbot_detects_service_area" time="1.008" /><testcase classname="backend.tests.test_support_system.TestCleanup" name="test_cleanup_test_tickets" time="0.304" /></testsuite></testsuites>