<?xml version="1.0" encoding="utf-8"?><testsuites name="pytest tests"><testsuite name="pytest" errors="0" failures="0" skipped="0" tests="34" time="31.393" timestamp="2026-01-23T19:05:25.976520+00:00" hostname="agent-env-8ad7a9b8-4344-4478-b1fd-cdf70c5c0a9e"><testcase classname="backend.tests.test_cms_site_builder.TestCMSPageManagement" name="test_list_pages" time="0.356" /><testcase classname="backend.tests.test_cms_site_builder.TestCMSPageManagement" name="test_list_pages_requires_auth" time="0.040" /><testcase classname="backend.tests.test_cms_site_builder.TestCMSPageManagement" name="test_create_page" time="0.046" /><testcase classname="backend.tests.test_cms_site_builder.TestCMSPageManagement" name="test_create_page_duplicate_slug" time="0.078" /><testcase classname="backend.tests.test_cms_site_builder.TestCMSPageManagement" name="test_create_page_invalid_slug" time="0.035" /><testcase classname="backend.tests.test_cms_site_builder.TestCMSPageManagement" name="test_get_page_by_id" time="0.119" /><testcase classname="backend.tests.test_cms_site_builder.TestCMSPageManagement" name="test_get_page_not_found" time="0.033" /><testcase classname="backend.tests.test_cms_site_builder.TestCMSPageManagement" name="test_update_page" time="0.083" /><testcase classname="backend.tests.test_cms_site_builder.TestCMSPageManagement" name="test_delete_page" time="0.111" /><testcase classname="backend.tests.test_cms_site_builder.TestCMSBlockManagement" name="test_add_hero_block" time="0.113" /><testcase classname="backend.tests.test_cms_site_builder.TestCMSBlockManagement" name="test_add_text_block" time="0.074" /><testcase classname="backend.tests.test_cms_site_builder.TestCMSBlockManagement" name="test_add_cta_block" time="0.079" /><testcase classname="backend.tests.test_cms_site_builder.TestCMSBlockManagement" name="test_add_faq_block" time="0.073" /><testcase classname="backend.tests.test_cms_site_builder.TestCMSBlockManagement" name="test_add_block_invalid_content" time="0.080" /><testcase classname="backend.tests.test_cms_site_builder.TestCMSBlockManagement" name="test_add_video_embed_youtube" time="0.113" /><testcase classname="backend.tests.test_cms_site_builder.TestCMSBlockManagement" name="test_add_video_embed_invalid_url" time="0.071" /><testcase classname="backend.tests.test_cms_site_builder.TestCMSBlockManagement" name="test_update_block" time="0.124" /><testcase classname="backend.tests.test_cms_site_builder.TestCMSBlockManagement" name="test_toggle_block_visibility" time="0.114" /><testcase classname="backend.tests.test_cms_site_builder.TestCMSBlockManagement" name="test_delete_block" time="0.112" /><testcase classname="backend.tests.test_cms_site_builder.TestCMSBlockManagement" name="test_reorder_blocks" time="0.191" /><testcase classname="backend.tests.test_cms_site_builder.TestCMSPublishingWorkflow" name="test_publish_page" time="0.107" /><testcase classname="backend.tests.test_cms_site_builder.TestCMSPublishingWorkflow" name="test_publish_creates_revision" time="0.144" /><testcase classname="backend.tests.test_cms_site_builder.TestCMSPublishingWorkflow" name="test_edit_published_page_creates_draft" time="28.128" /><testcase classname="backend.tests.test_cms_site_builder.TestCMSPublishingWorkflow" name="test_rollback_to_revision" time="0.313" /><testcase classname="backend.tests.test_cms_site_builder.TestCMSMediaLibrary" name="test_list_media" time="0.040" /><testcase classname="backend.tests.test_cms_site_builder.TestCMSMediaLibrary" name="test_list_media_requires_auth" time="0.036" /><testcase classname="backend.tests.test_cms_site_builder.TestExistingTestPage" name="test_get_existing_homepage" time="0.035" /><testcase classname="backend.tests.test_cms_site_builder.TestExistingTestPage" name="test_get_published_page_public" time="0.037" /><testcase classname="backend.tests.test_cms_site_builder.TestBlockTypes" name="test_add_pricing_table_block" time="0.071" /><testcase classname="backend.tests.test_cms_site_builder.TestBlockTypes" name="test_add_features_grid_block" time="0.069" /><testcase classname="backend.tests.test_cms_site_builder.TestBlockTypes" name="test_add_testimonials_block" time="0.079" /><testcase classname="backend.tests.test_cms_site_builder.TestBlockTypes" name="test_add_contact_form_block" time="0.075" /><testcase classname="backend.tests.test_cms_site_builder.TestBlockTypes" name="test_add_stats_bar_block" time="0.071" /><testcase classname="backend.tests.test_cms_site_builder.TestBlockTypes" name="test_add_spacer_block" time="0.074" /></testsuite></testsuites>