<?xml version="1.0" encoding="utf-8"?><testsuites name="pytest tests"><testsuite name="pytest" errors="0" failures="0" skipped="0" tests="22" time="6.184" timestamp="2026-01-19T21:12:13.951115+00:00" hostname="agent-env-b137ab8c-3e9b-47d1-a043-0ab504fdb225"><testcase classname="tests.test_admin_endpoints.TestHealthCheck" name="test_health_endpoint" time="0.086" /><testcase classname="tests.test_admin_endpoints.TestAdminAuthentication" name="test_admin_login_success" time="0.268" /><testcase classname="tests.test_admin_endpoints.TestAdminAuthentication" name="test_admin_login_invalid_password" time="0.263" /><testcase classname="tests.test_admin_endpoints.TestAdminAuthentication" name="test_admin_login_invalid_email" time="0.079" /><testcase classname="tests.test_admin_endpoints.TestAdminDashboard" name="test_dashboard_with_auth" time="0.337" /><testcase classname="tests.test_admin_endpoints.TestAdminDashboard" name="test_dashboard_without_auth" time="0.299" /><testcase classname="tests.test_admin_endpoints.TestAdminClients" name="test_get_clients_list" time="0.306" /><testcase classname="tests.test_admin_endpoints.TestAdminClients" name="test_get_clients_with_pagination" time="0.310" /><testcase classname="tests.test_admin_endpoints.TestAdminClients" name="test_get_clients_without_auth" time="0.304" /><testcase classname="tests.test_admin_endpoints.TestAdminAuditLogs" name="test_get_audit_logs" time="0.301" /><testcase classname="tests.test_admin_endpoints.TestAdminAuditLogs" name="test_get_audit_logs_with_filters" time="0.299" /><testcase classname="tests.test_admin_endpoints.TestAdminAuditLogs" name="test_get_audit_logs_without_auth" time="0.364" /><testcase classname="tests.test_admin_endpoints.TestAdminJobsStatus" name="test_get_jobs_status" time="0.308" /><testcase classname="tests.test_admin_endpoints.TestAdminJobsStatus" name="test_get_jobs_status_without_auth" time="0.318" /><testcase classname="tests.test_admin_endpoints.TestAdminJobTrigger" name="test_trigger_daily_job" time="0.307" /><testcase classname="tests.test_admin_endpoints.TestAdminJobTrigger" name="test_trigger_monthly_job" time="0.336" /><testcase classname="tests.test_admin_endpoints.TestAdminJobTrigger" name="test_trigger_invalid_job_type" time="0.339" /><testcase classname="tests.test_admin_endpoints.TestAdminJobTrigger" name="test_trigger_job_without_auth" time="0.324" /><testcase classname="tests.test_admin_endpoints.TestAdminClientInvite" name="test_invite_client_success" time="0.302" /><testcase classname="tests.test_admin_endpoints.TestAdminClientInvite" name="test_invite_duplicate_email" time="0.336" /><testcase classname="tests.test_admin_endpoints.TestAdminClientInvite" name="test_invite_client_without_auth" time="0.298" /><testcase classname="tests.test_admin_endpoints.TestRootEndpoint" name="test_root_endpoint" time="0.037" /></testsuite></testsuites>