<?xml version="1.0" encoding="utf-8"?><testsuites name="pytest tests"><testsuite name="pytest" errors="0" failures="1" skipped="0" tests="10" time="2.806" timestamp="2026-01-25T17:23:06.070614+00:00" hostname="agent-env-f400fb17-fe8d-4371-9f17-48c8b0b86644"><testcase classname="backend.tests.test_clearform_admin_pricing.TestClearFormAdminEndpoints" name="test_clearform_admin_stats" time="0.355" /><testcase classname="backend.tests.test_clearform_admin_pricing.TestClearFormAdminEndpoints" name="test_clearform_admin_users" time="0.309" /><testcase classname="backend.tests.test_clearform_admin_pricing.TestClearFormAdminEndpoints" name="test_clearform_admin_documents" time="0.349" /><testcase classname="backend.tests.test_clearform_admin_pricing.TestClearFormAdminEndpoints" name="test_clearform_admin_requires_auth" time="0.382" /><testcase classname="backend.tests.test_clearform_admin_pricing.TestClearFormUserEndpoints" name="test_clearform_vault_endpoint" time="0.306" /><testcase classname="backend.tests.test_clearform_admin_pricing.TestClearFormUserEndpoints" name="test_clearform_credits_wallet" time="0.309" /><testcase classname="backend.tests.test_clearform_admin_pricing.TestClearFormUserEndpoints" name="test_clearform_credit_packages" time="0.313" /><testcase classname="backend.tests.test_clearform_admin_pricing.TestHealthAndBasicEndpoints" name="test_health_endpoint" time="0.040" /><testcase classname="backend.tests.test_clearform_admin_pricing.TestHealthAndBasicEndpoints" name="test_clearform_document_types" time="0.080" /><testcase classname="backend.tests.test_clearform_admin_pricing.TestPricingDataValidation" name="test_credit_package_prices" time="0.300"><failure message="AssertionError: Package missing price field&#10;assert 'price' in {'credits': 10, 'name': '10 Credits', 'package_id': 'credits_10', 'per_credit_price': 0.999, ...}">backend/tests/test_clearform_admin_pricing.py:242: in test_credit_package_prices
    assert "price" in pkg, "Package missing price field"
E   AssertionError: Package missing price field
E   assert 'price' in {'credits': 10, 'name': '10 Credits', 'package_id': 'credits_10', 'per_credit_price': 0.999, ...}</failure></testcase></testsuite></testsuites>