<?xml version="1.0" encoding="utf-8"?><testsuites name="pytest tests"><testsuite name="pytest" errors="0" failures="1" skipped="0" tests="14" time="4.021" timestamp="2026-01-25T18:36:58.381591+00:00" hostname="agent-env-d1aff51c-064c-424e-8114-4530971a0f95"><testcase classname="backend.tests.test_clearform_p0_features.TestClearFormServiceCatalogue" name="test_clearform_service_exists_in_catalogue" time="0.092" /><testcase classname="backend.tests.test_clearform_p0_features.TestClearFormServiceCatalogue" name="test_clearform_service_details" time="0.042" /><testcase classname="backend.tests.test_clearform_p0_features.TestClearFormAuth" name="test_login_success" time="0.287" /><testcase classname="backend.tests.test_clearform_p0_features.TestClearFormAuth" name="test_login_invalid_credentials" time="0.039" /><testcase classname="backend.tests.test_clearform_p0_features.TestClearFormCredits" name="test_get_wallet" time="0.302" /><testcase classname="backend.tests.test_clearform_p0_features.TestClearFormCredits" name="test_purchase_credits_creates_stripe_checkout" time="0.784" /><testcase classname="backend.tests.test_clearform_p0_features.TestClearFormCredits" name="test_purchase_credits_25" time="0.708" /><testcase classname="backend.tests.test_clearform_p0_features.TestClearFormCredits" name="test_purchase_credits_75" time="0.297"><failure message="assert 400 == 200&#10; +  where 400 = &lt;Response [400]&gt;.status_code">backend/tests/test_clearform_p0_features.py:157: in test_purchase_credits_75
    assert response.status_code == 200
E   assert 400 == 200
E    +  where 400 = &lt;Response [400]&gt;.status_code</failure></testcase><testcase classname="backend.tests.test_clearform_p0_features.TestClearFormSubscriptions" name="test_get_subscription_plans" time="0.039" /><testcase classname="backend.tests.test_clearform_p0_features.TestClearFormSubscriptions" name="test_get_current_subscription" time="0.339" /><testcase classname="backend.tests.test_clearform_p0_features.TestClearFormDocuments" name="test_get_document_types" time="0.037" /><testcase classname="backend.tests.test_clearform_p0_features.TestClearFormDocuments" name="test_get_document_vault" time="0.298" /><testcase classname="backend.tests.test_clearform_p0_features.TestClearFormDocuments" name="test_get_specific_document" time="0.340" /><testcase classname="backend.tests.test_clearform_p0_features.TestClearFormDocuments" name="test_download_document_pdf" time="0.347" /></testsuite></testsuites>