<?xml version="1.0" encoding="utf-8"?><testsuites name="pytest tests"><testsuite name="pytest" errors="0" failures="1" skipped="0" tests="24" time="15.472" timestamp="2026-01-23T12:50:02.238701+00:00" hostname="agent-env-f5103baf-4df6-4b2a-879f-b53bcd85890b"><testcase classname="backend.tests.test_support_system.TestSupportPublicEndpoints" name="test_chat_creates_conversation_and_returns_response" time="1.651" /><testcase classname="backend.tests.test_support_system.TestSupportPublicEndpoints" name="test_chat_continues_existing_conversation" time="1.880" /><testcase classname="backend.tests.test_support_system.TestSupportPublicEndpoints" name="test_chat_triggers_human_handoff" time="0.083" /><testcase classname="backend.tests.test_support_system.TestSupportPublicEndpoints" name="test_chat_refuses_legal_advice" time="1.186"><failure message="AssertionError: Expected legal_refusal flag in metadata&#10;assert False&#10; +  where False = &lt;built-in method get of dict object at 0xfdde9b9469c0&gt;('legal_refusal', False)&#10; +    where &lt;built-in method get of dict object at 0xfdde9b9469c0&gt; = {'ai_generated': True, 'category': 'other', 'model': 'gemini-2.0-flash', 'service_area': 'other', ...}.get">backend/tests/test_support_system.py:126: in test_chat_refuses_legal_advice
    assert data["metadata"].get("legal_refusal", False), "Expected legal_refusal flag in metadata"
E   AssertionError: Expected legal_refusal flag in metadata
E   assert False
E    +  where False = &lt;built-in method get of dict object at 0xfdde9b9469c0&gt;('legal_refusal', False)
E    +    where &lt;built-in method get of dict object at 0xfdde9b9469c0&gt; = {'ai_generated': True, 'category': 'other', 'model': 'gemini-2.0-flash', 'service_area': 'other', ...}.get</failure></testcase><testcase classname="backend.tests.test_support_system.TestSupportPublicEndpoints" name="test_chat_answers_service_questions" time="0.766" /><testcase classname="backend.tests.test_support_system.TestSupportPublicEndpoints" name="test_lookup_with_invalid_crn" time="0.063" /><testcase classname="backend.tests.test_support_system.TestSupportPublicEndpoints" name="test_create_ticket" time="0.048" /><testcase classname="backend.tests.test_support_system.TestSupportPublicEndpoints" name="test_create_ticket_with_conversation_link" time="1.005" /><testcase classname="backend.tests.test_support_system.TestSupportAdminEndpoints" name="test_get_support_stats" time="0.335" /><testcase classname="backend.tests.test_support_system.TestSupportAdminEndpoints" name="test_list_conversations" time="0.308" /><testcase classname="backend.tests.test_support_system.TestSupportAdminEndpoints" name="test_list_conversations_with_filters" time="0.342" /><testcase classname="backend.tests.test_support_system.TestSupportAdminEndpoints" name="test_list_tickets" time="0.305" /><testcase classname="backend.tests.test_support_system.TestSupportAdminEndpoints" name="test_list_tickets_with_filters" time="0.306" /><testcase classname="backend.tests.test_support_system.TestSupportAdminEndpoints" name="test_get_conversation_detail" time="0.847" /><testcase classname="backend.tests.test_support_system.TestSupportAdminEndpoints" name="test_admin_reply_to_conversation" time="1.260" /><testcase classname="backend.tests.test_support_system.TestSupportAdminEndpoints" name="test_admin_crn_lookup" time="0.315" /><testcase classname="backend.tests.test_support_system.TestSupportAdminEndpoints" name="test_get_ticket_detail" time="0.379" /><testcase classname="backend.tests.test_support_system.TestSupportAdminEndpoints" name="test_update_ticket_status" time="0.339" /><testcase classname="backend.tests.test_support_system.TestSupportAdminEndpoints" name="test_add_ticket_note" time="0.374" /><testcase classname="backend.tests.test_support_system.TestSupportChatbotBehavior" name="test_chatbot_greeting_response" time="0.680" /><testcase classname="backend.tests.test_support_system.TestSupportChatbotBehavior" name="test_chatbot_cvp_question" time="1.045" /><testcase classname="backend.tests.test_support_system.TestSupportChatbotBehavior" name="test_chatbot_billing_question" time="0.652" /><testcase classname="backend.tests.test_support_system.TestSupportChatbotBehavior" name="test_chatbot_detects_service_area" time="0.915" /><testcase classname="backend.tests.test_support_system.TestCleanup" name="test_cleanup_test_tickets" time="0.301" /></testsuite></testsuites>