<?xml version="1.0" encoding="utf-8"?><testsuites name="pytest tests"><testsuite name="pytest" errors="0" failures="1" skipped="0" tests="19" time="11.765" timestamp="2026-01-25T15:29:36.619560+00:00" hostname="agent-env-109537ea-f1a6-4da4-aa72-b68a46d3a1f7"><testcase classname="backend.tests.test_clearform_api.TestClearFormPublicEndpoints" name="test_get_document_types" time="0.078" /><testcase classname="backend.tests.test_clearform_api.TestClearFormPublicEndpoints" name="test_get_credit_packages" time="0.038" /><testcase classname="backend.tests.test_clearform_api.TestClearFormPublicEndpoints" name="test_get_subscription_plans" time="0.041" /><testcase classname="backend.tests.test_clearform_api.TestClearFormAuth" name="test_login_success" time="0.281" /><testcase classname="backend.tests.test_clearform_api.TestClearFormAuth" name="test_login_invalid_credentials" time="0.041" /><testcase classname="backend.tests.test_clearform_api.TestClearFormAuth" name="test_register_duplicate_email" time="0.044" /><testcase classname="backend.tests.test_clearform_api.TestClearFormAuth" name="test_get_me_without_auth" time="0.038" /><testcase classname="backend.tests.test_clearform_api.TestClearFormCredits" name="test_get_wallet" time="0.306" /><testcase classname="backend.tests.test_clearform_api.TestClearFormCredits" name="test_get_balance" time="0.299" /><testcase classname="backend.tests.test_clearform_api.TestClearFormCredits" name="test_get_history" time="0.302" /><testcase classname="backend.tests.test_clearform_api.TestClearFormCredits" name="test_get_wallet_without_auth" time="0.297" /><testcase classname="backend.tests.test_clearform_api.TestClearFormDocuments" name="test_get_vault" time="0.302" /><testcase classname="backend.tests.test_clearform_api.TestClearFormDocuments" name="test_generate_formal_letter" time="7.531" /><testcase classname="backend.tests.test_clearform_api.TestClearFormDocuments" name="test_generate_without_intent" time="0.305" /><testcase classname="backend.tests.test_clearform_api.TestClearFormDocuments" name="test_get_document_not_found" time="0.338" /><testcase classname="backend.tests.test_clearform_api.TestClearFormDocuments" name="test_vault_without_auth" time="0.301" /><testcase classname="backend.tests.test_clearform_api.TestClearFormSubscriptions" name="test_get_current_subscription" time="0.301" /><testcase classname="backend.tests.test_clearform_api.TestClearFormSubscriptions" name="test_subscribe_to_free_plan" time="0.337" /><testcase classname="backend.tests.test_clearform_api.TestClearFormNewUserRegistration" name="test_register_new_user_gets_welcome_credits" time="0.491"><failure message="assert 10 == 5">backend/tests/test_clearform_api.py:439: in test_register_new_user_gets_welcome_credits
    assert data["user"]["credit_balance"] == 5  # Welcome bonus
    ^^^^^^^^^^^^^^^^^^^^^^^^^^^^^^^^^^^^^^^^^^
E   assert 10 == 5</failure></testcase></testsuite></testsuites>