<?xml version="1.0" encoding="utf-8"?><testsuites name="pytest tests"><testsuite name="pytest" errors="0" failures="0" skipped="0" tests="28" time="4.914" timestamp="2026-01-23T19:41:37.079320+00:00" hostname="agent-env-8ad7a9b8-4344-4478-b1fd-cdf70c5c0a9e"><testcase classname="backend.tests.test_enablement_engine.TestEnablementEngineSetup" name="test_admin_login" time="0.314" /><testcase classname="backend.tests.test_enablement_engine.TestEnablementOverview" name="test_get_overview_success" time="0.303" /><testcase classname="backend.tests.test_enablement_engine.TestEnablementOverview" name="test_overview_requires_auth" time="0.037" /><testcase classname="backend.tests.test_enablement_engine.TestEnablementStats" name="test_get_stats_default_30_days" time="0.304" /><testcase classname="backend.tests.test_enablement_engine.TestEnablementStats" name="test_get_stats_custom_days" time="0.040" /><testcase classname="backend.tests.test_enablement_engine.TestEnablementStats" name="test_stats_requires_auth" time="0.034" /><testcase classname="backend.tests.test_enablement_engine.TestEnablementTemplates" name="test_list_templates_success" time="0.298" /><testcase classname="backend.tests.test_enablement_engine.TestEnablementTemplates" name="test_templates_have_required_fields" time="0.041" /><testcase classname="backend.tests.test_enablement_engine.TestEnablementTemplates" name="test_filter_templates_by_category" time="0.038" /><testcase classname="backend.tests.test_enablement_engine.TestEnablementTemplates" name="test_templates_requires_auth" time="0.037" /><testcase classname="backend.tests.test_enablement_engine.TestEnablementEventTypes" name="test_get_event_types_success" time="0.299" /><testcase classname="backend.tests.test_enablement_engine.TestEnablementSuppressions" name="test_list_suppressions_success" time="0.299" /><testcase classname="backend.tests.test_enablement_engine.TestEnablementSuppressions" name="test_create_suppression_rule" time="0.037" /><testcase classname="backend.tests.test_enablement_engine.TestEnablementSuppressions" name="test_create_and_delete_suppression_rule" time="0.116" /><testcase classname="backend.tests.test_enablement_engine.TestEnablementSuppressions" name="test_create_suppression_requires_reason" time="0.039" /><testcase classname="backend.tests.test_enablement_engine.TestEnablementSuppressions" name="test_delete_nonexistent_suppression" time="0.043" /><testcase classname="backend.tests.test_enablement_engine.TestEnablementManualTrigger" name="test_trigger_event_invalid_client" time="0.299" /><testcase classname="backend.tests.test_enablement_engine.TestEnablementManualTrigger" name="test_trigger_event_success" time="0.075" /><testcase classname="backend.tests.test_enablement_engine.TestEnablementManualTrigger" name="test_trigger_requires_auth" time="0.074" /><testcase classname="backend.tests.test_enablement_engine.TestEnablementClientTimeline" name="test_get_client_timeline" time="0.299" /><testcase classname="backend.tests.test_enablement_engine.TestEnablementClientTimeline" name="test_timeline_pagination" time="0.039" /><testcase classname="backend.tests.test_enablement_engine.TestEnablementActions" name="test_list_actions" time="0.300" /><testcase classname="backend.tests.test_enablement_engine.TestEnablementActions" name="test_filter_actions_by_status" time="0.038" /><testcase classname="backend.tests.test_enablement_engine.TestEnablementActions" name="test_filter_actions_by_category" time="0.036" /><testcase classname="backend.tests.test_enablement_engine.TestEnablementEvents" name="test_list_events" time="0.312" /><testcase classname="backend.tests.test_enablement_engine.TestEnablementTemplateToggle" name="test_toggle_template_status" time="0.379" /><testcase classname="backend.tests.test_enablement_engine.TestEnablementTemplateToggle" name="test_toggle_nonexistent_template" time="0.039" /><testcase classname="backend.tests.test_enablement_engine.TestEnablementTemplateReseed" name="test_reseed_templates" time="0.670" /></testsuite></testsuites>