<?xml version="1.0" encoding="utf-8"?><testsuites name="pytest tests"><testsuite name="pytest" errors="0" failures="0" skipped="0" tests="33" time="3.246" timestamp="2026-01-22T18:51:11.596705+00:00" hostname="agent-env-527a7995-ec26-48b2-b329-d3122c149ffd"><testcase classname="backend.tests.test_document_orchestration.TestOrchestrationValidateEndpoint" name="test_validate_ai_wf_blueprint_returns_prompt_info" time="0.399" /><testcase classname="backend.tests.test_document_orchestration.TestOrchestrationValidateEndpoint" name="test_validate_mr_basic_returns_prompt_info" time="0.037" /><testcase classname="backend.tests.test_document_orchestration.TestOrchestrationValidateEndpoint" name="test_validate_comp_hmo_returns_prompt_info" time="0.042" /><testcase classname="backend.tests.test_document_orchestration.TestOrchestrationValidateEndpoint" name="test_validate_doc_pack_pro_returns_orchestrator" time="0.038" /><testcase classname="backend.tests.test_document_orchestration.TestOrchestrationValidateEndpoint" name="test_validate_requires_admin_auth" time="0.040" /><testcase classname="backend.tests.test_document_orchestration.TestOrchestrationValidateEndpoint" name="test_validate_invalid_service_returns_404" time="0.039" /><testcase classname="backend.tests.test_document_orchestration.TestOrchestrationStatsEndpoint" name="test_stats_returns_execution_statistics" time="0.040" /><testcase classname="backend.tests.test_document_orchestration.TestOrchestrationStatsEndpoint" name="test_stats_requires_admin_auth" time="0.036" /><testcase classname="backend.tests.test_document_orchestration.TestOrchestrationValidateDataEndpoint" name="test_validate_data_returns_missing_fields" time="0.038" /><testcase classname="backend.tests.test_document_orchestration.TestOrchestrationValidateDataEndpoint" name="test_validate_data_returns_valid_when_all_fields_present" time="0.034" /><testcase classname="backend.tests.test_document_orchestration.TestOrchestrationValidateDataEndpoint" name="test_validate_data_for_doc_pack_uses_orchestrator" time="0.046" /><testcase classname="backend.tests.test_document_orchestration.TestOrchestrationValidateDataEndpoint" name="test_validate_data_requires_admin_auth" time="0.034" /><testcase classname="backend.tests.test_document_orchestration.TestGPTPromptRegistry" name="test_all_8_services_have_prompts_defined[AI_WF_BLUEPRINT-AI_WF_BLUEPRINT_MASTER]" time="0.043" /><testcase classname="backend.tests.test_document_orchestration.TestGPTPromptRegistry" name="test_all_8_services_have_prompts_defined[AI_PROC_MAP-AI_PROC_MAP_MASTER]" time="0.042" /><testcase classname="backend.tests.test_document_orchestration.TestGPTPromptRegistry" name="test_all_8_services_have_prompts_defined[AI_TOOLS-AI_TOOLS_MASTER]" time="0.036" /><testcase classname="backend.tests.test_document_orchestration.TestGPTPromptRegistry" name="test_all_8_services_have_prompts_defined[MR_BASIC-MR_BASIC_MASTER]" time="0.036" /><testcase classname="backend.tests.test_document_orchestration.TestGPTPromptRegistry" name="test_all_8_services_have_prompts_defined[MR_ADV-MR_ADV_MASTER]" time="0.038" /><testcase classname="backend.tests.test_document_orchestration.TestGPTPromptRegistry" name="test_all_8_services_have_prompts_defined[COMP_HMO-COMP_HMO_MASTER]" time="0.077" /><testcase classname="backend.tests.test_document_orchestration.TestGPTPromptRegistry" name="test_all_8_services_have_prompts_defined[COMP_FULL_AUDIT-COMP_FULL_AUDIT_MASTER]" time="0.042" /><testcase classname="backend.tests.test_document_orchestration.TestGPTPromptRegistry" name="test_all_8_services_have_prompts_defined[COMP_MOVEOUT-COMP_MOVEOUT_MASTER]" time="0.035" /><testcase classname="backend.tests.test_document_orchestration.TestGPTPromptRegistry" name="test_doc_pack_orchestrator_prompt_exists" time="0.038" /><testcase classname="backend.tests.test_document_orchestration.TestGPTPromptRegistry" name="test_prompts_have_required_fields_defined" time="0.913" /><testcase classname="backend.tests.test_document_orchestration.TestGPTPromptRegistry" name="test_prompts_have_gpt_sections_defined" time="0.295" /><testcase classname="backend.tests.test_document_orchestration.TestServiceCatalogueV2Integration" name="test_all_12_services_accessible_via_public_v2" time="0.039" /><testcase classname="backend.tests.test_document_orchestration.TestServiceCatalogueV2Integration" name="test_admin_v2_returns_all_12_services" time="0.048" /><testcase classname="backend.tests.test_document_orchestration.TestOrchestrationAdminAuth" name="test_generate_requires_admin_auth" time="0.034" /><testcase classname="backend.tests.test_document_orchestration.TestOrchestrationAdminAuth" name="test_regenerate_requires_admin_auth" time="0.033" /><testcase classname="backend.tests.test_document_orchestration.TestOrchestrationAdminAuth" name="test_review_requires_admin_auth" time="0.042" /><testcase classname="backend.tests.test_document_orchestration.TestOrchestrationAdminAuth" name="test_history_requires_admin_auth" time="0.038" /><testcase classname="backend.tests.test_document_orchestration.TestOrchestrationAdminAuth" name="test_latest_requires_admin_auth" time="0.035" /><testcase classname="backend.tests.test_document_orchestration.TestPromptConfiguration" name="test_ai_services_have_appropriate_temperature" time="0.106" /><testcase classname="backend.tests.test_document_orchestration.TestPromptConfiguration" name="test_compliance_services_have_low_temperature" time="0.105" /><testcase classname="backend.tests.test_document_orchestration.TestPromptConfiguration" name="test_prompts_have_reasonable_max_tokens" time="0.290" /></testsuite></testsuites>