<?xml version="1.0" encoding="utf-8"?><testsuites name="pytest tests"><testsuite name="pytest" errors="0" failures="1" skipped="0" tests="34" time="9.336" timestamp="2026-01-19T23:09:13.858961+00:00" hostname="agent-env-d321fad6-2729-43cf-9821-b9f65fff390e"><testcase classname="tests.test_new_features.TestOnboardingStatusAPI" name="test_onboarding_status_valid_client" time="0.062" /><testcase classname="tests.test_new_features.TestOnboardingStatusAPI" name="test_onboarding_status_invalid_client" time="0.040" /><testcase classname="tests.test_new_features.TestOnboardingStatusAPI" name="test_onboarding_status_response_fields" time="0.042" /><testcase classname="tests.test_new_features.TestNotificationPreferencesAPI" name="test_get_notification_preferences" time="0.305"><failure message="AssertionError: Missing field: monthly_digest&#10;assert 'monthly_digest' in {'client_id': '87ff6c33-1f99-40b6-b9ed-a05c17e13950', 'expiry_reminders': True, 'reminder_days_before': 30, 'status_change_alerts': True, ...}">tests/test_new_features.py:152: in test_get_notification_preferences
    assert field in data, f"Missing field: {field}"
E   AssertionError: Missing field: monthly_digest
E   assert 'monthly_digest' in {'client_id': '87ff6c33-1f99-40b6-b9ed-a05c17e13950', 'expiry_reminders': True, 'reminder_days_before': 30, 'status_change_alerts': True, ...}</failure></testcase><testcase classname="tests.test_new_features.TestNotificationPreferencesAPI" name="test_update_notification_preferences" time="0.422" /><testcase classname="tests.test_new_features.TestNotificationPreferencesAPI" name="test_update_invalid_reminder_days" time="0.381" /><testcase classname="tests.test_new_features.TestNotificationPreferencesAPI" name="test_update_valid_reminder_days_options" time="0.513" /><testcase classname="tests.test_new_features.TestNotificationPreferencesAPI" name="test_notification_preferences_without_auth" time="0.292" /><testcase classname="tests.test_new_features.TestProfileAPI" name="test_get_profile" time="0.301" /><testcase classname="tests.test_new_features.TestAdminJobsComplianceCheck" name="test_jobs_status_includes_compliance_check" time="0.342" /><testcase classname="tests.test_new_features.TestAdminJobsComplianceCheck" name="test_trigger_compliance_check" time="0.351" /><testcase classname="tests.test_new_features.TestClientLogin" name="test_client_login" time="0.264" /><testcase classname="tests.test_admin_endpoints.TestHealthCheck" name="test_health_endpoint" time="0.036" /><testcase classname="tests.test_admin_endpoints.TestAdminAuthentication" name="test_admin_login_success" time="0.266" /><testcase classname="tests.test_admin_endpoints.TestAdminAuthentication" name="test_admin_login_invalid_password" time="0.260" /><testcase classname="tests.test_admin_endpoints.TestAdminAuthentication" name="test_admin_login_invalid_email" time="0.037" /><testcase classname="tests.test_admin_endpoints.TestAdminDashboard" name="test_dashboard_with_auth" time="0.300" /><testcase classname="tests.test_admin_endpoints.TestAdminDashboard" name="test_dashboard_without_auth" time="0.301" /><testcase classname="tests.test_admin_endpoints.TestAdminClients" name="test_get_clients_list" time="0.307" /><testcase classname="tests.test_admin_endpoints.TestAdminClients" name="test_get_clients_with_pagination" time="0.346" /><testcase classname="tests.test_admin_endpoints.TestAdminClients" name="test_get_clients_without_auth" time="0.296" /><testcase classname="tests.test_admin_endpoints.TestAdminAuditLogs" name="test_get_audit_logs" time="0.304" /><testcase classname="tests.test_admin_endpoints.TestAdminAuditLogs" name="test_get_audit_logs_with_filters" time="0.340" /><testcase classname="tests.test_admin_endpoints.TestAdminAuditLogs" name="test_get_audit_logs_without_auth" time="0.294" /><testcase classname="tests.test_admin_endpoints.TestAdminJobsStatus" name="test_get_jobs_status" time="0.300" /><testcase classname="tests.test_admin_endpoints.TestAdminJobsStatus" name="test_get_jobs_status_without_auth" time="0.341" /><testcase classname="tests.test_admin_endpoints.TestAdminJobTrigger" name="test_trigger_daily_job" time="0.312" /><testcase classname="tests.test_admin_endpoints.TestAdminJobTrigger" name="test_trigger_monthly_job" time="0.307" /><testcase classname="tests.test_admin_endpoints.TestAdminJobTrigger" name="test_trigger_invalid_job_type" time="0.300" /><testcase classname="tests.test_admin_endpoints.TestAdminJobTrigger" name="test_trigger_job_without_auth" time="0.298" /><testcase classname="tests.test_admin_endpoints.TestAdminClientInvite" name="test_invite_client_success" time="0.298" /><testcase classname="tests.test_admin_endpoints.TestAdminClientInvite" name="test_invite_duplicate_email" time="0.378" /><testcase classname="tests.test_admin_endpoints.TestAdminClientInvite" name="test_invite_client_without_auth" time="0.303" /><testcase classname="tests.test_admin_endpoints.TestRootEndpoint" name="test_root_endpoint" time="0.036" /></testsuite></testsuites>