<?xml version="1.0" encoding="utf-8"?><testsuites name="pytest tests"><testsuite name="pytest" errors="0" failures="1" skipped="0" tests="29" time="4.544" timestamp="2026-01-20T20:53:32.510092+00:00" hostname="agent-env-f08d802d-ca63-44bb-83f8-095e1369756e"><testcase classname="tests.test_iteration15_admin_ops.TestAdminAuthentication" name="test_admin_login_success" time="0.279" /><testcase classname="tests.test_iteration15_admin_ops.TestGlobalSearch" name="test_search_endpoint_exists" time="0.308" /><testcase classname="tests.test_iteration15_admin_ops.TestGlobalSearch" name="test_search_requires_min_2_chars" time="0.036" /><testcase classname="tests.test_iteration15_admin_ops.TestGlobalSearch" name="test_search_by_email" time="0.079" /><testcase classname="tests.test_iteration15_admin_ops.TestGlobalSearch" name="test_search_by_name" time="0.036" /><testcase classname="tests.test_iteration15_admin_ops.TestGlobalSearch" name="test_search_returns_client_fields" time="0.070" /><testcase classname="tests.test_iteration15_admin_ops.TestClientDetailEndpoints" name="test_get_client_detail" time="0.344" /><testcase classname="tests.test_iteration15_admin_ops.TestClientDetailEndpoints" name="test_get_client_readiness" time="0.040" /><testcase classname="tests.test_iteration15_admin_ops.TestClientDetailEndpoints" name="test_get_client_audit_timeline" time="0.040" /><testcase classname="tests.test_iteration15_admin_ops.TestClientDetailEndpoints" name="test_client_not_found" time="0.059" /><testcase classname="tests.test_iteration15_admin_ops.TestProfileUpdate" name="test_update_profile_endpoint_exists" time="0.339" /><testcase classname="tests.test_iteration15_admin_ops.TestProfileUpdate" name="test_update_profile_phone" time="0.156" /><testcase classname="tests.test_iteration15_admin_ops.TestProfileUpdate" name="test_update_profile_creates_audit_log" time="0.568" /><testcase classname="tests.test_iteration15_admin_ops.TestProfileUpdate" name="test_update_profile_safe_fields_only" time="0.080" /><testcase classname="tests.test_iteration15_admin_ops.TestKPIDrillDown" name="test_kpi_properties_endpoint" time="0.306" /><testcase classname="tests.test_iteration15_admin_ops.TestKPIDrillDown" name="test_kpi_properties_with_status_filter" time="0.118" /><testcase classname="tests.test_iteration15_admin_ops.TestKPIDrillDown" name="test_kpi_requirements_endpoint" time="0.041" /><testcase classname="tests.test_iteration15_admin_ops.TestKPIDrillDown" name="test_kpi_requirements_with_status_filter" time="0.158" /><testcase classname="tests.test_iteration15_admin_ops.TestAdminMessaging" name="test_send_message_endpoint_exists" time="0.364"><failure message="assert 520 in [200, 500]&#10; +  where 520 = &lt;Response [520]&gt;.status_code">tests/test_iteration15_admin_ops.py:487: in test_send_message_endpoint_exists
    assert response.status_code in [200, 500]
E   assert 520 in [200, 500]
E    +  where 520 = &lt;Response [520]&gt;.status_code</failure></testcase><testcase classname="tests.test_iteration15_admin_ops.TestAdminMessaging" name="test_send_message_requires_subject" time="0.031" /><testcase classname="tests.test_iteration15_admin_ops.TestAdminMessaging" name="test_send_message_requires_message_body" time="0.076" /><testcase classname="tests.test_iteration15_admin_ops.TestAdminMessaging" name="test_send_message_to_nonexistent_client" time="0.032" /><testcase classname="tests.test_iteration15_admin_ops.TestReadinessChecklist" name="test_readiness_checklist_structure" time="0.325" /><testcase classname="tests.test_iteration15_admin_ops.TestReadinessChecklist" name="test_readiness_checklist_item_fields" time="0.039" /><testcase classname="tests.test_iteration15_admin_ops.TestReadinessChecklist" name="test_readiness_includes_last_failure" time="0.036" /><testcase classname="tests.test_iteration15_admin_ops.TestAuditTimeline" name="test_audit_timeline_structure" time="0.377" /><testcase classname="tests.test_iteration15_admin_ops.TestAuditTimeline" name="test_audit_timeline_categorization" time="0.040" /><testcase classname="tests.test_iteration15_admin_ops.TestAuditTimeline" name="test_audit_timeline_event_fields" time="0.040" /><testcase classname="tests.test_iteration15_admin_ops.TestAuditTimeline" name="test_audit_timeline_limit_parameter" time="0.038" /></testsuite></testsuites>