<?xml version="1.0" encoding="utf-8"?><testsuites name="pytest tests"><testsuite name="pytest" errors="0" failures="0" skipped="0" tests="13" time="4.263" timestamp="2026-01-22T16:01:12.626509+00:00" hostname="agent-env-86a9d63b-b565-4a05-8655-a46cc87e5669"><testcase classname="backend.tests.test_phase_d_services.TestPublicServicesAPI" name="test_public_services_list_returns_active_services" time="0.076" /><testcase classname="backend.tests.test_phase_d_services.TestPublicServicesAPI" name="test_all_new_services_present_in_public_list" time="0.043" /><testcase classname="backend.tests.test_phase_d_services.TestPublicServicesAPI" name="test_new_services_have_correct_pricing" time="0.045" /><testcase classname="backend.tests.test_phase_d_services.TestAdminServicesAPI" name="test_admin_services_list_returns_all_services" time="0.346" /><testcase classname="backend.tests.test_phase_d_services.TestAdminServicesAPI" name="test_admin_can_get_individual_new_services" time="0.621" /><testcase classname="backend.tests.test_phase_d_services.TestAdminServicesAPI" name="test_new_services_have_intake_fields" time="0.638" /><testcase classname="backend.tests.test_phase_d_services.TestAdminServicesAPI" name="test_new_services_have_documents_generated" time="0.605" /><testcase classname="backend.tests.test_phase_d_services.TestAdminServicesAPI" name="test_service_categories_endpoint" time="0.298" /><testcase classname="backend.tests.test_phase_d_services.TestServiceDetails" name="test_inventory_pro_service_details" time="0.300" /><testcase classname="backend.tests.test_phase_d_services.TestServiceDetails" name="test_due_diligence_service_details" time="0.300" /><testcase classname="backend.tests.test_phase_d_services.TestServiceDetails" name="test_tenant_ref_service_details" time="0.300" /><testcase classname="backend.tests.test_phase_d_services.TestServiceDetails" name="test_portfolio_analysis_service_details" time="0.351" /><testcase classname="backend.tests.test_phase_d_services.TestServiceSearch" name="test_filter_by_standalone_report_category" time="0.301" /></testsuite></testsuites>