<?xml version="1.0" encoding="utf-8"?><testsuites name="pytest tests"><testsuite name="pytest" errors="0" failures="2" skipped="0" tests="18" time="1.236" timestamp="2026-01-19T23:52:47.861884+00:00" hostname="agent-env-d321fad6-2729-43cf-9821-b9f65fff390e"><testcase classname="tests.test_iteration6_sms_compliance.TestComplianceScoreAPI" name="test_compliance_score_returns_200" time="0.343" /><testcase classname="tests.test_iteration6_sms_compliance.TestComplianceScoreAPI" name="test_compliance_score_has_score_0_to_100" time="0.018" /><testcase classname="tests.test_iteration6_sms_compliance.TestComplianceScoreAPI" name="test_compliance_score_has_grade" time="0.016" /><testcase classname="tests.test_iteration6_sms_compliance.TestComplianceScoreAPI" name="test_compliance_score_has_color" time="0.054" /><testcase classname="tests.test_iteration6_sms_compliance.TestComplianceScoreAPI" name="test_compliance_score_has_breakdown" time="0.012" /><testcase classname="tests.test_iteration6_sms_compliance.TestComplianceScoreAPI" name="test_compliance_score_has_recommendations" time="0.056" /><testcase classname="tests.test_iteration6_sms_compliance.TestComplianceScoreAPI" name="test_compliance_score_has_stats" time="0.014" /><testcase classname="tests.test_iteration6_sms_compliance.TestSMSStatusAPI" name="test_sms_status_returns_200" time="0.049" /><testcase classname="tests.test_iteration6_sms_compliance.TestSMSStatusAPI" name="test_sms_status_structure" time="0.008" /><testcase classname="tests.test_iteration6_sms_compliance.TestSendOTPAPI" name="test_send_otp_requires_auth" time="0.013"><failure message="AssertionError: Expected 401/403 without auth, got 200&#10;assert 200 in [401, 403]&#10; +  where 200 = &lt;Response [200]&gt;.status_code">tests/test_iteration6_sms_compliance.py:165: in test_send_otp_requires_auth
    assert response.status_code in [401, 403], f"Expected 401/403 without auth, got {response.status_code}"
E   AssertionError: Expected 401/403 without auth, got 200
E   assert 200 in [401, 403]
E    +  where 200 = &lt;Response [200]&gt;.status_code</failure></testcase><testcase classname="tests.test_iteration6_sms_compliance.TestSendOTPAPI" name="test_send_otp_returns_success_dev_mode" time="0.010" /><testcase classname="tests.test_iteration6_sms_compliance.TestSendOTPAPI" name="test_send_otp_validates_phone_format" time="0.052" /><testcase classname="tests.test_iteration6_sms_compliance.TestVerifyOTPAPI" name="test_verify_otp_requires_auth" time="0.013"><failure message="AssertionError: Expected 401/403 without auth, got 200&#10;assert 200 in [401, 403]&#10; +  where 200 = &lt;Response [200]&gt;.status_code">tests/test_iteration6_sms_compliance.py:197: in test_verify_otp_requires_auth
    assert response.status_code in [401, 403], f"Expected 401/403 without auth, got {response.status_code}"
E   AssertionError: Expected 401/403 without auth, got 200
E   assert 200 in [401, 403]
E    +  where 200 = &lt;Response [200]&gt;.status_code</failure></testcase><testcase classname="tests.test_iteration6_sms_compliance.TestVerifyOTPAPI" name="test_verify_otp_full_flow" time="0.064" /><testcase classname="tests.test_iteration6_sms_compliance.TestVerifyOTPAPI" name="test_verify_otp_wrong_code" time="0.072" /><testcase classname="tests.test_iteration6_sms_compliance.TestVerifyOTPAPI" name="test_verify_otp_updates_notification_preferences" time="0.083" /><testcase classname="tests.test_iteration6_sms_compliance.TestHealthAndAuth" name="test_health_endpoint" time="0.052" /><testcase classname="tests.test_iteration6_sms_compliance.TestHealthAndAuth" name="test_client_login" time="0.238" /></testsuite></testsuites>