<?xml version="1.0" encoding="utf-8"?><testsuites name="pytest tests"><testsuite name="pytest" errors="0" failures="0" skipped="0" tests="32" time="1.487" timestamp="2026-01-23T11:14:20.228004+00:00" hostname="agent-env-f5103baf-4df6-4b2a-879f-b53bcd85890b"><testcase classname="backend.tests.test_intake_wizard.TestIntakeServices" name="test_get_services_returns_200" time="0.072" /><testcase classname="backend.tests.test_intake_wizard.TestIntakeServices" name="test_get_services_returns_11_services" time="0.040" /><testcase classname="backend.tests.test_intake_wizard.TestIntakeServices" name="test_get_services_has_4_categories" time="0.046" /><testcase classname="backend.tests.test_intake_wizard.TestIntakeServices" name="test_services_have_required_fields" time="0.039" /><testcase classname="backend.tests.test_intake_wizard.TestIntakeServices" name="test_ai_automation_services" time="0.039" /><testcase classname="backend.tests.test_intake_wizard.TestIntakeServices" name="test_market_research_services" time="0.038" /><testcase classname="backend.tests.test_intake_wizard.TestIntakeServices" name="test_compliance_services" time="0.039" /><testcase classname="backend.tests.test_intake_wizard.TestIntakeServices" name="test_document_pack_services" time="0.041" /><testcase classname="backend.tests.test_intake_wizard.TestIntakePacks" name="test_get_packs_returns_200" time="0.040" /><testcase classname="backend.tests.test_intake_wizard.TestIntakePacks" name="test_get_packs_returns_3_packs" time="0.042" /><testcase classname="backend.tests.test_intake_wizard.TestIntakePacks" name="test_get_packs_returns_2_addons" time="0.038" /><testcase classname="backend.tests.test_intake_wizard.TestIntakePacks" name="test_fast_track_addon" time="0.035" /><testcase classname="backend.tests.test_intake_wizard.TestIntakePacks" name="test_printed_copy_addon" time="0.034" /><testcase classname="backend.tests.test_intake_wizard.TestIntakeSchema" name="test_get_schema_doc_pack_essential" time="0.035" /><testcase classname="backend.tests.test_intake_wizard.TestIntakeSchema" name="test_get_schema_hmo_audit" time="0.035" /><testcase classname="backend.tests.test_intake_wizard.TestIntakeSchema" name="test_get_schema_ai_wf_blueprint" time="0.035" /><testcase classname="backend.tests.test_intake_wizard.TestIntakeSchema" name="test_schema_has_client_identity_fields" time="0.040" /><testcase classname="backend.tests.test_intake_wizard.TestIntakeSchema" name="test_schema_invalid_service_code" time="0.038" /><testcase classname="backend.tests.test_intake_wizard.TestIntakeDraft" name="test_create_draft_returns_200" time="0.039" /><testcase classname="backend.tests.test_intake_wizard.TestIntakeDraft" name="test_create_draft_returns_draft_id" time="0.037" /><testcase classname="backend.tests.test_intake_wizard.TestIntakeDraft" name="test_create_draft_returns_draft_ref" time="0.040" /><testcase classname="backend.tests.test_intake_wizard.TestIntakeDraft" name="test_create_draft_has_pricing_snapshot" time="0.077" /><testcase classname="backend.tests.test_intake_wizard.TestIntakeDraft" name="test_create_draft_status_is_draft" time="0.037" /><testcase classname="backend.tests.test_intake_wizard.TestIntakeDraft" name="test_create_draft_has_audit_log" time="0.037" /><testcase classname="backend.tests.test_intake_wizard.TestClientIdentityUpdate" name="test_update_client_identity_returns_200" time="0.076" /><testcase classname="backend.tests.test_intake_wizard.TestClientIdentityUpdate" name="test_update_client_identity_persists_data" time="0.072" /><testcase classname="backend.tests.test_intake_wizard.TestClientIdentityUpdate" name="test_update_client_identity_adds_audit_log" time="0.111" /><testcase classname="backend.tests.test_intake_wizard.TestClientIdentityUpdate" name="test_update_client_identity_invalid_draft_id" time="0.035" /><testcase classname="backend.tests.test_intake_wizard.TestCalculatePrice" name="test_calculate_price_base_only" time="0.033" /><testcase classname="backend.tests.test_intake_wizard.TestCalculatePrice" name="test_calculate_price_with_fast_track" time="0.037" /><testcase classname="backend.tests.test_intake_wizard.TestCalculatePrice" name="test_calculate_price_with_printed_copy" time="0.033" /><testcase classname="backend.tests.test_intake_wizard.TestCalculatePrice" name="test_calculate_price_with_both_addons" time="0.036" /></testsuite></testsuites>