<?xml version="1.0" encoding="utf-8"?><testsuites name="pytest tests"><testsuite name="pytest" errors="0" failures="1" skipped="0" tests="32" time="3.235" timestamp="2026-01-23T21:00:25.812508+00:00" hostname="agent-env-b0c5f139-1d40-444c-b08d-b34add99e633"><testcase classname="backend.tests.test_reporting.TestReportingAuth" name="test_unauthenticated_access_rejected" time="0.071" /><testcase classname="backend.tests.test_reporting.TestReportTypes" name="test_get_report_types_returns_7_types" time="0.333" /><testcase classname="backend.tests.test_reporting.TestReportTypes" name="test_get_report_types_returns_4_formats" time="0.062" /><testcase classname="backend.tests.test_reporting.TestReportTypes" name="test_get_report_types_returns_periods" time="0.044" /><testcase classname="backend.tests.test_reporting.TestReportPreview" name="test_preview_leads_report" time="0.311" /><testcase classname="backend.tests.test_reporting.TestReportPreview" name="test_preview_revenue_report" time="0.039" /><testcase classname="backend.tests.test_reporting.TestReportPreview" name="test_preview_orders_report" time="0.044" /><testcase classname="backend.tests.test_reporting.TestReportPreview" name="test_preview_clients_report" time="0.037" /><testcase classname="backend.tests.test_reporting.TestReportPreview" name="test_preview_compliance_report" time="0.037" /><testcase classname="backend.tests.test_reporting.TestReportPreview" name="test_preview_enablement_report" time="0.037" /><testcase classname="backend.tests.test_reporting.TestReportPreview" name="test_preview_consent_report" time="0.044" /><testcase classname="backend.tests.test_reporting.TestReportPreview" name="test_preview_invalid_report_type" time="0.034" /><testcase classname="backend.tests.test_reporting.TestReportGenerate" name="test_generate_csv_report" time="0.308" /><testcase classname="backend.tests.test_reporting.TestReportGenerate" name="test_generate_xlsx_report" time="0.056" /><testcase classname="backend.tests.test_reporting.TestReportGenerate" name="test_generate_pdf_report" time="0.049" /><testcase classname="backend.tests.test_reporting.TestReportGenerate" name="test_generate_json_report" time="0.042" /><testcase classname="backend.tests.test_reporting.TestReportGenerate" name="test_generate_report_invalid_type" time="0.036" /><testcase classname="backend.tests.test_reporting.TestScheduledReports" name="test_list_scheduled_reports" time="0.302" /><testcase classname="backend.tests.test_reporting.TestScheduledReports" name="test_create_scheduled_report" time="0.041" /><testcase classname="backend.tests.test_reporting.TestScheduledReports" name="test_toggle_scheduled_report" time="0.041" /><testcase classname="backend.tests.test_reporting.TestScheduledReports" name="test_run_scheduled_report_now" time="0.163"><failure message="AssertionError: assert 'execution_id' in {'email_results': [{'error': '[10] Request does not contain a valid Server token.', 'recipient': 'test@example.com', 'status': 'failed'}], 'recipients': ['test@example.com'], 'report_type': 'leads', 'row_count': 30, ...}">backend/tests/test_reporting.py:403: in test_run_scheduled_report_now
    assert "execution_id" in data
E   AssertionError: assert 'execution_id' in {'email_results': [{'error': '[10] Request does not contain a valid Server token.', 'recipient': 'test@example.com', 'status': 'failed'}], 'recipients': ['test@example.com'], 'report_type': 'leads', 'row_count': 30, ...}</failure></testcase><testcase classname="backend.tests.test_reporting.TestScheduledReports" name="test_delete_scheduled_report" time="0.070" /><testcase classname="backend.tests.test_reporting.TestScheduledReports" name="test_delete_nonexistent_schedule" time="0.038" /><testcase classname="backend.tests.test_reporting.TestReportHistory" name="test_get_report_history" time="0.299" /><testcase classname="backend.tests.test_reporting.TestReportHistory" name="test_get_report_executions" time="0.032" /><testcase classname="backend.tests.test_reporting.TestReportGenerateAllTypes" name="test_generate_all_report_types_csv[revenue]" time="0.299" /><testcase classname="backend.tests.test_reporting.TestReportGenerateAllTypes" name="test_generate_all_report_types_csv[orders]" time="0.040" /><testcase classname="backend.tests.test_reporting.TestReportGenerateAllTypes" name="test_generate_all_report_types_csv[clients]" time="0.036" /><testcase classname="backend.tests.test_reporting.TestReportGenerateAllTypes" name="test_generate_all_report_types_csv[leads]" time="0.040" /><testcase classname="backend.tests.test_reporting.TestReportGenerateAllTypes" name="test_generate_all_report_types_csv[compliance]" time="0.037" /><testcase classname="backend.tests.test_reporting.TestReportGenerateAllTypes" name="test_generate_all_report_types_csv[enablement]" time="0.077" /><testcase classname="backend.tests.test_reporting.TestReportGenerateAllTypes" name="test_generate_all_report_types_csv[consent]" time="0.039" /></testsuite></testsuites>