<?xml version="1.0" encoding="utf-8"?><testsuites name="pytest tests"><testsuite name="pytest" errors="0" failures="0" skipped="0" tests="34" time="2.220" timestamp="2026-01-23T21:27:52.551521+00:00" hostname="agent-env-b0c5f139-1d40-444c-b08d-b34add99e633"><testcase classname="backend.tests.test_team_cms_sharing.TestTeamPermissions" name="test_get_all_permissions" time="0.367" /><testcase classname="backend.tests.test_team_cms_sharing.TestTeamPermissions" name="test_list_roles" time="0.042" /><testcase classname="backend.tests.test_team_cms_sharing.TestTeamPermissions" name="test_get_role_details" time="0.042" /><testcase classname="backend.tests.test_team_cms_sharing.TestTeamPermissions" name="test_create_custom_role" time="0.040" /><testcase classname="backend.tests.test_team_cms_sharing.TestTeamPermissions" name="test_update_custom_role" time="0.042" /><testcase classname="backend.tests.test_team_cms_sharing.TestTeamPermissions" name="test_cannot_update_builtin_role" time="0.036" /><testcase classname="backend.tests.test_team_cms_sharing.TestTeamPermissions" name="test_delete_custom_role" time="0.042" /><testcase classname="backend.tests.test_team_cms_sharing.TestTeamPermissions" name="test_cannot_delete_builtin_role" time="0.039" /><testcase classname="backend.tests.test_team_cms_sharing.TestTeamPermissions" name="test_list_admin_users" time="0.038" /><testcase classname="backend.tests.test_team_cms_sharing.TestTeamPermissions" name="test_create_admin_user" time="0.042" /><testcase classname="backend.tests.test_team_cms_sharing.TestTeamPermissions" name="test_update_admin_user" time="0.038" /><testcase classname="backend.tests.test_team_cms_sharing.TestTeamPermissions" name="test_get_my_permissions" time="0.037" /><testcase classname="backend.tests.test_team_cms_sharing.TestCMSTemplates" name="test_list_templates" time="0.296" /><testcase classname="backend.tests.test_team_cms_sharing.TestCMSTemplates" name="test_get_template_details_landing" time="0.039" /><testcase classname="backend.tests.test_team_cms_sharing.TestCMSTemplates" name="test_get_template_details_about" time="0.033" /><testcase classname="backend.tests.test_team_cms_sharing.TestCMSTemplates" name="test_get_template_details_contact" time="0.034" /><testcase classname="backend.tests.test_team_cms_sharing.TestCMSTemplates" name="test_get_template_details_pricing" time="0.035" /><testcase classname="backend.tests.test_team_cms_sharing.TestCMSTemplates" name="test_get_template_preview" time="0.037" /><testcase classname="backend.tests.test_team_cms_sharing.TestCMSTemplates" name="test_apply_template_create_page" time="0.041" /><testcase classname="backend.tests.test_team_cms_sharing.TestCMSTemplates" name="test_verify_created_page_has_blocks" time="0.036" /><testcase classname="backend.tests.test_team_cms_sharing.TestCMSTemplates" name="test_template_not_found" time="0.038" /><testcase classname="backend.tests.test_team_cms_sharing.TestCMSTemplates" name="test_cleanup_created_page" time="0.078" /><testcase classname="backend.tests.test_team_cms_sharing.TestReportSharing" name="test_create_share_link" time="0.301" /><testcase classname="backend.tests.test_team_cms_sharing.TestReportSharing" name="test_list_share_links" time="0.043" /><testcase classname="backend.tests.test_team_cms_sharing.TestReportSharing" name="test_get_public_shared_report_info" time="0.041" /><testcase classname="backend.tests.test_team_cms_sharing.TestReportSharing" name="test_download_public_shared_report" time="0.038" /><testcase classname="backend.tests.test_team_cms_sharing.TestReportSharing" name="test_expired_share_link_rejected" time="0.037" /><testcase classname="backend.tests.test_team_cms_sharing.TestReportSharing" name="test_revoke_share_link" time="0.039" /><testcase classname="backend.tests.test_team_cms_sharing.TestReportSharing" name="test_revoked_share_link_inaccessible" time="0.036" /><testcase classname="backend.tests.test_team_cms_sharing.TestAuthenticationRequired" name="test_team_permissions_requires_auth" time="0.032" /><testcase classname="backend.tests.test_team_cms_sharing.TestAuthenticationRequired" name="test_team_roles_requires_auth" time="0.032" /><testcase classname="backend.tests.test_team_cms_sharing.TestAuthenticationRequired" name="test_team_users_requires_auth" time="0.036" /><testcase classname="backend.tests.test_team_cms_sharing.TestAuthenticationRequired" name="test_cms_templates_requires_auth" time="0.039" /><testcase classname="backend.tests.test_team_cms_sharing.TestAuthenticationRequired" name="test_report_shares_requires_auth" time="0.036" /></testsuite></testsuites>