<?xml version="1.0" encoding="utf-8"?><testsuites name="pytest tests"><testsuite name="pytest" errors="0" failures="0" skipped="0" tests="26" time="44.556" timestamp="2026-01-25T16:44:18.030266+00:00" hostname="agent-env-f400fb17-fe8d-4371-9f17-48c8b0b86644"><testcase classname="backend.tests.test_clearform_phase_c.TestClearFormAuth" name="test_login_orgtest_user" time="0.311" /><testcase classname="backend.tests.test_clearform_phase_c.TestClearFormAuth" name="test_login_doctest_user" time="0.261" /><testcase classname="backend.tests.test_clearform_phase_c.TestOrganizationAPIs" name="test_get_user_organizations" time="0.307" /><testcase classname="backend.tests.test_clearform_phase_c.TestOrganizationAPIs" name="test_get_organization_details" time="0.310" /><testcase classname="backend.tests.test_clearform_phase_c.TestOrganizationAPIs" name="test_get_organization_members" time="0.306" /><testcase classname="backend.tests.test_clearform_phase_c.TestOrganizationAPIs" name="test_get_pending_invitations" time="0.302" /><testcase classname="backend.tests.test_clearform_phase_c.TestOrganizationAPIs" name="test_send_invitation" time="0.298" /><testcase classname="backend.tests.test_clearform_phase_c.TestOrganizationAPIs" name="test_get_org_credits" time="0.303" /><testcase classname="backend.tests.test_clearform_phase_c.TestOrganizationAPIs" name="test_create_organization_already_owner" time="0.338" /><testcase classname="backend.tests.test_clearform_phase_c.TestOrganizationAPIs" name="test_non_member_cannot_access_org" time="0.341" /><testcase classname="backend.tests.test_clearform_phase_c.TestOrganizationAPIs" name="test_list_compliance_packs" time="0.304" /><testcase classname="backend.tests.test_clearform_phase_c.TestAuditLogAPIs" name="test_get_my_audit_logs" time="0.298" /><testcase classname="backend.tests.test_clearform_phase_c.TestAuditLogAPIs" name="test_get_my_activity" time="0.304" /><testcase classname="backend.tests.test_clearform_phase_c.TestAuditLogAPIs" name="test_get_my_audit_stats" time="0.300" /><testcase classname="backend.tests.test_clearform_phase_c.TestAuditLogAPIs" name="test_get_org_audit_logs" time="36.060" /><testcase classname="backend.tests.test_clearform_phase_c.TestAuditLogAPIs" name="test_get_org_activity" time="0.313" /><testcase classname="backend.tests.test_clearform_phase_c.TestAuditLogAPIs" name="test_get_org_audit_stats" time="0.312" /><testcase classname="backend.tests.test_clearform_phase_c.TestAuditLogAPIs" name="test_get_document_audit_trail" time="0.300" /><testcase classname="backend.tests.test_clearform_phase_c.TestAuditLogAPIs" name="test_list_audit_actions" time="0.308" /><testcase classname="backend.tests.test_clearform_phase_c.TestAuditLogAPIs" name="test_list_audit_severities" time="0.300" /><testcase classname="backend.tests.test_clearform_phase_c.TestAuditLogAPIs" name="test_non_admin_cannot_access_org_audit" time="0.735" /><testcase classname="backend.tests.test_clearform_phase_c.TestDocumentGeneration" name="test_get_existing_document" time="0.670" /><testcase classname="backend.tests.test_clearform_phase_c.TestDocumentGeneration" name="test_get_document_types" time="0.299" /><testcase classname="backend.tests.test_clearform_phase_c.TestDocumentGeneration" name="test_get_user_vault" time="0.301" /><testcase classname="backend.tests.test_clearform_phase_c.TestCreditSystem" name="test_get_credit_wallet" time="0.301" /><testcase classname="backend.tests.test_clearform_phase_c.TestCreditSystem" name="test_get_credit_packages" time="0.301" /></testsuite></testsuites>