<?xml version="1.0" encoding="utf-8"?><testsuites name="pytest tests"><testsuite name="pytest" errors="0" failures="0" skipped="0" tests="41" time="6.101" timestamp="2026-01-23T17:37:18.932876+00:00" hostname="agent-env-ea820635-58a9-40a3-b0b8-c809381a697a"><testcase classname="backend.tests.test_lead_management_iter51.TestLeadCaptureAPI" name="test_capture_chatbot_lead_basic" time="0.210" /><testcase classname="backend.tests.test_lead_management_iter51.TestLeadCaptureAPI" name="test_capture_chatbot_lead_with_service_interest" time="0.137" /><testcase classname="backend.tests.test_lead_management_iter51.TestLeadCaptureAPI" name="test_capture_chatbot_lead_high_intent" time="0.037" /><testcase classname="backend.tests.test_lead_management_iter51.TestLeadCaptureAPI" name="test_capture_chatbot_lead_with_utm" time="0.126" /><testcase classname="backend.tests.test_lead_management_iter51.TestLeadCaptureAPI" name="test_capture_duplicate_lead" time="0.161" /><testcase classname="backend.tests.test_lead_management_iter51.TestLeadListingAPI" name="test_list_leads_basic" time="0.328" /><testcase classname="backend.tests.test_lead_management_iter51.TestLeadListingAPI" name="test_list_leads_with_stats" time="0.043" /><testcase classname="backend.tests.test_lead_management_iter51.TestLeadListingAPI" name="test_list_leads_filter_by_intent" time="0.044" /><testcase classname="backend.tests.test_lead_management_iter51.TestLeadListingAPI" name="test_list_leads_filter_by_source" time="0.044" /><testcase classname="backend.tests.test_lead_management_iter51.TestLeadListingAPI" name="test_list_leads_search" time="0.046" /><testcase classname="backend.tests.test_lead_management_iter51.TestLeadListingAPI" name="test_list_leads_pagination" time="0.046" /><testcase classname="backend.tests.test_lead_management_iter51.TestLeadListingAPI" name="test_list_leads_requires_auth" time="0.035" /><testcase classname="backend.tests.test_lead_management_iter51.TestLeadNotificationsAPI" name="test_get_notifications" time="0.294" /><testcase classname="backend.tests.test_lead_management_iter51.TestLeadNotificationsAPI" name="test_notifications_structure" time="0.045" /><testcase classname="backend.tests.test_lead_management_iter51.TestLeadNotificationsAPI" name="test_notifications_requires_auth" time="0.080" /><testcase classname="backend.tests.test_lead_management_iter51.TestFollowUpQueueProcessing" name="test_process_followup_queue" time="0.293" /><testcase classname="backend.tests.test_lead_management_iter51.TestFollowUpQueueProcessing" name="test_followup_queue_requires_auth" time="0.081" /><testcase classname="backend.tests.test_lead_management_iter51.TestSLABreachDetection" name="test_sla_check_default" time="0.307" /><testcase classname="backend.tests.test_lead_management_iter51.TestSLABreachDetection" name="test_sla_check_custom_hours" time="0.038" /><testcase classname="backend.tests.test_lead_management_iter51.TestSLABreachDetection" name="test_sla_check_requires_auth" time="0.034" /><testcase classname="backend.tests.test_lead_management_iter51.TestAbandonedIntakeDetection" name="test_abandoned_intake_detection" time="0.296" /><testcase classname="backend.tests.test_lead_management_iter51.TestAbandonedIntakeDetection" name="test_abandoned_intake_requires_auth" time="0.038" /><testcase classname="backend.tests.test_lead_management_iter51.TestHighIntentNotification" name="test_high_intent_notification" time="0.417" /><testcase classname="backend.tests.test_lead_management_iter51.TestHighIntentNotification" name="test_high_intent_notification_not_found" time="0.038" /><testcase classname="backend.tests.test_lead_management_iter51.TestAdminIntakeSchemaManager" name="test_list_configurable_services" time="0.305" /><testcase classname="backend.tests.test_lead_management_iter51.TestAdminIntakeSchemaManager" name="test_get_schema_for_editing" time="0.079" /><testcase classname="backend.tests.test_lead_management_iter51.TestAdminIntakeSchemaManager" name="test_save_schema_draft" time="0.079" /><testcase classname="backend.tests.test_lead_management_iter51.TestAdminIntakeSchemaManager" name="test_get_version_history" time="0.079" /><testcase classname="backend.tests.test_lead_management_iter51.TestAdminIntakeSchemaManager" name="test_preview_schema" time="0.075" /><testcase classname="backend.tests.test_lead_management_iter51.TestAdminIntakeSchemaManager" name="test_schema_manager_requires_auth" time="0.031" /><testcase classname="backend.tests.test_lead_management_iter51.TestLeadSources" name="test_get_lead_sources" time="0.301" /><testcase classname="backend.tests.test_lead_management_iter51.TestLeadStats" name="test_get_lead_stats" time="0.296" /><testcase classname="backend.tests.test_lead_management_iter51.TestLeadCRUD" name="test_get_single_lead" time="0.413" /><testcase classname="backend.tests.test_lead_management_iter51.TestLeadCRUD" name="test_update_lead" time="0.168" /><testcase classname="backend.tests.test_lead_management_iter51.TestLeadCRUD" name="test_assign_lead" time="0.149" /><testcase classname="backend.tests.test_lead_management_iter51.TestLeadCRUD" name="test_log_contact" time="0.170" /><testcase classname="backend.tests.test_lead_management_iter51.TestLeadCRUD" name="test_get_lead_audit_log" time="0.193" /><testcase classname="backend.tests.test_lead_management_iter51.TestContactFormCapture" name="test_capture_contact_form_lead" time="0.127" /><testcase classname="backend.tests.test_lead_management_iter51.TestDocumentServiceCapture" name="test_capture_document_service_lead" time="0.123" /><testcase classname="backend.tests.test_lead_management_iter51.TestUnsubscribe" name="test_unsubscribe_lead" time="0.158" /><testcase classname="backend.tests.test_lead_management_iter51.TestUnsubscribe" name="test_unsubscribe_nonexistent_lead" time="0.042" /></testsuite></testsuites>