<?xml version="1.0" encoding="utf-8"?><testsuites name="pytest tests"><testsuite name="pytest" errors="0" failures="0" skipped="0" tests="20" time="7.582" timestamp="2026-01-22T09:06:23.371884+00:00" hostname="agent-env-6b03fc49-e2c7-4c38-8983-f2bcbb3e0956"><testcase classname="tests.test_iteration31_enterprise_pipeline.TestSetup" name="test_health_check" time="0.079" /><testcase classname="tests.test_iteration31_enterprise_pipeline.TestSetup" name="test_admin_login" time="0.266" /><testcase classname="tests.test_iteration31_enterprise_pipeline.TestPipelineVisualEmphasis" name="test_pipeline_returns_counts_for_emphasis" time="0.306" /><testcase classname="tests.test_iteration31_enterprise_pipeline.TestPipelineVisualEmphasis" name="test_pipeline_columns_configuration" time="0.302" /><testcase classname="tests.test_iteration31_enterprise_pipeline.TestClickablePipelineStages" name="test_pipeline_filter_by_status" time="0.305" /><testcase classname="tests.test_iteration31_enterprise_pipeline.TestClickablePipelineStages" name="test_pipeline_filter_internal_review" time="0.382" /><testcase classname="tests.test_iteration31_enterprise_pipeline.TestStateSpecificActionPanel" name="test_internal_review_has_4_actions" time="0.577" /><testcase classname="tests.test_iteration31_enterprise_pipeline.TestStateSpecificActionPanel" name="test_failed_state_has_retry_and_rollback" time="0.484" /><testcase classname="tests.test_iteration31_enterprise_pipeline.TestDeleteOrderWithReason" name="test_delete_order_success" time="0.370" /><testcase classname="tests.test_iteration31_enterprise_pipeline.TestDeleteOrderWithReason" name="test_delete_requires_reason" time="0.325" /><testcase classname="tests.test_iteration31_enterprise_pipeline.TestRollbackWithReason" name="test_rollback_from_failed" time="0.519" /><testcase classname="tests.test_iteration31_enterprise_pipeline.TestRollbackWithReason" name="test_rollback_requires_reason" time="0.478" /><testcase classname="tests.test_iteration31_enterprise_pipeline.TestResendRequest" name="test_resend_request_in_client_input_required" time="0.590" /><testcase classname="tests.test_iteration31_enterprise_pipeline.TestPriorityFlag" name="test_set_priority_flag" time="0.346" /><testcase classname="tests.test_iteration31_enterprise_pipeline.TestPriorityFlag" name="test_remove_priority_flag" time="0.370" /><testcase classname="tests.test_iteration31_enterprise_pipeline.TestAuditTimeline" name="test_audit_timeline_shows_transition_type" time="0.362" /><testcase classname="tests.test_iteration31_enterprise_pipeline.TestAuditTimeline" name="test_audit_timeline_logs_admin_email" time="0.365" /><testcase classname="tests.test_iteration31_enterprise_pipeline.TestPriorityOrdersSorting" name="test_priority_orders_first_in_pipeline" time="0.470" /><testcase classname="tests.test_iteration31_enterprise_pipeline.TestConfirmationDialogs" name="test_transition_requires_reason" time="0.327" /><testcase classname="tests.test_iteration31_enterprise_pipeline.TestExistingOrdersInPipeline" name="test_pipeline_has_orders" time="0.297" /></testsuite></testsuites>