<?xml version="1.0" encoding="utf-8"?><testsuites name="pytest tests"><testsuite name="pytest" errors="0" failures="1" skipped="0" tests="24" time="6.937" timestamp="2026-01-22T02:15:58.309918+00:00" hostname="agent-env-6b03fc49-e2c7-4c38-8983-f2bcbb3e0956"><testcase classname="tests.test_iteration30_orders_system.TestOrdersSystemSetup" name="test_health_check" time="0.079" /><testcase classname="tests.test_iteration30_orders_system.TestOrdersSystemSetup" name="test_admin_login" time="0.267" /><testcase classname="tests.test_iteration30_orders_system.TestOrderCreation" name="test_create_order_success" time="0.080" /><testcase classname="tests.test_iteration30_orders_system.TestOrderCreation" name="test_create_order_missing_fields" time="0.040" /><testcase classname="tests.test_iteration30_orders_system.TestOrderCreation" name="test_get_order_status" time="0.082" /><testcase classname="tests.test_iteration30_orders_system.TestAdminPipelineView" name="test_get_pipeline_orders" time="0.304" /><testcase classname="tests.test_iteration30_orders_system.TestAdminPipelineView" name="test_get_pipeline_counts" time="0.308" /><testcase classname="tests.test_iteration30_orders_system.TestAdminPipelineView" name="test_pipeline_requires_auth" time="0.038" /><testcase classname="tests.test_iteration30_orders_system.TestOrderDetail" name="test_get_order_detail" time="0.349" /><testcase classname="tests.test_iteration30_orders_system.TestOrderDetail" name="test_get_order_timeline" time="0.338" /><testcase classname="tests.test_iteration30_orders_system.TestOrderDetail" name="test_get_nonexistent_order" time="0.309" /><testcase classname="tests.test_iteration30_orders_system.TestStateTransitions" name="test_transition_requires_reason" time="0.339" /><testcase classname="tests.test_iteration30_orders_system.TestStateTransitions" name="test_valid_transition_created_to_paid" time="0.346" /><testcase classname="tests.test_iteration30_orders_system.TestStateTransitions" name="test_invalid_transition_rejected" time="0.339" /><testcase classname="tests.test_iteration30_orders_system.TestAdminReviewActions" name="test_approve_order" time="0.546" /><testcase classname="tests.test_iteration30_orders_system.TestAdminReviewActions" name="test_request_regen" time="0.578" /><testcase classname="tests.test_iteration30_orders_system.TestAdminReviewActions" name="test_request_info" time="0.533" /><testcase classname="tests.test_iteration30_orders_system.TestAdminReviewActions" name="test_approve_requires_review_state" time="0.353" /><testcase classname="tests.test_iteration30_orders_system.TestInternalNotes" name="test_add_internal_note" time="0.339" /><testcase classname="tests.test_iteration30_orders_system.TestWorkflowAuditTrail" name="test_audit_trail_created_on_transitions" time="0.379" /><testcase classname="tests.test_iteration30_orders_system.TestExistingOrderVerification" name="test_existing_order_exists" time="0.300" /><testcase classname="tests.test_iteration30_orders_system.TestCVPIsolation" name="test_cvp_login_still_works" time="0.263" /><testcase classname="tests.test_iteration30_orders_system.TestCVPIsolation" name="test_public_website_still_works" time="0.036" /><testcase classname="tests.test_iteration30_orders_system.TestSearchEndpoint" name="test_search_orders" time="0.303"><failure message="AssertionError: Expected 200, got 404: {&quot;detail&quot;:&quot;Order not found&quot;}&#10;assert 404 == 200&#10; +  where 404 = &lt;Response [404]&gt;.status_code">tests/test_iteration30_orders_system.py:719: in test_search_orders
    assert response.status_code == 200, f"Expected 200, got {response.status_code}: {response.text}"
E   AssertionError: Expected 200, got 404: {"detail":"Order not found"}
E   assert 404 == 200
E    +  where 404 = &lt;Response [404]&gt;.status_code</failure></testcase></testsuite></testsuites>