<?xml version="1.0" encoding="utf-8"?><testsuites name="pytest tests"><testsuite name="pytest" errors="0" failures="0" skipped="0" tests="14" time="11.135" timestamp="2026-01-21T14:26:08.647808+00:00" hostname="agent-env-a29c9a8b-c952-4576-9760-b6839a07c403"><testcase classname="tests.test_iteration19_apply_save_history.TestAuthentication" name="test_client_login" time="0.327" /><testcase classname="tests.test_iteration19_apply_save_history.TestAuthentication" name="test_admin_login" time="0.284" /><testcase classname="tests.test_iteration19_apply_save_history.TestApplyAndSave" name="test_apply_extraction_iso_date_format" time="0.383" /><testcase classname="tests.test_iteration19_apply_save_history.TestApplyAndSave" name="test_apply_extraction_uk_date_format" time="0.050" /><testcase classname="tests.test_iteration19_apply_save_history.TestApplyAndSave" name="test_apply_extraction_creates_audit_log" time="0.344" /><testcase classname="tests.test_iteration19_apply_save_history.TestAIQueryHistory" name="test_admin_assistant_ask_saves_to_history" time="8.605" /><testcase classname="tests.test_iteration19_apply_save_history.TestAIQueryHistory" name="test_get_assistant_history" time="0.035" /><testcase classname="tests.test_iteration19_apply_save_history.TestAIQueryHistory" name="test_get_assistant_history_filtered_by_crn" time="0.036" /><testcase classname="tests.test_iteration19_apply_save_history.TestCalendarEndpoint" name="test_calendar_expiries_endpoint" time="0.303" /><testcase classname="tests.test_iteration19_apply_save_history.TestCalendarEndpoint" name="test_calendar_expiries_with_month_filter" time="0.075" /><testcase classname="tests.test_iteration19_apply_save_history.TestCalendarEndpoint" name="test_calendar_upcoming_expiries" time="0.039" /><testcase classname="tests.test_iteration19_apply_save_history.TestPlanFeatures" name="test_plan_features_endpoint" time="0.298" /><testcase classname="tests.test_iteration19_apply_save_history.TestDocumentExtraction" name="test_get_document_extraction" time="0.295" /><testcase classname="tests.test_iteration19_apply_save_history.TestDocumentExtraction" name="test_get_document_details" time="0.037" /></testsuite></testsuites>