<?xml version="1.0" encoding="utf-8"?><testsuites name="pytest tests"><testsuite name="pytest" errors="0" failures="1" skipped="0" tests="27" time="1.594" timestamp="2026-01-22T19:29:43.249637+00:00" hostname="agent-env-527a7995-ec26-48b2-b329-d3122c149ffd"><testcase classname="backend.tests.test_template_renderer.TestVersionsEndpoint" name="test_versions_endpoint_returns_empty_for_new_order" time="0.528" /><testcase classname="backend.tests.test_template_renderer.TestVersionsEndpoint" name="test_versions_endpoint_requires_admin_auth" time="0.040" /><testcase classname="backend.tests.test_template_renderer.TestVersionsEndpoint" name="test_versions_endpoint_returns_version_structure" time="0.039" /><testcase classname="backend.tests.test_template_renderer.TestSpecificVersionEndpoint" name="test_specific_version_returns_404_for_non_existent" time="0.042" /><testcase classname="backend.tests.test_template_renderer.TestSpecificVersionEndpoint" name="test_specific_version_requires_admin_auth" time="0.041" /><testcase classname="backend.tests.test_template_renderer.TestRegenerateValidation" name="test_regenerate_requires_regeneration_notes" time="0.046" /><testcase classname="backend.tests.test_template_renderer.TestRegenerateValidation" name="test_regenerate_requires_minimum_10_chars_notes" time="0.045" /><testcase classname="backend.tests.test_template_renderer.TestRegenerateValidation" name="test_regenerate_accepts_valid_notes" time="0.038" /><testcase classname="backend.tests.test_template_renderer.TestReviewValidation" name="test_review_rejection_requires_notes" time="0.039" /><testcase classname="backend.tests.test_template_renderer.TestReviewValidation" name="test_review_rejection_requires_minimum_10_chars_notes" time="0.038" /><testcase classname="backend.tests.test_template_renderer.TestReviewValidation" name="test_review_approval_does_not_require_notes" time="0.038"><failure message="assert 520 == 404&#10; +  where 520 = &lt;Response [520]&gt;.status_code">backend/tests/test_template_renderer.py:237: in test_review_approval_does_not_require_notes
    assert response.status_code == 404
E   assert 520 == 404
E    +  where 520 = &lt;Response [520]&gt;.status_code</failure></testcase><testcase classname="backend.tests.test_template_renderer.TestReviewValidation" name="test_review_requires_admin_auth" time="0.041" /><testcase classname="backend.tests.test_template_renderer.TestServiceCatalogueV2" name="test_public_v2_returns_11_active_services" time="0.037" /><testcase classname="backend.tests.test_template_renderer.TestServiceCatalogueV2" name="test_admin_v2_returns_all_12_services" time="0.053" /><testcase classname="backend.tests.test_template_renderer.TestServiceCatalogueV2" name="test_all_12_services_have_correct_categories" time="0.050" /><testcase classname="backend.tests.test_template_renderer.TestGenerateEndpoint" name="test_generate_requires_admin_auth" time="0.038" /><testcase classname="backend.tests.test_template_renderer.TestGenerateEndpoint" name="test_generate_validates_order_exists" time="0.129" /><testcase classname="backend.tests.test_template_renderer.TestGenerateEndpoint" name="test_generate_validates_payment_status" time="0.038" /><testcase classname="backend.tests.test_template_renderer.TestDeterministicFilenamePattern" name="test_filename_pattern_regex" time="0.000" /><testcase classname="backend.tests.test_template_renderer.TestSHA256HashValidation" name="test_sha256_hash_format" time="0.000" /><testcase classname="backend.tests.test_template_renderer.TestOrchestrationStats" name="test_stats_returns_execution_statistics" time="0.041" /><testcase classname="backend.tests.test_template_renderer.TestHistoryAndLatestEndpoints" name="test_history_returns_empty_for_new_order" time="0.034" /><testcase classname="backend.tests.test_template_renderer.TestHistoryAndLatestEndpoints" name="test_latest_returns_404_for_new_order" time="0.040" /><testcase classname="backend.tests.test_template_renderer.TestHistoryAndLatestEndpoints" name="test_history_requires_admin_auth" time="0.038" /><testcase classname="backend.tests.test_template_renderer.TestHistoryAndLatestEndpoints" name="test_latest_requires_admin_auth" time="0.039" /><testcase classname="backend.tests.test_template_renderer.TestRenderStatusEnum" name="test_render_status_values" time="0.000" /><testcase classname="backend.tests.test_template_renderer.TestRenderStatusEnum" name="test_status_transitions" time="0.000" /></testsuite></testsuites>