<?xml version="1.0" encoding="utf-8"?><testsuites name="pytest tests"><testsuite name="pytest" errors="0" failures="0" skipped="0" tests="21" time="1.833" timestamp="2026-01-21T16:50:04.930679+00:00" hostname="agent-env-4f563ee6-47e5-4625-a9ad-2646fab36986"><testcase classname="tests.test_iteration23_plan_structure.TestPlansEndpoint" name="test_plans_endpoint_returns_new_structure" time="0.098" /><testcase classname="tests.test_iteration23_plan_structure.TestPlansEndpoint" name="test_plan_1_solo_details" time="0.053" /><testcase classname="tests.test_iteration23_plan_structure.TestPlansEndpoint" name="test_plan_2_portfolio_details" time="0.047" /><testcase classname="tests.test_iteration23_plan_structure.TestPlansEndpoint" name="test_plan_3_pro_details" time="0.044" /><testcase classname="tests.test_iteration23_plan_structure.TestPropertyCountValidation" name="test_plan_1_solo_with_2_properties_allowed" time="0.042" /><testcase classname="tests.test_iteration23_plan_structure.TestPropertyCountValidation" name="test_plan_1_solo_with_3_properties_rejected" time="0.042" /><testcase classname="tests.test_iteration23_plan_structure.TestPropertyCountValidation" name="test_plan_2_portfolio_with_10_properties_allowed" time="0.056" /><testcase classname="tests.test_iteration23_plan_structure.TestPropertyCountValidation" name="test_plan_2_portfolio_with_11_properties_rejected" time="0.051" /><testcase classname="tests.test_iteration23_plan_structure.TestPropertyCountValidation" name="test_plan_3_pro_with_25_properties_allowed" time="0.044" /><testcase classname="tests.test_iteration23_plan_structure.TestPropertyCountValidation" name="test_plan_3_pro_with_26_properties_rejected" time="0.048" /><testcase classname="tests.test_iteration23_plan_structure.TestLegacyPlanMapping" name="test_legacy_plan_1_maps_to_solo" time="0.121" /><testcase classname="tests.test_iteration23_plan_structure.TestLegacyPlanMapping" name="test_legacy_plan_2_5_maps_to_portfolio" time="0.082" /><testcase classname="tests.test_iteration23_plan_structure.TestLegacyPlanMapping" name="test_legacy_plan_6_15_maps_to_pro" time="0.081" /><testcase classname="tests.test_iteration23_plan_structure.TestClientEntitlements" name="test_client_entitlements_endpoint" time="0.336" /><testcase classname="tests.test_iteration23_plan_structure.TestAdminFeatureMatrix" name="test_admin_feature_matrix_endpoint" time="0.335" /><testcase classname="tests.test_iteration23_plan_structure.TestTenantPortalViewOnly" name="test_tenant_request_certificate_disabled" time="0.059" /><testcase classname="tests.test_iteration23_plan_structure.TestTenantPortalViewOnly" name="test_tenant_contact_landlord_disabled" time="0.044" /><testcase classname="tests.test_iteration23_plan_structure.TestTenantPortalViewOnly" name="test_tenant_requests_returns_empty_with_note" time="0.037" /><testcase classname="tests.test_iteration23_plan_structure.TestTenantPortalViewOnly" name="test_tenant_dashboard_requires_auth" time="0.051" /><testcase classname="tests.test_iteration23_plan_structure.TestHealthAndBasicEndpoints" name="test_health_endpoint" time="0.050" /><testcase classname="tests.test_iteration23_plan_structure.TestHealthAndBasicEndpoints" name="test_plans_endpoint_accessible" time="0.043" /></testsuite></testsuites>