<?xml version="1.0" encoding="utf-8"?><testsuites name="pytest tests"><testsuite name="pytest" errors="0" failures="0" skipped="0" tests="34" time="50.653" timestamp="2026-01-19T23:10:15.097652+00:00" hostname="agent-env-d321fad6-2729-43cf-9821-b9f65fff390e"><testcase classname="tests.test_new_features.TestOnboardingStatusAPI" name="test_onboarding_status_valid_client" time="28.179" /><testcase classname="tests.test_new_features.TestOnboardingStatusAPI" name="test_onboarding_status_invalid_client" time="11.305" /><testcase classname="tests.test_new_features.TestOnboardingStatusAPI" name="test_onboarding_status_response_fields" time="0.053" /><testcase classname="tests.test_new_features.TestNotificationPreferencesAPI" name="test_get_notification_preferences" time="0.307" /><testcase classname="tests.test_new_features.TestNotificationPreferencesAPI" name="test_update_notification_preferences" time="2.459" /><testcase classname="tests.test_new_features.TestNotificationPreferencesAPI" name="test_update_invalid_reminder_days" time="0.299" /><testcase classname="tests.test_new_features.TestNotificationPreferencesAPI" name="test_update_valid_reminder_days_options" time="0.508" /><testcase classname="tests.test_new_features.TestNotificationPreferencesAPI" name="test_notification_preferences_without_auth" time="0.302" /><testcase classname="tests.test_new_features.TestProfileAPI" name="test_get_profile" time="0.311" /><testcase classname="tests.test_new_features.TestAdminJobsComplianceCheck" name="test_jobs_status_includes_compliance_check" time="0.300" /><testcase classname="tests.test_new_features.TestAdminJobsComplianceCheck" name="test_trigger_compliance_check" time="0.387" /><testcase classname="tests.test_new_features.TestClientLogin" name="test_client_login" time="0.268" /><testcase classname="tests.test_admin_endpoints.TestHealthCheck" name="test_health_endpoint" time="0.054" /><testcase classname="tests.test_admin_endpoints.TestAdminAuthentication" name="test_admin_login_success" time="0.261" /><testcase classname="tests.test_admin_endpoints.TestAdminAuthentication" name="test_admin_login_invalid_password" time="0.261" /><testcase classname="tests.test_admin_endpoints.TestAdminAuthentication" name="test_admin_login_invalid_email" time="0.040" /><testcase classname="tests.test_admin_endpoints.TestAdminDashboard" name="test_dashboard_with_auth" time="0.308" /><testcase classname="tests.test_admin_endpoints.TestAdminDashboard" name="test_dashboard_without_auth" time="0.298" /><testcase classname="tests.test_admin_endpoints.TestAdminClients" name="test_get_clients_list" time="0.299" /><testcase classname="tests.test_admin_endpoints.TestAdminClients" name="test_get_clients_with_pagination" time="0.299" /><testcase classname="tests.test_admin_endpoints.TestAdminClients" name="test_get_clients_without_auth" time="0.335" /><testcase classname="tests.test_admin_endpoints.TestAdminAuditLogs" name="test_get_audit_logs" time="0.345" /><testcase classname="tests.test_admin_endpoints.TestAdminAuditLogs" name="test_get_audit_logs_with_filters" time="0.304" /><testcase classname="tests.test_admin_endpoints.TestAdminAuditLogs" name="test_get_audit_logs_without_auth" time="0.294" /><testcase classname="tests.test_admin_endpoints.TestAdminJobsStatus" name="test_get_jobs_status" time="0.304" /><testcase classname="tests.test_admin_endpoints.TestAdminJobsStatus" name="test_get_jobs_status_without_auth" time="0.298" /><testcase classname="tests.test_admin_endpoints.TestAdminJobTrigger" name="test_trigger_daily_job" time="0.315" /><testcase classname="tests.test_admin_endpoints.TestAdminJobTrigger" name="test_trigger_monthly_job" time="0.348" /><testcase classname="tests.test_admin_endpoints.TestAdminJobTrigger" name="test_trigger_invalid_job_type" time="0.287" /><testcase classname="tests.test_admin_endpoints.TestAdminJobTrigger" name="test_trigger_job_without_auth" time="0.304" /><testcase classname="tests.test_admin_endpoints.TestAdminClientInvite" name="test_invite_client_success" time="0.322" /><testcase classname="tests.test_admin_endpoints.TestAdminClientInvite" name="test_invite_duplicate_email" time="0.330" /><testcase classname="tests.test_admin_endpoints.TestAdminClientInvite" name="test_invite_client_without_auth" time="0.295" /><testcase classname="tests.test_admin_endpoints.TestRootEndpoint" name="test_root_endpoint" time="0.037" /></testsuite></testsuites>