<?xml version="1.0" encoding="utf-8"?><testsuites name="pytest tests"><testsuite name="pytest" errors="0" failures="0" skipped="0" tests="32" time="3.514" timestamp="2026-01-23T21:01:05.188668+00:00" hostname="agent-env-b0c5f139-1d40-444c-b08d-b34add99e633"><testcase classname="backend.tests.test_reporting.TestReportingAuth" name="test_unauthenticated_access_rejected" time="0.071" /><testcase classname="backend.tests.test_reporting.TestReportTypes" name="test_get_report_types_returns_7_types" time="0.322" /><testcase classname="backend.tests.test_reporting.TestReportTypes" name="test_get_report_types_returns_4_formats" time="0.038" /><testcase classname="backend.tests.test_reporting.TestReportTypes" name="test_get_report_types_returns_periods" time="0.037" /><testcase classname="backend.tests.test_reporting.TestReportPreview" name="test_preview_leads_report" time="0.310" /><testcase classname="backend.tests.test_reporting.TestReportPreview" name="test_preview_revenue_report" time="0.038" /><testcase classname="backend.tests.test_reporting.TestReportPreview" name="test_preview_orders_report" time="0.041" /><testcase classname="backend.tests.test_reporting.TestReportPreview" name="test_preview_clients_report" time="0.051" /><testcase classname="backend.tests.test_reporting.TestReportPreview" name="test_preview_compliance_report" time="0.038" /><testcase classname="backend.tests.test_reporting.TestReportPreview" name="test_preview_enablement_report" time="0.045" /><testcase classname="backend.tests.test_reporting.TestReportPreview" name="test_preview_consent_report" time="0.041" /><testcase classname="backend.tests.test_reporting.TestReportPreview" name="test_preview_invalid_report_type" time="0.036" /><testcase classname="backend.tests.test_reporting.TestReportGenerate" name="test_generate_csv_report" time="0.314" /><testcase classname="backend.tests.test_reporting.TestReportGenerate" name="test_generate_xlsx_report" time="0.050" /><testcase classname="backend.tests.test_reporting.TestReportGenerate" name="test_generate_pdf_report" time="0.047" /><testcase classname="backend.tests.test_reporting.TestReportGenerate" name="test_generate_json_report" time="0.041" /><testcase classname="backend.tests.test_reporting.TestReportGenerate" name="test_generate_report_invalid_type" time="0.040" /><testcase classname="backend.tests.test_reporting.TestScheduledReports" name="test_list_scheduled_reports" time="0.311" /><testcase classname="backend.tests.test_reporting.TestScheduledReports" name="test_create_scheduled_report" time="0.039" /><testcase classname="backend.tests.test_reporting.TestScheduledReports" name="test_toggle_scheduled_report" time="0.045" /><testcase classname="backend.tests.test_reporting.TestScheduledReports" name="test_run_scheduled_report_now" time="0.482" /><testcase classname="backend.tests.test_reporting.TestScheduledReports" name="test_delete_scheduled_report" time="0.074" /><testcase classname="backend.tests.test_reporting.TestScheduledReports" name="test_delete_nonexistent_schedule" time="0.042" /><testcase classname="backend.tests.test_reporting.TestReportHistory" name="test_get_report_history" time="0.307" /><testcase classname="backend.tests.test_reporting.TestReportHistory" name="test_get_report_executions" time="0.038" /><testcase classname="backend.tests.test_reporting.TestReportGenerateAllTypes" name="test_generate_all_report_types_csv[revenue]" time="0.300" /><testcase classname="backend.tests.test_reporting.TestReportGenerateAllTypes" name="test_generate_all_report_types_csv[orders]" time="0.039" /><testcase classname="backend.tests.test_reporting.TestReportGenerateAllTypes" name="test_generate_all_report_types_csv[clients]" time="0.038" /><testcase classname="backend.tests.test_reporting.TestReportGenerateAllTypes" name="test_generate_all_report_types_csv[leads]" time="0.042" /><testcase classname="backend.tests.test_reporting.TestReportGenerateAllTypes" name="test_generate_all_report_types_csv[compliance]" time="0.041" /><testcase classname="backend.tests.test_reporting.TestReportGenerateAllTypes" name="test_generate_all_report_types_csv[enablement]" time="0.038" /><testcase classname="backend.tests.test_reporting.TestReportGenerateAllTypes" name="test_generate_all_report_types_csv[consent]" time="0.043" /></testsuite></testsuites>