<?xml version="1.0" encoding="utf-8"?><testsuites name="pytest tests"><testsuite name="pytest" errors="0" failures="0" skipped="0" tests="20" time="3.175" timestamp="2026-01-20T19:14:48.435300+00:00" hostname="agent-env-f08d802d-ca63-44bb-83f8-095e1369756e"><testcase classname="tests.test_iteration14_admin_council.TestAdminAuthentication" name="test_admin_login_success" time="0.315" /><testcase classname="tests.test_iteration14_admin_council.TestAdminManagementAPI" name="test_list_admins" time="0.295" /><testcase classname="tests.test_iteration14_admin_council.TestAdminManagementAPI" name="test_invite_admin_validation" time="0.078" /><testcase classname="tests.test_iteration14_admin_council.TestAdminManagementAPI" name="test_invite_admin_duplicate_email" time="0.036" /><testcase classname="tests.test_iteration14_admin_council.TestAdminManagementAPI" name="test_invite_admin_success" time="0.223" /><testcase classname="tests.test_iteration14_admin_council.TestAdminManagementAPI" name="test_deactivate_admin_self_prevention" time="0.113" /><testcase classname="tests.test_iteration14_admin_council.TestAdminManagementAPI" name="test_deactivate_nonexistent_admin" time="0.040" /><testcase classname="tests.test_iteration14_admin_council.TestAdminManagementAPI" name="test_reactivate_nonexistent_admin" time="0.038" /><testcase classname="tests.test_iteration14_admin_council.TestAdminManagementAPI" name="test_resend_invite_nonexistent_admin" time="0.036" /><testcase classname="tests.test_iteration14_admin_council.TestCouncilNameNormalization" name="test_postcode_lookup_westminster" time="0.169" /><testcase classname="tests.test_iteration14_admin_council.TestCouncilNameNormalization" name="test_postcode_lookup_camden" time="0.114" /><testcase classname="tests.test_iteration14_admin_council.TestCouncilNameNormalization" name="test_postcode_lookup_bristol" time="0.222" /><testcase classname="tests.test_iteration14_admin_council.TestCouncilNameNormalization" name="test_postcode_lookup_manchester" time="0.230" /><testcase classname="tests.test_iteration14_admin_council.TestCouncilNameNormalization" name="test_council_search_returns_normalized_names" time="0.034" /><testcase classname="tests.test_iteration14_admin_council.TestCouncilNameNormalization" name="test_council_search_london_boroughs" time="0.032" /><testcase classname="tests.test_iteration14_admin_council.TestCouncilNameNormalization" name="test_council_search_pagination" time="0.033" /><testcase classname="tests.test_iteration14_admin_council.TestCouncilNameNormalization" name="test_council_search_by_nation" time="0.032" /><testcase classname="tests.test_iteration14_admin_council.TestAdminManagementIntegration" name="test_full_admin_lifecycle" time="0.556" /><testcase classname="tests.test_iteration14_admin_council.TestAdminManagementIntegration" name="test_resend_invite_for_pending_admin" time="0.217" /><testcase classname="tests.test_iteration14_admin_council.TestAdminDashboardStats" name="test_admin_list_has_stats" time="0.302" /></testsuite></testsuites>