<?xml version="1.0" encoding="utf-8"?><testsuites name="pytest tests"><testsuite name="pytest" errors="0" failures="2" skipped="0" tests="21" time="7.272" timestamp="2026-01-20T01:46:24.179074+00:00" hostname="agent-env-f195497f-20bf-4bcb-9225-eb6968095c3a"><testcase classname="tests.test_iteration11_webhooks.TestWebhookEndpoints" name="test_get_available_events" time="0.330" /><testcase classname="tests.test_iteration11_webhooks.TestWebhookEndpoints" name="test_create_webhook_success" time="0.275"><failure message="AssertionError: Failed: {&quot;detail&quot;:&quot;A webhook with this URL already exists&quot;}&#10;assert 400 == 200&#10; +  where 400 = &lt;Response [400]&gt;.status_code">tests/test_iteration11_webhooks.py:99: in test_create_webhook_success
    assert response.status_code == 200, f"Failed: {response.text}"
E   AssertionError: Failed: {"detail":"A webhook with this URL already exists"}
E   assert 400 == 200
E    +  where 400 = &lt;Response [400]&gt;.status_code</failure></testcase><testcase classname="tests.test_iteration11_webhooks.TestWebhookEndpoints" name="test_create_webhook_with_custom_secret" time="0.340" /><testcase classname="tests.test_iteration11_webhooks.TestWebhookEndpoints" name="test_create_webhook_invalid_url" time="0.281" /><testcase classname="tests.test_iteration11_webhooks.TestWebhookEndpoints" name="test_create_webhook_invalid_event_type" time="0.314" /><testcase classname="tests.test_iteration11_webhooks.TestWebhookEndpoints" name="test_create_duplicate_webhook_url" time="0.336" /><testcase classname="tests.test_iteration11_webhooks.TestWebhookEndpoints" name="test_list_webhooks" time="0.383" /><testcase classname="tests.test_iteration11_webhooks.TestWebhookEndpoints" name="test_get_webhook_details" time="0.339" /><testcase classname="tests.test_iteration11_webhooks.TestWebhookEndpoints" name="test_get_webhook_not_found" time="0.271" /><testcase classname="tests.test_iteration11_webhooks.TestWebhookEndpoints" name="test_update_webhook" time="0.365" /><testcase classname="tests.test_iteration11_webhooks.TestWebhookEndpoints" name="test_delete_webhook" time="0.294" /><testcase classname="tests.test_iteration11_webhooks.TestWebhookEndpoints" name="test_webhook_test_endpoint" time="0.722" /><testcase classname="tests.test_iteration11_webhooks.TestWebhookEndpoints" name="test_enable_webhook" time="0.402" /><testcase classname="tests.test_iteration11_webhooks.TestWebhookEndpoints" name="test_disable_webhook" time="0.335" /><testcase classname="tests.test_iteration11_webhooks.TestWebhookEndpoints" name="test_regenerate_secret" time="0.350" /><testcase classname="tests.test_iteration11_webhooks.TestWebhookEndpoints" name="test_get_webhook_stats" time="0.274" /><testcase classname="tests.test_iteration11_webhooks.TestNotificationPreferences" name="test_get_notification_preferences" time="0.310" /><testcase classname="tests.test_iteration11_webhooks.TestNotificationPreferences" name="test_update_digest_customization" time="0.354" /><testcase classname="tests.test_iteration11_webhooks.TestNotificationPreferences" name="test_update_reminder_days" time="0.490" /><testcase classname="tests.test_iteration11_webhooks.TestNotificationPreferences" name="test_update_reminder_days_invalid" time="0.309" /><testcase classname="tests.test_iteration11_webhooks.TestWebhookAuthentication" name="test_webhooks_require_auth" time="0.100"><failure message="AssertionError: POST /api/webhooks should require auth: 422&#10;assert 422 == 401&#10; +  where 422 = &lt;Response [422]&gt;.status_code">tests/test_iteration11_webhooks.py:566: in test_webhooks_require_auth
    assert response.status_code == 401, f"{method} {endpoint} should require auth: {response.status_code}"
E   AssertionError: POST /api/webhooks should require auth: 422
E   assert 422 == 401
E    +  where 422 = &lt;Response [422]&gt;.status_code</failure></testcase></testsuite></testsuites>