<?xml version="1.0" encoding="utf-8"?><testsuites name="pytest tests"><testsuite name="pytest" errors="0" failures="0" skipped="0" tests="18" time="1.371" timestamp="2026-01-19T23:53:15.705349+00:00" hostname="agent-env-d321fad6-2729-43cf-9821-b9f65fff390e"><testcase classname="tests.test_iteration6_sms_compliance.TestComplianceScoreAPI" name="test_compliance_score_returns_200" time="0.304" /><testcase classname="tests.test_iteration6_sms_compliance.TestComplianceScoreAPI" name="test_compliance_score_has_score_0_to_100" time="0.054" /><testcase classname="tests.test_iteration6_sms_compliance.TestComplianceScoreAPI" name="test_compliance_score_has_grade" time="0.014" /><testcase classname="tests.test_iteration6_sms_compliance.TestComplianceScoreAPI" name="test_compliance_score_has_color" time="0.016" /><testcase classname="tests.test_iteration6_sms_compliance.TestComplianceScoreAPI" name="test_compliance_score_has_breakdown" time="0.054" /><testcase classname="tests.test_iteration6_sms_compliance.TestComplianceScoreAPI" name="test_compliance_score_has_recommendations" time="0.055" /><testcase classname="tests.test_iteration6_sms_compliance.TestComplianceScoreAPI" name="test_compliance_score_has_stats" time="0.054" /><testcase classname="tests.test_iteration6_sms_compliance.TestSMSStatusAPI" name="test_sms_status_returns_200" time="0.009" /><testcase classname="tests.test_iteration6_sms_compliance.TestSMSStatusAPI" name="test_sms_status_structure" time="0.050" /><testcase classname="tests.test_iteration6_sms_compliance.TestSendOTPAPI" name="test_send_otp_requires_auth" time="0.078" /><testcase classname="tests.test_iteration6_sms_compliance.TestSendOTPAPI" name="test_send_otp_returns_success_dev_mode" time="0.053" /><testcase classname="tests.test_iteration6_sms_compliance.TestSendOTPAPI" name="test_send_otp_validates_phone_format" time="0.052" /><testcase classname="tests.test_iteration6_sms_compliance.TestVerifyOTPAPI" name="test_verify_otp_requires_auth" time="0.038" /><testcase classname="tests.test_iteration6_sms_compliance.TestVerifyOTPAPI" name="test_verify_otp_full_flow" time="0.065" /><testcase classname="tests.test_iteration6_sms_compliance.TestVerifyOTPAPI" name="test_verify_otp_wrong_code" time="0.064" /><testcase classname="tests.test_iteration6_sms_compliance.TestVerifyOTPAPI" name="test_verify_otp_updates_notification_preferences" time="0.078" /><testcase classname="tests.test_iteration6_sms_compliance.TestHealthAndAuth" name="test_health_endpoint" time="0.049" /><testcase classname="tests.test_iteration6_sms_compliance.TestHealthAndAuth" name="test_client_login" time="0.235" /></testsuite></testsuites>