<?xml version="1.0" encoding="utf-8"?><testsuites name="pytest tests"><testsuite name="pytest" errors="0" failures="0" skipped="0" tests="20" time="3.288" timestamp="2026-01-21T21:05:55.132134+00:00" hostname="agent-env-91ec51ad-b1e5-49cd-8ed3-e4e2c7dc4aff"><testcase classname="tests.test_iteration26_billing_webhooks.TestAuthentication" name="test_client_login_success" time="0.348" /><testcase classname="tests.test_iteration26_billing_webhooks.TestBillingStatusAPI" name="test_billing_status_returns_200" time="0.335" /><testcase classname="tests.test_iteration26_billing_webhooks.TestBillingStatusAPI" name="test_billing_status_returns_subscription_info" time="0.334" /><testcase classname="tests.test_iteration26_billing_webhooks.TestBillingStatusAPI" name="test_billing_status_unauthenticated_returns_401" time="0.082" /><testcase classname="tests.test_iteration26_billing_webhooks.TestBillingPlansAPI" name="test_billing_plans_returns_200" time="0.040" /><testcase classname="tests.test_iteration26_billing_webhooks.TestBillingPlansAPI" name="test_billing_plans_returns_all_plans" time="0.038" /><testcase classname="tests.test_iteration26_billing_webhooks.TestBillingPlansAPI" name="test_billing_plans_have_stripe_price_ids" time="0.053" /><testcase classname="tests.test_iteration26_billing_webhooks.TestBillingPlansAPI" name="test_billing_plans_have_pricing_info" time="0.037" /><testcase classname="tests.test_iteration26_billing_webhooks.TestBillingPlansAPI" name="test_billing_plans_have_features_count" time="0.038" /><testcase classname="tests.test_iteration26_billing_webhooks.TestBillingCheckoutAPI" name="test_checkout_requires_auth" time="0.039" /><testcase classname="tests.test_iteration26_billing_webhooks.TestBillingCheckoutAPI" name="test_checkout_validates_plan_code" time="0.306" /><testcase classname="tests.test_iteration26_billing_webhooks.TestBillingCheckoutAPI" name="test_checkout_accepts_valid_plan_code" time="0.558" /><testcase classname="tests.test_iteration26_billing_webhooks.TestStripeWebhookAPI" name="test_webhook_accepts_empty_payload" time="0.073" /><testcase classname="tests.test_iteration26_billing_webhooks.TestStripeWebhookAPI" name="test_webhook_accepts_mock_checkout_completed" time="0.090" /><testcase classname="tests.test_iteration26_billing_webhooks.TestStripeWebhookAPI" name="test_webhook_accepts_mock_subscription_updated" time="0.043" /><testcase classname="tests.test_iteration26_billing_webhooks.TestStripeWebhookAPI" name="test_webhook_accepts_mock_invoice_paid" time="0.087" /><testcase classname="tests.test_iteration26_billing_webhooks.TestStripeWebhookAPI" name="test_webhook_accepts_mock_payment_failed" time="0.049" /><testcase classname="tests.test_iteration26_billing_webhooks.TestStripeWebhookAPI" name="test_webhook_handles_unrecognized_event" time="0.043" /><testcase classname="tests.test_iteration26_billing_webhooks.TestEntitlementsAPI" name="test_entitlements_returns_correct_plan_features" time="0.314" /><testcase classname="tests.test_iteration26_billing_webhooks.TestPlanRegistryPriceIDs" name="test_feature_matrix_returns_correct_plans" time="0.321" /></testsuite></testsuites>