<?xml version="1.0" encoding="utf-8"?><testsuites name="pytest tests"><testsuite name="pytest" errors="0" failures="0" skipped="0" tests="25" time="1.131" timestamp="2026-01-22T01:54:02.934989+00:00" hostname="agent-env-6b03fc49-e2c7-4c38-8983-f2bcbb3e0956"><testcase classname="tests.test_iteration29_public_website.TestPublicAPIs" name="test_get_services_list" time="0.078" /><testcase classname="tests.test_iteration29_public_website.TestPublicAPIs" name="test_get_service_detail" time="0.044" /><testcase classname="tests.test_iteration29_public_website.TestPublicAPIs" name="test_get_service_detail_not_found" time="0.042" /><testcase classname="tests.test_iteration29_public_website.TestPublicAPIs" name="test_contact_form_submission" time="0.042" /><testcase classname="tests.test_iteration29_public_website.TestPublicAPIs" name="test_contact_form_validation" time="0.043" /><testcase classname="tests.test_iteration29_public_website.TestPublicAPIs" name="test_contact_form_invalid_email" time="0.044" /><testcase classname="tests.test_iteration29_public_website.TestPublicAPIs" name="test_service_inquiry_submission" time="0.067" /><testcase classname="tests.test_iteration29_public_website.TestPublicPageLoading" name="test_page_loads[/-Pleerity]" time="0.041" /><testcase classname="tests.test_iteration29_public_website.TestPublicPageLoading" name="test_page_loads[/compliance-vault-pro-Compliance Vault Pro]" time="0.041" /><testcase classname="tests.test_iteration29_public_website.TestPublicPageLoading" name="test_page_loads[/services-Services]" time="0.037" /><testcase classname="tests.test_iteration29_public_website.TestPublicPageLoading" name="test_page_loads[/services/ai-workflow-automation-AI Workflow]" time="0.040" /><testcase classname="tests.test_iteration29_public_website.TestPublicPageLoading" name="test_page_loads[/pricing-Pricing]" time="0.039" /><testcase classname="tests.test_iteration29_public_website.TestPublicPageLoading" name="test_page_loads[/booking-Book]" time="0.039" /><testcase classname="tests.test_iteration29_public_website.TestPublicPageLoading" name="test_page_loads[/about-About]" time="0.042" /><testcase classname="tests.test_iteration29_public_website.TestPublicPageLoading" name="test_page_loads[/contact-Contact]" time="0.038" /><testcase classname="tests.test_iteration29_public_website.TestPublicPageLoading" name="test_page_loads[/legal/privacy-Privacy]" time="0.035" /><testcase classname="tests.test_iteration29_public_website.TestPublicPageLoading" name="test_page_loads[/legal/terms-Terms]" time="0.043" /><testcase classname="tests.test_iteration29_public_website.TestPublicPageLoading" name="test_page_loads[/login-Login]" time="0.042" /><testcase classname="tests.test_iteration29_public_website.TestPublicPageLoading" name="test_page_loads[/intake/start-]" time="0.039" /><testcase classname="tests.test_iteration29_public_website.TestRateLimiting" name="test_rate_limit_contact_form" time="0.040" /><testcase classname="tests.test_iteration29_public_website.TestExistingCVPRoutes" name="test_login_page_accessible" time="0.037" /><testcase classname="tests.test_iteration29_public_website.TestExistingCVPRoutes" name="test_intake_wizard_accessible" time="0.038" /><testcase classname="tests.test_iteration29_public_website.TestExistingCVPRoutes" name="test_protected_routes_redirect" time="0.042" /><testcase classname="tests.test_iteration29_public_website.TestAPIHealthCheck" name="test_api_health" time="0.041" /><testcase classname="tests.test_iteration29_public_website.TestAPIHealthCheck" name="test_api_root" time="0.052" /></testsuite></testsuites>