<?xml version="1.0" encoding="utf-8"?><testsuites name="pytest tests"><testsuite name="pytest" errors="0" failures="1" skipped="0" tests="12" time="4.468" timestamp="2026-01-19T23:23:21.639205+00:00" hostname="agent-env-d321fad6-2729-43cf-9821-b9f65fff390e"><testcase classname="tests.test_iteration4_features.TestAuditLogDiff" name="test_audit_logs_contain_diff_field" time="0.347" /><testcase classname="tests.test_iteration4_features.TestAuditLogDiff" name="test_audit_log_diff_on_notification_update" time="1.198" /><testcase classname="tests.test_iteration4_features.TestNotificationPreferencesWidget" name="test_notification_prefs_returns_all_widget_fields" time="0.302" /><testcase classname="tests.test_iteration4_features.TestNotificationPreferencesWidget" name="test_client_dashboard_returns_data" time="0.312" /><testcase classname="tests.test_iteration4_features.TestJobsRespectPreferences" name="test_jobs_status_endpoint" time="0.308" /><testcase classname="tests.test_iteration4_features.TestJobsRespectPreferences" name="test_trigger_daily_reminders_job" time="0.316" /><testcase classname="tests.test_iteration4_features.TestJobsRespectPreferences" name="test_trigger_monthly_digest_job" time="0.317" /><testcase classname="tests.test_iteration4_features.TestJobsRespectPreferences" name="test_trigger_invalid_job_type" time="0.303" /><testcase classname="tests.test_iteration4_features.TestJobsRespectPreferences" name="test_jobs_require_admin_auth" time="0.638"><failure message="AssertionError: Expected 401 for client, got 403&#10;assert 403 == 401&#10; +  where 403 = &lt;Response [403]&gt;.status_code">tests/test_iteration4_features.py:306: in test_jobs_require_admin_auth
    assert response.status_code == 401, f"Expected 401 for client, got {response.status_code}"
E   AssertionError: Expected 401 for client, got 403
E   assert 403 == 401
E    +  where 403 = &lt;Response [403]&gt;.status_code</failure></testcase><testcase classname="tests.test_iteration4_features.TestProfileNavigation" name="test_profile_endpoint_exists" time="0.297" /><testcase classname="tests.test_iteration4_features.TestHealthAndBasics" name="test_api_health" time="0.039" /><testcase classname="tests.test_iteration4_features.TestHealthAndBasics" name="test_api_root" time="0.038" /></testsuite></testsuites>