<?xml version="1.0" encoding="utf-8"?><testsuites name="pytest tests"><testsuite name="pytest" errors="0" failures="2" skipped="0" tests="11" time="32.776" timestamp="2026-01-21T13:44:44.631449+00:00" hostname="agent-env-a29c9a8b-c952-4576-9760-b6839a07c403"><testcase classname="tests.test_iteration18_drilldowns.TestAuthAndSetup" name="test_client_login" time="0.317" /><testcase classname="tests.test_iteration18_drilldowns.TestAuthAndSetup" name="test_admin_login" time="0.264" /><testcase classname="tests.test_iteration18_drilldowns.TestClientDashboard" name="test_dashboard_endpoint" time="0.309" /><testcase classname="tests.test_iteration18_drilldowns.TestClientDashboard" name="test_compliance_score_endpoint" time="0.039" /><testcase classname="tests.test_iteration18_drilldowns.TestClientDashboard" name="test_requirements_endpoint" time="0.045" /><testcase classname="tests.test_iteration18_drilldowns.TestPlanFeatures" name="test_plan_features_endpoint" time="0.340" /><testcase classname="tests.test_iteration18_drilldowns.TestPlanGating" name="test_webhook_creation_blocked_for_plan_1" time="0.297"><failure message="AttributeError: 'dict' object has no attribute 'lower'">tests/test_iteration18_drilldowns.py:209: in test_webhook_creation_blocked_for_plan_1
    assert "PLAN_NOT_ELIGIBLE" in detail or "plan" in detail.lower() or "upgrade" in detail.lower(), \
                                                      ^^^^^^^^^^^^
E   AttributeError: 'dict' object has no attribute 'lower'</failure></testcase><testcase classname="tests.test_iteration18_drilldowns.TestAIAssistant" name="test_assistant_ask_endpoint" time="30.678" /><testcase classname="tests.test_iteration18_drilldowns.TestAIAssistant" name="test_assistant_refuses_action_requests" time="0.085" /><testcase classname="tests.test_iteration18_drilldowns.TestAIAssistant" name="test_assistant_empty_question_rejected" time="0.036" /><testcase classname="tests.test_iteration18_drilldowns.TestPropertiesEndpoint" name="test_properties_list_endpoint" time="0.297"><failure message="AssertionError: Properties failed: {&quot;detail&quot;:&quot;Not Found&quot;}&#10;assert 404 == 200&#10; +  where 404 = &lt;Response [404]&gt;.status_code">tests/test_iteration18_drilldowns.py:308: in test_properties_list_endpoint
    assert response.status_code == 200, f"Properties failed: {response.text}"
E   AssertionError: Properties failed: {"detail":"Not Found"}
E   assert 404 == 200
E    +  where 404 = &lt;Response [404]&gt;.status_code</failure></testcase></testsuite></testsuites>