<?xml version="1.0" encoding="utf-8"?><testsuites name="pytest tests"><testsuite name="pytest" errors="0" failures="0" skipped="0" tests="16" time="2.066" timestamp="2026-01-21T17:21:41.499007+00:00" hostname="agent-env-4f563ee6-47e5-4625-a9ad-2646fab36986"><testcase classname="tests.test_iteration24_frontend_integration.TestIntakePlansDisplay" name="test_plans_endpoint_returns_three_plans" time="0.097" /><testcase classname="tests.test_iteration24_frontend_integration.TestIntakePlansDisplay" name="test_solo_landlord_plan_pricing" time="0.039" /><testcase classname="tests.test_iteration24_frontend_integration.TestIntakePlansDisplay" name="test_portfolio_plan_pricing" time="0.036" /><testcase classname="tests.test_iteration24_frontend_integration.TestIntakePlansDisplay" name="test_professional_plan_pricing" time="0.039" /><testcase classname="tests.test_iteration24_frontend_integration.TestPropertyLimitValidation" name="test_solo_plan_allows_2_properties" time="0.038" /><testcase classname="tests.test_iteration24_frontend_integration.TestPropertyLimitValidation" name="test_solo_plan_rejects_3_properties" time="0.034" /><testcase classname="tests.test_iteration24_frontend_integration.TestPropertyLimitValidation" name="test_portfolio_plan_allows_10_properties" time="0.039" /><testcase classname="tests.test_iteration24_frontend_integration.TestPropertyLimitValidation" name="test_pro_plan_allows_25_properties" time="0.036" /><testcase classname="tests.test_iteration24_frontend_integration.TestClientEntitlements" name="test_client_entitlements_returns_plan" time="0.337" /><testcase classname="tests.test_iteration24_frontend_integration.TestClientEntitlements" name="test_client_has_basic_ai_extraction" time="0.302" /><testcase classname="tests.test_iteration24_frontend_integration.TestClientDashboard" name="test_dashboard_loads" time="0.308" /><testcase classname="tests.test_iteration24_frontend_integration.TestClientDashboard" name="test_compliance_score_trend" time="0.303" /><testcase classname="tests.test_iteration24_frontend_integration.TestAdminFeatureMatrix" name="test_feature_matrix_returns_all_plans" time="0.296" /><testcase classname="tests.test_iteration24_frontend_integration.TestTenantPortalViewOnly" name="test_request_certificate_disabled" time="0.036" /><testcase classname="tests.test_iteration24_frontend_integration.TestTenantPortalViewOnly" name="test_contact_landlord_disabled" time="0.033" /><testcase classname="tests.test_iteration24_frontend_integration.TestTenantPortalViewOnly" name="test_tenant_requests_empty" time="0.041" /></testsuite></testsuites>