<?xml version="1.0" encoding="utf-8"?><testsuites name="pytest tests"><testsuite name="pytest" errors="0" failures="0" skipped="0" tests="28" time="1.560" timestamp="2026-01-24T13:30:15.042695+00:00" hostname="agent-env-c9c4ec81-1604-4b04-81cc-ce6b72f41759"><testcase classname="backend.tests.test_document_pack_purchase_flow.TestCheckoutValidationAPI" name="test_validate_doc_pack_essential_returns_valid" time="0.060" /><testcase classname="backend.tests.test_document_pack_purchase_flow.TestCheckoutValidationAPI" name="test_validate_doc_pack_plus_returns_valid" time="0.037" /><testcase classname="backend.tests.test_document_pack_purchase_flow.TestCheckoutValidationAPI" name="test_validate_doc_pack_pro_returns_valid" time="0.036" /><testcase classname="backend.tests.test_document_pack_purchase_flow.TestCheckoutValidationAPI" name="test_validate_fast_track_variant" time="0.039" /><testcase classname="backend.tests.test_document_pack_purchase_flow.TestCheckoutValidationAPI" name="test_validate_invalid_service_code_returns_error" time="0.077" /><testcase classname="backend.tests.test_document_pack_purchase_flow.TestCheckoutValidationAPI" name="test_validate_returns_checkout_metadata" time="0.038" /><testcase classname="backend.tests.test_document_pack_purchase_flow.TestServiceInfoAPI" name="test_get_doc_pack_essential_info" time="0.034" /><testcase classname="backend.tests.test_document_pack_purchase_flow.TestServiceInfoAPI" name="test_get_doc_pack_plus_info" time="0.042" /><testcase classname="backend.tests.test_document_pack_purchase_flow.TestServiceInfoAPI" name="test_get_doc_pack_pro_info" time="0.036" /><testcase classname="backend.tests.test_document_pack_purchase_flow.TestDocumentPacksAPI" name="test_get_all_document_packs" time="0.036" /><testcase classname="backend.tests.test_document_pack_purchase_flow.TestDocumentPacksAPI" name="test_document_packs_have_pricing_variants" time="0.045" /><testcase classname="backend.tests.test_document_pack_purchase_flow.TestDocumentPacksAPI" name="test_document_packs_have_documents_list" time="0.034" /><testcase classname="backend.tests.test_document_pack_purchase_flow.TestIntakeDraftAPI" name="test_create_draft_for_doc_pack_essential" time="0.040" /><testcase classname="backend.tests.test_document_pack_purchase_flow.TestIntakeDraftAPI" name="test_create_draft_for_doc_pack_tenancy" time="0.037" /><testcase classname="backend.tests.test_document_pack_purchase_flow.TestIntakeDraftAPI" name="test_create_draft_for_doc_pack_ultimate" time="0.076" /><testcase classname="backend.tests.test_document_pack_purchase_flow.TestIntakeServicesAPI" name="test_intake_services_includes_doc_packs" time="0.039" /><testcase classname="backend.tests.test_document_pack_purchase_flow.TestIntakeServicesAPI" name="test_intake_packs_returns_addons" time="0.035" /><testcase classname="backend.tests.test_document_pack_purchase_flow.TestDocumentPackOrchestrator" name="test_admin_can_create_document_items" time="0.327" /><testcase classname="backend.tests.test_document_pack_purchase_flow.TestDocumentPackOrchestrator" name="test_admin_can_get_document_items_for_order" time="0.038" /><testcase classname="backend.tests.test_document_pack_purchase_flow.TestWebhookHandlerSimulation" name="test_webhook_endpoint_exists" time="0.036" /><testcase classname="backend.tests.test_document_pack_purchase_flow.TestWebhookHandlerSimulation" name="test_orchestrator_validate_endpoint" time="0.035" /><testcase classname="backend.tests.test_document_pack_purchase_flow.TestStripeAlignment" name="test_validate_stripe_alignment_endpoint" time="0.041" /><testcase classname="backend.tests.test_document_pack_purchase_flow.TestCalculatePriceAPI" name="test_calculate_price_for_doc_pack_essential" time="0.078" /><testcase classname="backend.tests.test_document_pack_purchase_flow.TestCalculatePriceAPI" name="test_calculate_price_with_fast_track_addon" time="0.039" /><testcase classname="backend.tests.test_document_pack_purchase_flow.TestCanonicalOrder" name="test_essential_pack_canonical_order" time="0.040" /><testcase classname="backend.tests.test_document_pack_purchase_flow.TestCanonicalOrder" name="test_plus_pack_inherits_essential" time="0.039" /><testcase classname="backend.tests.test_document_pack_purchase_flow.TestCanonicalOrder" name="test_pro_pack_inherits_all" time="0.038" /><testcase classname="backend.tests.test_document_pack_purchase_flow.TestPackTierValidation" name="test_essential_docs_not_allowed_in_wrong_tier" time="0.039" /></testsuite></testsuites>