<?xml version="1.0" encoding="utf-8"?><testsuites name="pytest tests"><testsuite name="pytest" errors="0" failures="0" skipped="0" tests="29" time="1.861" timestamp="2026-01-21T22:47:12.995019+00:00" hostname="agent-env-91ec51ad-b1e5-49cd-8ed3-e4e2c7dc4aff"><testcase classname="tests.test_iteration27_admin_billing.TestAdminBillingStatistics" name="test_statistics_returns_200" time="0.343" /><testcase classname="tests.test_iteration27_admin_billing.TestAdminBillingStatistics" name="test_statistics_has_entitlement_counts" time="0.044" /><testcase classname="tests.test_iteration27_admin_billing.TestAdminBillingStatistics" name="test_statistics_has_plan_counts" time="0.047" /><testcase classname="tests.test_iteration27_admin_billing.TestAdminBillingStatistics" name="test_statistics_has_clients_needing_attention" time="0.047" /><testcase classname="tests.test_iteration27_admin_billing.TestAdminBillingStatistics" name="test_statistics_requires_admin_auth" time="0.043" /><testcase classname="tests.test_iteration27_admin_billing.TestAdminBillingSearch" name="test_search_returns_200" time="0.040" /><testcase classname="tests.test_iteration27_admin_billing.TestAdminBillingSearch" name="test_search_returns_clients_array" time="0.039" /><testcase classname="tests.test_iteration27_admin_billing.TestAdminBillingSearch" name="test_search_finds_test_client" time="0.044" /><testcase classname="tests.test_iteration27_admin_billing.TestAdminBillingSearch" name="test_search_client_has_required_fields" time="0.039" /><testcase classname="tests.test_iteration27_admin_billing.TestAdminBillingSearch" name="test_search_short_query_returns_empty" time="0.038" /><testcase classname="tests.test_iteration27_admin_billing.TestAdminBillingSnapshot" name="test_snapshot_returns_200" time="0.039" /><testcase classname="tests.test_iteration27_admin_billing.TestAdminBillingSnapshot" name="test_snapshot_has_client_identifiers" time="0.041" /><testcase classname="tests.test_iteration27_admin_billing.TestAdminBillingSnapshot" name="test_snapshot_has_plan_info" time="0.042" /><testcase classname="tests.test_iteration27_admin_billing.TestAdminBillingSnapshot" name="test_snapshot_has_entitlement_status" time="0.045" /><testcase classname="tests.test_iteration27_admin_billing.TestAdminBillingSnapshot" name="test_snapshot_has_stripe_fields" time="0.082" /><testcase classname="tests.test_iteration27_admin_billing.TestAdminBillingSnapshot" name="test_snapshot_has_portal_user" time="0.041" /><testcase classname="tests.test_iteration27_admin_billing.TestAdminBillingSnapshot" name="test_snapshot_404_for_invalid_client" time="0.037" /><testcase classname="tests.test_iteration27_admin_billing.TestAdminBillingSync" name="test_sync_returns_200" time="0.039" /><testcase classname="tests.test_iteration27_admin_billing.TestAdminBillingSync" name="test_sync_handles_no_stripe_customer" time="0.040" /><testcase classname="tests.test_iteration27_admin_billing.TestAdminBillingResendSetup" name="test_resend_setup_returns_200" time="0.071" /><testcase classname="tests.test_iteration27_admin_billing.TestAdminBillingResendSetup" name="test_resend_setup_returns_success" time="0.079" /><testcase classname="tests.test_iteration27_admin_billing.TestAdminBillingResendSetup" name="test_resend_setup_404_for_invalid_client" time="0.042" /><testcase classname="tests.test_iteration27_admin_billing.TestAdminBillingForceProvision" name="test_force_provision_checks_entitlement" time="0.078" /><testcase classname="tests.test_iteration27_admin_billing.TestAdminBillingPortalLink" name="test_portal_link_requires_stripe_customer" time="0.038" /><testcase classname="tests.test_iteration27_admin_billing.TestAdminBillingMessage" name="test_message_returns_200" time="0.060" /><testcase classname="tests.test_iteration27_admin_billing.TestAdminBillingMessage" name="test_message_returns_results" time="0.042" /><testcase classname="tests.test_iteration27_admin_billing.TestAdminBillingMessage" name="test_message_404_for_invalid_client" time="0.037" /><testcase classname="tests.test_iteration27_admin_billing.TestAdminBillingAuditLogging" name="test_sync_creates_audit_log" time="0.088" /><testcase classname="tests.test_iteration27_admin_billing.TestAdminBillingAuditLogging" name="test_resend_setup_creates_audit_log" time="0.124" /></testsuite></testsuites>