<?xml version="1.0" encoding="utf-8"?><testsuites name="pytest tests"><testsuite name="pytest" errors="0" failures="0" skipped="0" tests="20" time="1.137" timestamp="2026-01-25T19:33:15.511437+00:00" hostname="agent-env-d1aff51c-064c-424e-8114-4530971a0f95"><testcase classname="backend.tests.test_clearform_templates_phase_d.TestSystemTemplatesAPI" name="test_get_all_system_templates" time="0.364" /><testcase classname="backend.tests.test_clearform_templates_phase_d.TestSystemTemplatesAPI" name="test_get_templates_filtered_by_document_type" time="0.039" /><testcase classname="backend.tests.test_clearform_templates_phase_d.TestSystemTemplatesAPI" name="test_get_templates_for_formal_letter" time="0.037" /><testcase classname="backend.tests.test_clearform_templates_phase_d.TestTemplatePreFillAPI" name="test_prefill_complaint_template" time="0.040" /><testcase classname="backend.tests.test_clearform_templates_phase_d.TestTemplatePreFillAPI" name="test_prefill_formal_letter_template" time="0.040" /><testcase classname="backend.tests.test_clearform_templates_phase_d.TestTemplatePreFillAPI" name="test_prefill_invalid_template" time="0.040" /><testcase classname="backend.tests.test_clearform_templates_phase_d.TestSmartProfilesAPI" name="test_get_profiles" time="0.038" /><testcase classname="backend.tests.test_clearform_templates_phase_d.TestRulePacksAPI" name="test_get_all_rule_packs" time="0.039" /><testcase classname="backend.tests.test_clearform_templates_phase_d.TestRulePacksAPI" name="test_get_rule_packs_filtered" time="0.039" /><testcase classname="backend.tests.test_clearform_templates_phase_d.TestRulePacksAPI" name="test_get_rule_pack_details" time="0.038" /><testcase classname="backend.tests.test_clearform_templates_phase_d.TestDocumentTypesAPI" name="test_get_document_types" time="0.036" /><testcase classname="backend.tests.test_clearform_templates_phase_d.TestMarketingPages" name="test_homepage_loads" time="0.036" /><testcase classname="backend.tests.test_clearform_templates_phase_d.TestMarketingPages" name="test_about_page_loads" time="0.038" /><testcase classname="backend.tests.test_clearform_templates_phase_d.TestMarketingPages" name="test_services_page_loads" time="0.036" /><testcase classname="backend.tests.test_clearform_templates_phase_d.TestMarketingPages" name="test_pricing_page_loads" time="0.038" /><testcase classname="backend.tests.test_clearform_templates_phase_d.TestMarketingPages" name="test_contact_page_loads" time="0.038" /><testcase classname="backend.tests.test_clearform_templates_phase_d.TestDocumentPackServices" name="test_get_document_pack_services" time="0.037" /><testcase classname="backend.tests.test_clearform_templates_phase_d.TestDocumentPackServices" name="test_get_essential_pack_details" time="0.036" /><testcase classname="backend.tests.test_clearform_templates_phase_d.TestIntakeWizardServices" name="test_get_all_services" time="0.037" /><testcase classname="backend.tests.test_clearform_templates_phase_d.TestIntakeWizardServices" name="test_get_intake_schema" time="0.033" /></testsuite></testsuites>