<?xml version="1.0" encoding="utf-8"?><testsuites name="pytest tests"><testsuite name="pytest" errors="0" failures="0" skipped="8" tests="21" time="0.297" timestamp="2026-01-21T23:04:37.650750+00:00" hostname="agent-env-91ec51ad-b1e5-49cd-8ed3-e4e2c7dc4aff"><testcase classname="tests.test_iteration28_subscription_lifecycle.TestSubscriptionLifecycleEmails" name="test_get_job_status_endpoint_exists" time="0.106"><skipped type="pytest.skip" message="Admin login failed: 404 - {&quot;detail&quot;:&quot;Not Found&quot;}">/app/tests/test_iteration28_subscription_lifecycle.py:49: Admin login failed: 404 - {"detail":"Not Found"}</skipped></testcase><testcase classname="tests.test_iteration28_subscription_lifecycle.TestSubscriptionLifecycleEmails" name="test_job_status_contains_job_types" time="0.000"><skipped type="pytest.skip" message="Admin login failed: 404 - {&quot;detail&quot;:&quot;Not Found&quot;}">/app/tests/test_iteration28_subscription_lifecycle.py:76: Admin login failed: 404 - {"detail":"Not Found"}</skipped></testcase><testcase classname="tests.test_iteration28_subscription_lifecycle.TestSubscriptionLifecycleEmails" name="test_trigger_renewal_reminders_endpoint_exists" time="0.000"><skipped type="pytest.skip" message="Admin login failed: 404 - {&quot;detail&quot;:&quot;Not Found&quot;}">/app/tests/test_iteration28_subscription_lifecycle.py:108: Admin login failed: 404 - {"detail":"Not Found"}</skipped></testcase><testcase classname="tests.test_iteration28_subscription_lifecycle.TestSubscriptionLifecycleEmails" name="test_renewal_reminders_requires_admin_auth" time="0.043" /><testcase classname="tests.test_iteration28_subscription_lifecycle.TestSubscriptionLifecycleEmails" name="test_job_status_requires_admin_auth" time="0.042" /><testcase classname="tests.test_iteration28_subscription_lifecycle.TestSubscriptionLifecycleEmails" name="test_email_templates_endpoint_has_lifecycle_templates" time="0.000"><skipped type="pytest.skip" message="Admin login failed: 404 - {&quot;detail&quot;:&quot;Not Found&quot;}">/app/tests/test_iteration28_subscription_lifecycle.py:156: Admin login failed: 404 - {"detail":"Not Found"}</skipped></testcase><testcase classname="tests.test_iteration28_subscription_lifecycle.TestSubscriptionLifecycleEmails" name="test_billing_statistics_includes_entitlement_counts" time="0.001"><skipped type="pytest.skip" message="Admin login failed: 404 - {&quot;detail&quot;:&quot;Not Found&quot;}">/app/tests/test_iteration28_subscription_lifecycle.py:193: Admin login failed: 404 - {"detail":"Not Found"}</skipped></testcase><testcase classname="tests.test_iteration28_subscription_lifecycle.TestSubscriptionLifecycleEmails" name="test_job_blocking_message_format" time="0.000"><skipped type="pytest.skip" message="Admin login failed: 404 - {&quot;detail&quot;:&quot;Not Found&quot;}">/app/tests/test_iteration28_subscription_lifecycle.py:220: Admin login failed: 404 - {"detail":"Not Found"}</skipped></testcase><testcase classname="tests.test_iteration28_subscription_lifecycle.TestEmailServiceMethods" name="test_email_service_methods_exist_in_code" time="0.000" /><testcase classname="tests.test_iteration28_subscription_lifecycle.TestEmailServiceMethods" name="test_email_template_aliases_exist_in_models" time="0.000" /><testcase classname="tests.test_iteration28_subscription_lifecycle.TestStripeWebhookEmailIntegration" name="test_checkout_completed_sends_payment_received_email" time="0.000" /><testcase classname="tests.test_iteration28_subscription_lifecycle.TestStripeWebhookEmailIntegration" name="test_payment_failed_sends_email" time="0.000" /><testcase classname="tests.test_iteration28_subscription_lifecycle.TestStripeWebhookEmailIntegration" name="test_subscription_deleted_sends_canceled_email" time="0.000" /><testcase classname="tests.test_iteration28_subscription_lifecycle.TestBackgroundJobsEntitlementCheck" name="test_daily_reminders_checks_entitlement" time="0.000" /><testcase classname="tests.test_iteration28_subscription_lifecycle.TestBackgroundJobsEntitlementCheck" name="test_monthly_digests_checks_entitlement" time="0.000" /><testcase classname="tests.test_iteration28_subscription_lifecycle.TestBackgroundJobsEntitlementCheck" name="test_compliance_check_checks_entitlement" time="0.000" /><testcase classname="tests.test_iteration28_subscription_lifecycle.TestBackgroundJobsEntitlementCheck" name="test_renewal_reminders_checks_entitlement" time="0.000" /><testcase classname="tests.test_iteration28_subscription_lifecycle.TestBackgroundJobsEntitlementCheck" name="test_scheduled_reports_checks_entitlement" time="0.000" /><testcase classname="tests.test_iteration28_subscription_lifecycle.TestAdminBillingJobEndpoints" name="test_job_endpoints_exist_in_admin_billing_routes" time="0.000" /><testcase classname="tests.test_iteration28_subscription_lifecycle.TestAdminBillingJobEndpoints" name="test_job_status_returns_all_required_fields" time="0.045"><skipped type="pytest.skip" message="Admin login failed: 404">/app/tests/test_iteration28_subscription_lifecycle.py:443: Admin login failed: 404</skipped></testcase><testcase classname="tests.test_iteration28_subscription_lifecycle.TestAdminBillingJobEndpoints" name="test_renewal_reminders_creates_audit_log" time="0.000"><skipped type="pytest.skip" message="Admin login failed: 404">/app/tests/test_iteration28_subscription_lifecycle.py:473: Admin login failed: 404</skipped></testcase></testsuite></testsuites>