<?xml version="1.0" encoding="utf-8"?><testsuites name="pytest tests"><testsuite name="pytest" errors="0" failures="0" skipped="0" tests="10" time="2.661" timestamp="2026-01-25T17:23:32.990703+00:00" hostname="agent-env-f400fb17-fe8d-4371-9f17-48c8b0b86644"><testcase classname="backend.tests.test_clearform_admin_pricing.TestClearFormAdminEndpoints" name="test_clearform_admin_stats" time="0.350" /><testcase classname="backend.tests.test_clearform_admin_pricing.TestClearFormAdminEndpoints" name="test_clearform_admin_users" time="0.304" /><testcase classname="backend.tests.test_clearform_admin_pricing.TestClearFormAdminEndpoints" name="test_clearform_admin_documents" time="0.302" /><testcase classname="backend.tests.test_clearform_admin_pricing.TestClearFormAdminEndpoints" name="test_clearform_admin_requires_auth" time="0.379" /><testcase classname="backend.tests.test_clearform_admin_pricing.TestClearFormUserEndpoints" name="test_clearform_vault_endpoint" time="0.305" /><testcase classname="backend.tests.test_clearform_admin_pricing.TestClearFormUserEndpoints" name="test_clearform_credits_wallet" time="0.306" /><testcase classname="backend.tests.test_clearform_admin_pricing.TestClearFormUserEndpoints" name="test_clearform_credit_packages" time="0.296" /><testcase classname="backend.tests.test_clearform_admin_pricing.TestHealthAndBasicEndpoints" name="test_health_endpoint" time="0.037" /><testcase classname="backend.tests.test_clearform_admin_pricing.TestHealthAndBasicEndpoints" name="test_clearform_document_types" time="0.036" /><testcase classname="backend.tests.test_clearform_admin_pricing.TestPricingDataValidation" name="test_credit_package_prices" time="0.299" /></testsuite></testsuites>