<?xml version="1.0" encoding="utf-8"?><testsuites name="pytest tests"><testsuite name="pytest" errors="0" failures="1" skipped="0" tests="16" time="9.026" timestamp="2026-01-20T00:20:21.875421+00:00" hostname="agent-env-2a9eb7e0-0e1f-4bcd-8dbf-1bdd75151f04"><testcase classname="tests.test_ai_document_scanner.TestDocumentUpload" name="test_upload_document_success" time="0.387" /><testcase classname="tests.test_ai_document_scanner.TestDocumentUpload" name="test_upload_document_missing_property" time="0.046" /><testcase classname="tests.test_ai_document_scanner.TestDocumentAnalysis" name="test_analyze_document_endpoint_exists" time="0.012" /><testcase classname="tests.test_ai_document_scanner.TestDocumentAnalysis" name="test_analyze_document_requires_auth" time="0.050" /><testcase classname="tests.test_ai_document_scanner.TestDocumentAnalysis" name="test_get_document_extraction_endpoint" time="0.011" /><testcase classname="tests.test_ai_document_scanner.TestApplyExtraction" name="test_apply_extraction_endpoint_exists" time="0.011" /><testcase classname="tests.test_ai_document_scanner.TestApplyExtraction" name="test_apply_extraction_requires_auth" time="0.051" /><testcase classname="tests.test_ai_document_scanner.TestRejectExtraction" name="test_reject_extraction_endpoint_exists" time="0.011" /><testcase classname="tests.test_ai_document_scanner.TestRejectExtraction" name="test_reject_extraction_requires_auth" time="0.009" /><testcase classname="tests.test_ai_document_scanner.TestDocumentDetails" name="test_document_details_endpoint_exists" time="0.052" /><testcase classname="tests.test_ai_document_scanner.TestDocumentDetails" name="test_document_details_requires_auth" time="0.010" /><testcase classname="tests.test_ai_document_scanner.TestBulkUpload" name="test_bulk_upload_endpoint_exists" time="0.048" /><testcase classname="tests.test_ai_document_scanner.TestDocumentListAndRetrieval" name="test_get_documents_list" time="0.011" /><testcase classname="tests.test_ai_document_scanner.TestEndToEndDocumentFlow" name="test_full_document_workflow" time="8.019"><failure message="AssertionError: Apply extraction failed: {&quot;detail&quot;:&quot;Document has not been analyzed yet&quot;}&#10;assert 400 == 200&#10; +  where 400 = &lt;Response [400]&gt;.status_code">tests/test_ai_document_scanner.py:384: in test_full_document_workflow
    assert apply_response.status_code == 200, f"Apply extraction failed: {apply_response.text}"
E   AssertionError: Apply extraction failed: {"detail":"Document has not been analyzed yet"}
E   assert 400 == 200
E    +  where 400 = &lt;Response [400]&gt;.status_code</failure></testcase><testcase classname="tests.test_ai_document_scanner.TestRejectExtractionFlow" name="test_reject_extraction_workflow" time="0.102" /><testcase classname="tests.test_ai_document_scanner.TestDocumentTypeDetection" name="test_gas_safety_filename_detection" time="0.131" /></testsuite></testsuites>